#
# There is insufficient memory for the Java Runtime Environment to continue.
# Native memory allocation (mmap) failed to map 50331648 bytes for committing reserved memory.
# Possible reasons:
#   The system is out of physical RAM or swap space
#   The process is running with CompressedOops enabled, and the Java Heap may be blocking the growth of the native heap
# Possible solutions:
#   Reduce memory load on the system
#   Increase physical memory or swap space
#   Check if swap backing store is full
#   Decrease Java heap size (-Xmx/-Xms)
#   Decrease number of Java threads
#   Decrease Java thread stack sizes (-Xss)
#   Set larger code cache with -XX:ReservedCodeCacheSize=
#   JVM is running with Unscaled Compressed Oops mode in which the Java heap is
#     placed in the first 4GB address space. The Java Heap base address is the
#     maximum limit for the native heap growth. Please use -XX:HeapBaseMinAddress
#     to set the Java Heap base and to place the Java Heap above 4GB virtual address.
# This output file may be truncated or incomplete.
#
#  Out of Memory Error (os_linux.cpp:2753), pid=5843, tid=0x00007c0985cfc700
#
# JRE version: OpenJDK Runtime Environment (8.0_212) (build 1.8.0_212-release-1586-b4-5784211)
# Java VM: OpenJDK 64-Bit Server VM (25.212-b4-5784211 mixed mode linux-amd64 compressed oops)
# Failed to write core dump. Core dumps have been disabled. To enable core dumping, try "ulimit -c unlimited" before starting Java again
#

---------------  T H R E A D  ---------------

Current thread (0x00007c0998078000):  VMThread [stack: 0x00007c0985bfd000,0x00007c0985cfd000] [id=5852]

Stack: [0x00007c0985bfd000,0x00007c0985cfd000],  sp=0x00007c0985cfb490,  free space=1017k
Native frames: (J=compiled Java code, j=interpreted, Vv=VM code, C=native code)
V  [libjvm.so+0xa0b42d]  VMError::report_and_die()+0x15d
V  [libjvm.so+0x4d48ca]  report_vm_out_of_memory(char const*, int, unsigned long, VMErrorType, char const*)+0x8a
V  [libjvm.so+0x871e08]  os::pd_commit_memory(char*, unsigned long, unsigned long, bool)+0xd8
V  [libjvm.so+0x8696df]  os::commit_memory(char*, unsigned long, unsigned long, bool)+0x1f
V  [libjvm.so+0x8e36cb]  PSVirtualSpace::expand_by(unsigned long)+0x5b
V  [libjvm.so+0x8e4320]  PSYoungGen::resize_generation(unsigned long, unsigned long)+0xb0
V  [libjvm.so+0x8e463b]  PSYoungGen::resize(unsigned long, unsigned long)+0x1b
V  [libjvm.so+0x8e0d4c]  PSScavenge::invoke_no_policy()+0xdac
V  [libjvm.so+0x8e1528]  PSScavenge::invoke()+0x38
V  [libjvm.so+0x895723]  ParallelScavengeHeap::failed_mem_allocate(unsigned long)+0x63
V  [libjvm.so+0xa0cf54]  VM_ParallelGCFailedAllocation::doit()+0x84
V  [libjvm.so+0xa113a7]  VM_Operation::evaluate()+0x47
V  [libjvm.so+0xa0fda8]  VMThread::evaluate_operation(VM_Operation*)+0x218
V  [libjvm.so+0xa10209]  VMThread::loop()+0x219
V  [libjvm.so+0xa10652]  VMThread::run()+0x72
V  [libjvm.so+0x86ef12]  java_start(Thread*)+0xf2

VM_Operation (0x00007c094ccf4470): ParallelGCFailedAllocation, mode: safepoint, requested by thread 0x00007c093800c800


---------------  P R O C E S S  ---------------

Java Threads: ( => current thread )
  0x00007c093411b000 JavaThread "Cache worker for journal cache (/home/mattmanns73/.gradle/caches/journal-1)" [_thread_blocked, id=5875, stack(0x00007c094c3f5000,0x00007c094c4f6000)]
  0x00007c0934118000 JavaThread "File lock request listener" [_thread_in_native, id=5874, stack(0x00007c094c4f6000,0x00007c094c5f7000)]
  0x00007c0934112000 JavaThread "Cache worker for file hash cache (/home/mattmanns73/.gradle/caches/5.6.4/fileHashes)" [_thread_blocked, id=5873, stack(0x00007c094c5f7000,0x00007c094c6f8000)]
  0x00007c0934011000 JavaThread "Thread-9" [_thread_blocked, id=5872, stack(0x00007c094c6f8000,0x00007c094c7f9000)]
  0x00007c0934008000 JavaThread "Stdin handler" [_thread_blocked, id=5871, stack(0x00007c094c9f9000,0x00007c094cafa000)]
  0x00007c0934006800 JavaThread "Asynchronous log dispatcher for DefaultDaemonConnection: socket connection from /127.0.0.1:43315 to /127.0.0.1:53888" [_thread_blocked, id=5870, stack(0x00007c094cafa000,0x00007c094cbfb000)]
  0x00007c093800c800 JavaThread "Daemon worker" [_thread_blocked, id=5867, stack(0x00007c094cbfb000,0x00007c094ccfc000)]
  0x00007c093800a800 JavaThread "Cancel handler" [_thread_blocked, id=5866, stack(0x00007c094ccfc000,0x00007c094cdfd000)]
  0x00007c0938006000 JavaThread "Handler for socket connection from /127.0.0.1:43315 to /127.0.0.1:53888" [_thread_in_native, id=5865, stack(0x00007c094cdfd000,0x00007c094cefe000)]
  0x00007c094002b800 JavaThread "Daemon" [_thread_blocked, id=5864, stack(0x00007c094cefe000,0x00007c094cfff000)]
  0x00007c0999279800 JavaThread "Daemon periodic checks" [_thread_blocked, id=5863, stack(0x00007c09840de000,0x00007c09841df000)]
  0x00007c0999257800 JavaThread "Incoming local TCP Connector on port 43315" [_thread_in_native, id=5862, stack(0x00007c09841e6000,0x00007c09842e7000)]
  0x00007c09991dc000 JavaThread "Daemon health stats" [_thread_blocked, id=5861, stack(0x00007c09844eb000,0x00007c09845ec000)]
  0x00007c09980c0800 JavaThread "Service Thread" daemon [_thread_blocked, id=5859, stack(0x00007c0985210000,0x00007c0985311000)]
  0x00007c09980bd800 JavaThread "C1 CompilerThread2" daemon [_thread_blocked, id=5858, stack(0x00007c0985312000,0x00007c0985412000)]
  0x00007c09980bb800 JavaThread "C2 CompilerThread1" daemon [_thread_in_native, id=5857, stack(0x00007c0985413000,0x00007c0985513000)]
  0x00007c09980b8800 JavaThread "C2 CompilerThread0" daemon [_thread_in_native, id=5856, stack(0x00007c0985514000,0x00007c0985614000)]
  0x00007c09980b4800 JavaThread "Signal Dispatcher" daemon [_thread_blocked, id=5855, stack(0x00007c0985614000,0x00007c0985715000)]
  0x00007c0998084000 JavaThread "Finalizer" daemon [_thread_blocked, id=5854, stack(0x00007c09859fa000,0x00007c0985afb000)]
  0x00007c0998081800 JavaThread "Reference Handler" daemon [_thread_blocked, id=5853, stack(0x00007c0985afb000,0x00007c0985bfc000)]
  0x00007c099800a800 JavaThread "main" [_thread_blocked, id=5847, stack(0x00007c099e8e0000,0x00007c099e9e0000)]

Other Threads:
=>0x00007c0998078000 VMThread [stack: 0x00007c0985bfd000,0x00007c0985cfd000] [id=5852]
  0x00007c09980c3000 WatcherThread [stack: 0x00007c0985110000,0x00007c0985210000] [id=5860]

VM state:at safepoint (normal execution)

VM Mutex/Monitor currently owned by a thread:  ([mutex/lock_event])
[0x00007c0998007e00] Threads_lock - owner thread: 0x00007c0998078000
[0x00007c0998008300] Heap_lock - owner thread: 0x00007c093800c800

heap address: 0x00000000a0000000, size: 1536 MB, Compressed Oops mode: 32-bit
Narrow klass base: 0x0000000000000000, Narrow klass shift: 3
Compressed class space size: 1073741824 Address: 0x0000000100000000

Heap:
 PSYoungGen      total 51200K, used 5098K [0x00000000e0000000, 0x00000000e3800000, 0x0000000100000000)
  eden space 46080K, 0% used [0x00000000e0000000,0x00000000e0000000,0x00000000e2d00000)
  from space 5120K, 99% used [0x00000000e2d00000,0x00000000e31fa988,0x00000000e3200000)
  to   space 4096K, 0% used [0x00000000e3200000,0x00000000e3200000,0x00000000e3600000)
 ParOldGen       total 30208K, used 8393K [0x00000000a0000000, 0x00000000a1d80000, 0x00000000e0000000)
  object space 30208K, 27% used [0x00000000a0000000,0x00000000a0832740,0x00000000a1d80000)
 Metaspace       used 16536K, capacity 17030K, committed 17152K, reserved 1064960K
  class space    used 2369K, capacity 2529K, committed 2560K, reserved 1048576K

Card table byte_map: [0x00007c099e19c000,0x00007c099e49d000] byte_map_base: 0x00007c099dc9c000

Marking Bits: (ParMarkBitMap*) 0x00007c099f8706e0
 Begin Bits: [0x00007c0986000000, 0x00007c0987800000)
 End Bits:   [0x00007c0987800000, 0x00007c0989000000)

Polling page: 0x00007c099faa9000

CodeCache: size=245760Kb used=4663Kb max_used=4663Kb free=241096Kb
 bounds [0x00007c0989000000, 0x00007c09894a0000, 0x00007c0998000000]
 total_blobs=1793 nmethods=1404 adapters=303
 compilation: enabled

Compilation events (10 events):
Event: 4.524 Thread 0x00007c09980bd800 1408       3       org.objectweb.asm.SymbolTable::get (13 bytes)
Event: 4.524 Thread 0x00007c09980bd800 nmethod 1408 0x00007c0989489190 code [0x00007c0989489300, 0x00007c0989489490]
Event: 4.524 Thread 0x00007c09980bd800 1409       3       java.util.ArrayList::toArray (60 bytes)
Event: 4.524 Thread 0x00007c09980bd800 nmethod 1409 0x00007c0989489590 code [0x00007c0989489720, 0x00007c0989489cb8]
Event: 4.651 Thread 0x00007c09980bd800 1410       3       java.util.concurrent.locks.ReentrantLock$Sync::nonfairTryAcquire (67 bytes)
Event: 4.652 Thread 0x00007c09980bd800 nmethod 1410 0x00007c098948a010 code [0x00007c098948a1c0, 0x00007c098948a8e8]
Event: 4.665 Thread 0x00007c09980bd800 1411   !   3       org.gradle.internal.classloader.TransformingClassLoader::findClass (203 bytes)
Event: 4.670 Thread 0x00007c09980bd800 nmethod 1411 0x00007c098948aa90 code [0x00007c098948af60, 0x00007c098948dcf8]
Event: 4.670 Thread 0x00007c09980bd800 1412       3       org.gradle.initialization.MixInLegacyTypesClassLoader::shouldTransform (42 bytes)
Event: 4.671 Thread 0x00007c09980bd800 nmethod 1412 0x00007c098948f950 code [0x00007c098948fae0, 0x00007c098948ff38]

GC Heap History (10 events):
Event: 1.761 GC heap after
Heap after GC invocations=2 (full 0):
 PSYoungGen      total 13312K, used 1508K [0x00000000e0000000, 0x00000000e1a00000, 0x0000000100000000)
  eden space 11776K, 0% used [0x00000000e0000000,0x00000000e0000000,0x00000000e0b80000)
  from space 1536K, 98% used [0x00000000e0d00000,0x00000000e0e79058,0x00000000e0e80000)
  to   space 1536K, 0% used [0x00000000e0b80000,0x00000000e0b80000,0x00000000e0d00000)
 ParOldGen       total 30208K, used 1460K [0x00000000a0000000, 0x00000000a1d80000, 0x00000000e0000000)
  object space 30208K, 4% used [0x00000000a0000000,0x00000000a016d160,0x00000000a1d80000)
 Metaspace       used 6201K, capacity 6384K, committed 6528K, reserved 1056768K
  class space    used 762K, capacity 812K, committed 896K, reserved 1048576K
}
Event: 2.070 GC heap before
{Heap before GC invocations=3 (full 0):
 PSYoungGen      total 13312K, used 13284K [0x00000000e0000000, 0x00000000e1a00000, 0x0000000100000000)
  eden space 11776K, 100% used [0x00000000e0000000,0x00000000e0b80000,0x00000000e0b80000)
  from space 1536K, 98% used [0x00000000e0d00000,0x00000000e0e79058,0x00000000e0e80000)
  to   space 1536K, 0% used [0x00000000e0b80000,0x00000000e0b80000,0x00000000e0d00000)
 ParOldGen       total 30208K, used 1460K [0x00000000a0000000, 0x00000000a1d80000, 0x00000000e0000000)
  object space 30208K, 4% used [0x00000000a0000000,0x00000000a016d160,0x00000000a1d80000)
 Metaspace       used 6610K, capacity 6832K, committed 7040K, reserved 1056768K
  class space    used 809K, capacity 876K, committed 896K, reserved 1048576K
Event: 2.076 GC heap after
Heap after GC invocations=3 (full 0):
 PSYoungGen      total 13312K, used 1536K [0x00000000e0000000, 0x00000000e1a00000, 0x0000000100000000)
  eden space 11776K, 0% used [0x00000000e0000000,0x00000000e0000000,0x00000000e0b80000)
  from space 1536K, 100% used [0x00000000e0b80000,0x00000000e0d00000,0x00000000e0d00000)
  to   space 1536K, 0% used [0x00000000e1880000,0x00000000e1880000,0x00000000e1a00000)
 ParOldGen       total 30208K, used 2034K [0x00000000a0000000, 0x00000000a1d80000, 0x00000000e0000000)
  object space 30208K, 6% used [0x00000000a0000000,0x00000000a01fc900,0x00000000a1d80000)
 Metaspace       used 6610K, capacity 6832K, committed 7040K, reserved 1056768K
  class space    used 809K, capacity 876K, committed 896K, reserved 1048576K
}
Event: 2.502 GC heap before
{Heap before GC invocations=4 (full 0):
 PSYoungGen      total 13312K, used 13312K [0x00000000e0000000, 0x00000000e1a00000, 0x0000000100000000)
  eden space 11776K, 100% used [0x00000000e0000000,0x00000000e0b80000,0x00000000e0b80000)
  from space 1536K, 100% used [0x00000000e0b80000,0x00000000e0d00000,0x00000000e0d00000)
  to   space 1536K, 0% used [0x00000000e1880000,0x00000000e1880000,0x00000000e1a00000)
 ParOldGen       total 30208K, used 2034K [0x00000000a0000000, 0x00000000a1d80000, 0x00000000e0000000)
  object space 30208K, 6% used [0x00000000a0000000,0x00000000a01fc900,0x00000000a1d80000)
 Metaspace       used 6798K, capacity 7080K, committed 7424K, reserved 1056768K
  class space    used 832K, capacity 916K, committed 1024K, reserved 1048576K
Event: 2.509 GC heap after
Heap after GC invocations=4 (full 0):
 PSYoungGen      total 25088K, used 1504K [0x00000000e0000000, 0x00000000e1a00000, 0x0000000100000000)
  eden space 23552K, 0% used [0x00000000e0000000,0x00000000e0000000,0x00000000e1700000)
  from space 1536K, 97% used [0x00000000e1880000,0x00000000e19f8020,0x00000000e1a00000)
  to   space 1536K, 0% used [0x00000000e1700000,0x00000000e1700000,0x00000000e1880000)
 ParOldGen       total 30208K, used 3127K [0x00000000a0000000, 0x00000000a1d80000, 0x00000000e0000000)
  object space 30208K, 10% used [0x00000000a0000000,0x00000000a030de18,0x00000000a1d80000)
 Metaspace       used 6798K, capacity 7080K, committed 7424K, reserved 1056768K
  class space    used 832K, capacity 916K, committed 1024K, reserved 1048576K
}
Event: 2.915 GC heap before
{Heap before GC invocations=5 (full 0):
 PSYoungGen      total 25088K, used 25056K [0x00000000e0000000, 0x00000000e1a00000, 0x0000000100000000)
  eden space 23552K, 100% used [0x00000000e0000000,0x00000000e1700000,0x00000000e1700000)
  from space 1536K, 97% used [0x00000000e1880000,0x00000000e19f8020,0x00000000e1a00000)
  to   space 1536K, 0% used [0x00000000e1700000,0x00000000e1700000,0x00000000e1880000)
 ParOldGen       total 30208K, used 3127K [0x00000000a0000000, 0x00000000a1d80000, 0x00000000e0000000)
  object space 30208K, 10% used [0x00000000a0000000,0x00000000a030de18,0x00000000a1d80000)
 Metaspace       used 9498K, capacity 9758K, committed 9856K, reserved 1058816K
  class space    used 1270K, capacity 1357K, committed 1408K, reserved 1048576K
Event: 2.936 GC heap after
Heap after GC invocations=5 (full 0):
 PSYoungGen      total 25088K, used 1504K [0x00000000e0000000, 0x00000000e3600000, 0x0000000100000000)
  eden space 23552K, 0% used [0x00000000e0000000,0x00000000e0000000,0x00000000e1700000)
  from space 1536K, 97% used [0x00000000e1700000,0x00000000e1878020,0x00000000e1880000)
  to   space 4096K, 0% used [0x00000000e3200000,0x00000000e3200000,0x00000000e3600000)
 ParOldGen       total 30208K, used 5508K [0x00000000a0000000, 0x00000000a1d80000, 0x00000000e0000000)
  object space 30208K, 18% used [0x00000000a0000000,0x00000000a05613d8,0x00000000a1d80000)
 Metaspace       used 9498K, capacity 9758K, committed 9856K, reserved 1058816K
  class space    used 1270K, capacity 1357K, committed 1408K, reserved 1048576K
}
Event: 3.545 GC heap before
{Heap before GC invocations=6 (full 0):
 PSYoungGen      total 25088K, used 25056K [0x00000000e0000000, 0x00000000e3600000, 0x0000000100000000)
  eden space 23552K, 100% used [0x00000000e0000000,0x00000000e1700000,0x00000000e1700000)
  from space 1536K, 97% used [0x00000000e1700000,0x00000000e1878020,0x00000000e1880000)
  to   space 4096K, 0% used [0x00000000e3200000,0x00000000e3200000,0x00000000e3600000)
 ParOldGen       total 30208K, used 5508K [0x00000000a0000000, 0x00000000a1d80000, 0x00000000e0000000)
  object space 30208K, 18% used [0x00000000a0000000,0x00000000a05613d8,0x00000000a1d80000)
 Metaspace       used 12658K, capacity 13074K, committed 13184K, reserved 1060864K
  class space    used 1742K, capacity 1865K, committed 1920K, reserved 1048576K
Event: 3.558 GC heap after
Heap after GC invocations=6 (full 0):
 PSYoungGen      total 50176K, used 4075K [0x00000000e0000000, 0x00000000e3800000, 0x0000000100000000)
  eden space 46080K, 0% used [0x00000000e0000000,0x00000000e0000000,0x00000000e2d00000)
  from space 4096K, 99% used [0x00000000e3200000,0x00000000e35faf10,0x00000000e3600000)
  to   space 5120K, 0% used [0x00000000e2d00000,0x00000000e2d00000,0x00000000e3200000)
 ParOldGen       total 30208K, used 5922K [0x00000000a0000000, 0x00000000a1d80000, 0x00000000e0000000)
  object space 30208K, 19% used [0x00000000a0000000,0x00000000a05c89e8,0x00000000a1d80000)
 Metaspace       used 12658K, capacity 13074K, committed 13184K, reserved 1060864K
  class space    used 1742K, capacity 1865K, committed 1920K, reserved 1048576K
}
Event: 4.718 GC heap before
{Heap before GC invocations=7 (full 0):
 PSYoungGen      total 50176K, used 50155K [0x00000000e0000000, 0x00000000e3800000, 0x0000000100000000)
  eden space 46080K, 100% used [0x00000000e0000000,0x00000000e2d00000,0x00000000e2d00000)
  from space 4096K, 99% used [0x00000000e3200000,0x00000000e35faf10,0x00000000e3600000)
  to   space 5120K, 0% used [0x00000000e2d00000,0x00000000e2d00000,0x00000000e3200000)
 ParOldGen       total 30208K, used 5922K [0x00000000a0000000, 0x00000000a1d80000, 0x00000000e0000000)
  object space 30208K, 19% used [0x00000000a0000000,0x00000000a05c89e8,0x00000000a1d80000)
 Metaspace       used 16536K, capacity 17030K, committed 17152K, reserved 1064960K
  class space    used 2369K, capacity 2529K, committed 2560K, reserved 1048576K

Deoptimization events (10 events):
Event: 3.196 Thread 0x00007c0938006000 Uncommon trap: reason=null_check action=make_not_entrant pc=0x00007c098937d168 method=java.lang.StringCoding.deref(Ljava/lang/ThreadLocal;)Ljava/lang/Object; @ 4
Event: 3.251 Thread 0x00007c093800c800 Uncommon trap: reason=bimorphic action=maybe_recompile pc=0x00007c0989257130 method=java.util.HashMap.putVal(ILjava/lang/Object;Ljava/lang/Object;ZZ)Ljava/lang/Object; @ 203
Event: 3.251 Thread 0x00007c093800c800 Uncommon trap: reason=bimorphic action=maybe_recompile pc=0x00007c0989257130 method=java.util.HashMap.putVal(ILjava/lang/Object;Ljava/lang/Object;ZZ)Ljava/lang/Object; @ 203
Event: 3.251 Thread 0x00007c093800c800 Uncommon trap: reason=bimorphic action=maybe_recompile pc=0x00007c0989257130 method=java.util.HashMap.putVal(ILjava/lang/Object;Ljava/lang/Object;ZZ)Ljava/lang/Object; @ 203
Event: 3.606 Thread 0x00007c093800c800 Uncommon trap: reason=class_check action=maybe_recompile pc=0x00007c098929c88c method=java.util.regex.Matcher.match(II)Z @ 86
Event: 3.616 Thread 0x00007c093800c800 Uncommon trap: reason=class_check action=maybe_recompile pc=0x00007c098929c88c method=java.util.regex.Matcher.match(II)Z @ 86
Event: 3.617 Thread 0x00007c093800c800 Uncommon trap: reason=class_check action=maybe_recompile pc=0x00007c098929c88c method=java.util.regex.Matcher.match(II)Z @ 86
Event: 3.617 Thread 0x00007c093800c800 Uncommon trap: reason=class_check action=maybe_recompile pc=0x00007c0989268bd4 method=java.util.regex.Matcher.match(II)Z @ 86
Event: 4.068 Thread 0x00007c093800c800 Uncommon trap: reason=unstable_if action=reinterpret pc=0x00007c09893e2b94 method=java.lang.String.lastIndexOf([CII[CIII)I @ 66
Event: 4.346 Thread 0x00007c093800c800 Uncommon trap: reason=unstable_if action=reinterpret pc=0x00007c09893d9948 method=java.util.HashMap.putVal(ILjava/lang/Object;Ljava/lang/Object;ZZ)Ljava/lang/Object; @ 236

Classes redefined (0 events):
No events

Internal exceptions (10 events):
Event: 3.185 Thread 0x00007c0938006000 Exception <a 'java/lang/NoSuchMethodError': <clinit>> (0x00000000e0522138) thrown at [/buildbot/src/googleplex-android/openjdk/out/hotspot/src/share/vm/prims/jni.cpp, line 1614]
Event: 3.185 Thread 0x00007c0938006000 Exception <a 'java/lang/NoSuchMethodError': <clinit>> (0x00000000e052adc8) thrown at [/buildbot/src/googleplex-android/openjdk/out/hotspot/src/share/vm/prims/jni.cpp, line 1614]
Event: 3.186 Thread 0x00007c0938006000 Exception <a 'java/lang/NoSuchMethodError': <clinit>> (0x00000000e05413d8) thrown at [/buildbot/src/googleplex-android/openjdk/out/hotspot/src/share/vm/prims/jni.cpp, line 1614]
Event: 3.196 Thread 0x00007c0938006000 Implicit null exception at 0x00007c098937d04f to 0x00007c098937d15d
Event: 3.199 Thread 0x00007c0938006000 Exception <a 'java/lang/NoSuchMethodError': <clinit>> (0x00000000e05a8f40) thrown at [/buildbot/src/googleplex-android/openjdk/out/hotspot/src/share/vm/prims/jni.cpp, line 1614]
Event: 3.202 Thread 0x00007c0938006000 Exception <a 'java/lang/NoSuchMethodError': <clinit>> (0x00000000e05d5a08) thrown at [/buildbot/src/googleplex-android/openjdk/out/hotspot/src/share/vm/prims/jni.cpp, line 1614]
Event: 3.204 Thread 0x00007c0938006000 Exception <a 'java/lang/NoSuchMethodError': <clinit>> (0x00000000e05f0f28) thrown at [/buildbot/src/googleplex-android/openjdk/out/hotspot/src/share/vm/prims/jni.cpp, line 1614]
Event: 4.003 Thread 0x00007c093800c800 Exception <a 'java/lang/NoSuchMethodError': java.lang.Object.lambda$and$0(Ljava/util/function/Predicate;Ljava/lang/Object;)Z> (0x00000000e1b63f10) thrown at [/buildbot/src/googleplex-android/openjdk/out/hotspot/src/share/vm/interpreter/linkResolver.cpp, l
Event: 4.022 Thread 0x00007c093800c800 Exception <a 'java/lang/IncompatibleClassChangeError': Found class java.lang.Object, but interface was expected> (0x00000000e1b7a290) thrown at [/buildbot/src/googleplex-android/openjdk/out/hotspot/src/share/vm/interpreter/linkResolver.cpp, line 653]
Event: 4.026 Thread 0x00007c093800c800 Exception <a 'java/lang/NoSuchMethodError': java.lang.Object.lambda$or$2(Ljava/util/function/Predicate;Ljava/lang/Object;)Z> (0x00000000e1b7f1a0) thrown at [/buildbot/src/googleplex-android/openjdk/out/hotspot/src/share/vm/interpreter/linkResolver.cpp, li

Events (10 events):
Event: 4.713 loading class org/gradle/internal/resource/transfer/DefaultExternalResourceConnector$NoOpStats done
Event: 4.713 loading class org/gradle/api/internal/artifacts/ivyservice/resolutionstrategy/DefaultExternalResourceCachePolicy
Event: 4.713 loading class org/gradle/api/internal/artifacts/ivyservice/resolutionstrategy/DefaultExternalResourceCachePolicy done
Event: 4.714 loading class org/gradle/internal/resource/transport/ResourceConnectorRepositoryTransport
Event: 4.714 loading class org/gradle/internal/resource/transport/ResourceConnectorRepositoryTransport done
Event: 4.714 loading class org/gradle/internal/resource/transport/AbstractRepositoryTransport
Event: 4.714 loading class org/gradle/internal/resource/transport/AbstractRepositoryTransport done
Event: 4.714 loading class org/gradle/internal/resource/transfer/CacheAwareExternalResourceAccessor
Event: 4.714 loading class org/gradle/internal/resource/transfer/CacheAwareExternalResourceAccessor done
Event: 4.714 Executing VM operation: ParallelGCFailedAllocation


Dynamic libraries:
00400000-00401000 r-xp 00000000 00:28 40717                              /opt/android-studio/jre/bin/java
00401000-00402000 r--p 00000000 00:28 40717                              /opt/android-studio/jre/bin/java
00402000-00403000 rw-p 00001000 00:28 40717                              /opt/android-studio/jre/bin/java
00970000-00991000 rw-p 00000000 00:00 0                                  [heap]
a0000000-a1d80000 rw-p 00000000 00:00 0 
a1d80000-e0000000 ---p 00000000 00:00 0 
e0000000-e3800000 rw-p 00000000 00:00 0 
e6800000-100000000 ---p 00000000 00:00 0 
100000000-100280000 rw-p 00000000 00:00 0 
100280000-140000000 ---p 00000000 00:00 0 
7c0917b54000-7c0917b94000 rw-p 00000000 00:00 0 
7c0917b94000-7c0917d54000 ---p 00000000 00:00 0 
7c0918000000-7c0918021000 rw-p 00000000 00:00 0 
7c0918021000-7c091c000000 ---p 00000000 00:00 0 
7c091c000000-7c091c021000 rw-p 00000000 00:00 0 
7c091c021000-7c0920000000 ---p 00000000 00:00 0 
7c0920000000-7c0920021000 rw-p 00000000 00:00 0 
7c0920021000-7c0924000000 ---p 00000000 00:00 0 
7c0924000000-7c0924021000 rw-p 00000000 00:00 0 
7c0924021000-7c0928000000 ---p 00000000 00:00 0 
7c0928000000-7c0928021000 rw-p 00000000 00:00 0 
7c0928021000-7c092c000000 ---p 00000000 00:00 0 
7c092c000000-7c092c021000 rw-p 00000000 00:00 0 
7c092c021000-7c0930000000 ---p 00000000 00:00 0 
7c0930000000-7c0930021000 rw-p 00000000 00:00 0 
7c0930021000-7c0934000000 ---p 00000000 00:00 0 
7c0934000000-7c09347b8000 rw-p 00000000 00:00 0 
7c09347b8000-7c0938000000 ---p 00000000 00:00 0 
7c0938000000-7c0938021000 rw-p 00000000 00:00 0 
7c0938021000-7c093c000000 ---p 00000000 00:00 0 
7c093c000000-7c093c021000 rw-p 00000000 00:00 0 
7c093c021000-7c0940000000 ---p 00000000 00:00 0 
7c0940000000-7c0940068000 rw-p 00000000 00:00 0 
7c0940068000-7c0944000000 ---p 00000000 00:00 0 
7c0944000000-7c0944021000 rw-p 00000000 00:00 0 
7c0944021000-7c0948000000 ---p 00000000 00:00 0 
7c0948000000-7c0948021000 rw-p 00000000 00:00 0 
7c0948021000-7c094c000000 ---p 00000000 00:00 0 
7c094c1f5000-7c094c3f5000 rw-p 00000000 00:00 0 
7c094c3f5000-7c094c3f8000 ---p 00000000 00:00 0 
7c094c3f8000-7c094c4f6000 rw-p 00000000 00:00 0 
7c094c4f6000-7c094c4f9000 ---p 00000000 00:00 0 
7c094c4f9000-7c094c5f7000 rw-p 00000000 00:00 0 
7c094c5f7000-7c094c5fa000 ---p 00000000 00:00 0 
7c094c5fa000-7c094c6f8000 rw-p 00000000 00:00 0 
7c094c6f8000-7c094c6fb000 ---p 00000000 00:00 0 
7c094c6fb000-7c094c9f9000 rw-p 00000000 00:00 0 
7c094c9f9000-7c094c9fc000 ---p 00000000 00:00 0 
7c094c9fc000-7c094cafa000 rw-p 00000000 00:00 0 
7c094cafa000-7c094cafd000 ---p 00000000 00:00 0 
7c094cafd000-7c094cbfb000 rw-p 00000000 00:00 0 
7c094cbfb000-7c094cbfe000 ---p 00000000 00:00 0 
7c094cbfe000-7c094ccfc000 rw-p 00000000 00:00 0 
7c094ccfc000-7c094ccff000 ---p 00000000 00:00 0 
7c094ccff000-7c094cdfd000 rw-p 00000000 00:00 0 
7c094cdfd000-7c094ce00000 ---p 00000000 00:00 0 
7c094ce00000-7c094cefe000 rw-p 00000000 00:00 0 
7c094cefe000-7c094cf01000 ---p 00000000 00:00 0 
7c094cf01000-7c0950000000 rw-p 00000000 00:00 0 
7c0950000000-7c0950021000 rw-p 00000000 00:00 0 
7c0950021000-7c0954000000 ---p 00000000 00:00 0 
7c0954000000-7c0954021000 rw-p 00000000 00:00 0 
7c0954021000-7c0958000000 ---p 00000000 00:00 0 
7c0958000000-7c0959f57000 rw-p 00000000 00:00 0 
7c0959f57000-7c095c000000 ---p 00000000 00:00 0 
7c095c000000-7c095c4eb000 rw-p 00000000 00:00 0 
7c095c4eb000-7c0960000000 ---p 00000000 00:00 0 
7c0960000000-7c0960021000 rw-p 00000000 00:00 0 
7c0960021000-7c0964000000 ---p 00000000 00:00 0 
7c0964000000-7c0965e79000 rw-p 00000000 00:00 0 
7c0965e79000-7c0968000000 ---p 00000000 00:00 0 
7c0968000000-7c0968021000 rw-p 00000000 00:00 0 
7c0968021000-7c096c000000 ---p 00000000 00:00 0 
7c096c000000-7c096c021000 rw-p 00000000 00:00 0 
7c096c021000-7c0970000000 ---p 00000000 00:00 0 
7c0970000000-7c0970021000 rw-p 00000000 00:00 0 
7c0970021000-7c0974000000 ---p 00000000 00:00 0 
7c0974000000-7c09742cb000 rw-p 00000000 00:00 0 
7c09742cb000-7c0978000000 ---p 00000000 00:00 0 
7c0978000000-7c0978021000 rw-p 00000000 00:00 0 
7c0978021000-7c097c000000 ---p 00000000 00:00 0 
7c097c000000-7c097c021000 rw-p 00000000 00:00 0 
7c097c021000-7c0980000000 ---p 00000000 00:00 0 
7c0980000000-7c0980021000 rw-p 00000000 00:00 0 
7c0980021000-7c0984000000 ---p 00000000 00:00 0 
7c09840de000-7c09840e1000 ---p 00000000 00:00 0 
7c09840e1000-7c09841df000 rw-p 00000000 00:00 0 
7c09841df000-7c09841e6000 r--s 00000000 00:28 4428                       /usr/lib/x86_64-linux-gnu/gconv/gconv-modules.cache
7c09841e6000-7c09841e9000 ---p 00000000 00:00 0 
7c09841e9000-7c09842e7000 rw-p 00000000 00:00 0 
7c09842e7000-7c09842eb000 r--s 000a1000 00:28 40888                      /opt/android-studio/jre/jre/lib/jsse.jar
7c09842eb000-7c09844eb000 rw-p 00000000 00:00 0 
7c09844eb000-7c09844ee000 ---p 00000000 00:00 0 
7c09844ee000-7c09845ec000 rw-p 00000000 00:00 0 
7c09845ec000-7c09845f4000 r-xp 00000000 00:28 40808                      /opt/android-studio/jre/jre/lib/amd64/libmanagement.so
7c09845f4000-7c09845f5000 r--p 00007000 00:28 40808                      /opt/android-studio/jre/jre/lib/amd64/libmanagement.so
7c09845f5000-7c09845f6000 rw-p 00008000 00:28 40808                      /opt/android-studio/jre/jre/lib/amd64/libmanagement.so
7c09845f6000-7c09845f8000 r--s 0000f000 00:28 72091                      /home/mattmanns73/.gradle/wrapper/dists/gradle-5.6.4-all/ankdp27end7byghfw1q2sw75f/gradle-5.6.4/lib/plugins/gradle-tooling-api-builders-5.6.4.jar
7c09845f8000-7c09845f9000 r--s 00005000 00:28 72111                      /home/mattmanns73/.gradle/wrapper/dists/gradle-5.6.4-all/ankdp27end7byghfw1q2sw75f/gradle-5.6.4/lib/plugins/gradle-build-profile-5.6.4.jar
7c09845f9000-7c09845fb000 r--s 00003000 00:28 72068                      /home/mattmanns73/.gradle/wrapper/dists/gradle-5.6.4-all/ankdp27end7byghfw1q2sw75f/gradle-5.6.4/lib/plugins/gradle-tooling-native-5.6.4.jar
7c09845fb000-7c09845ff000 r--s 00017000 00:28 72070                      /home/mattmanns73/.gradle/wrapper/dists/gradle-5.6.4-all/ankdp27end7byghfw1q2sw75f/gradle-5.6.4/lib/plugins/gradle-testing-native-5.6.4.jar
7c09845ff000-7c0984602000 r--s 00011000 00:28 72184                      /home/mattmanns73/.gradle/wrapper/dists/gradle-5.6.4-all/ankdp27end7byghfw1q2sw75f/gradle-5.6.4/lib/plugins/junit-platform-commons-1.3.1.jar
7c0984602000-7c0984603000 r--s 00001000 00:28 72186                      /home/mattmanns73/.gradle/wrapper/dists/gradle-5.6.4-all/ankdp27end7byghfw1q2sw75f/gradle-5.6.4/lib/plugins/opentest4j-1.1.1.jar
7c0984603000-7c0984607000 r--s 0001d000 00:28 72183                      /home/mattmanns73/.gradle/wrapper/dists/gradle-5.6.4-all/ankdp27end7byghfw1q2sw75f/gradle-5.6.4/lib/plugins/junit-platform-engine-1.3.1.jar
7c0984607000-7c0984608000 r--s 00000000 00:28 72185                      /home/mattmanns73/.gradle/wrapper/dists/gradle-5.6.4-all/ankdp27end7byghfw1q2sw75f/gradle-5.6.4/lib/plugins/apiguardian-api-1.0.0.jar
7c0984608000-7c098460b000 r--s 00015000 00:28 72147                      /home/mattmanns73/.gradle/wrapper/dists/gradle-5.6.4-all/ankdp27end7byghfw1q2sw75f/gradle-5.6.4/lib/plugins/junit-platform-launcher-1.3.1.jar
7c098460b000-7c098460c000 r--s 00003000 00:28 72090                      /home/mattmanns73/.gradle/wrapper/dists/gradle-5.6.4-all/ankdp27end7byghfw1q2sw75f/gradle-5.6.4/lib/plugins/gradle-testing-junit-platform-5.6.4.jar
7c098460c000-7c0984614000 r--s 00048000 00:28 72136                      /home/mattmanns73/.gradle/wrapper/dists/gradle-5.6.4-all/ankdp27end7byghfw1q2sw75f/gradle-5.6.4/lib/plugins/bcpg-jdk15on-1.61.jar
7c0984614000-7c0984617000 r--s 0000f000 00:28 72067                      /home/mattmanns73/.gradle/wrapper/dists/gradle-5.6.4-all/ankdp27end7byghfw1q2sw75f/gradle-5.6.4/lib/plugins/gradle-signing-5.6.4.jar
7c0984617000-7c0984619000 r--s 00009000 00:28 72077                      /home/mattmanns73/.gradle/wrapper/dists/gradle-5.6.4-all/ankdp27end7byghfw1q2sw75f/gradle-5.6.4/lib/plugins/gradle-scala-5.6.4.jar
7c0984619000-7c098461a000 r--s 00004000 00:28 72110                      /home/mattmanns73/.gradle/wrapper/dists/gradle-5.6.4-all/ankdp27end7byghfw1q2sw75f/gradle-5.6.4/lib/plugins/gradle-resources-sftp-5.6.4.jar
7c098461a000-7c0984623000 r--s 0005b000 00:28 72117                      /home/mattmanns73/.gradle/wrapper/dists/gradle-5.6.4-all/ankdp27end7byghfw1q2sw75f/gradle-5.6.4/lib/plugins/aws-java-sdk-kms-1.11.407.jar
7c0984623000-7c0984625000 r--s 00005000 00:28 72153                      /home/mattmanns73/.gradle/wrapper/dists/gradle-5.6.4-all/ankdp27end7byghfw1q2sw75f/gradle-5.6.4/lib/plugins/jmespath-java-1.11.407.jar
7c0984625000-7c0984638000 r--s 000ca000 00:28 72116                      /home/mattmanns73/.gradle/wrapper/dists/gradle-5.6.4-all/ankdp27end7byghfw1q2sw75f/gradle-5.6.4/lib/plugins/aws-java-sdk-s3-1.11.407.jar
7c0984638000-7c0984642000 r--s 00081000 00:28 72182                      /home/mattmanns73/.gradle/wrapper/dists/gradle-5.6.4-all/ankdp27end7byghfw1q2sw75f/gradle-5.6.4/lib/plugins/ion-java-1.0.2.jar
7c0984642000-7c0984658000 r--s 000ca000 00:28 72118                      /home/mattmanns73/.gradle/wrapper/dists/gradle-5.6.4-all/ankdp27end7byghfw1q2sw75f/gradle-5.6.4/lib/plugins/aws-java-sdk-core-1.11.407.jar
7c0984658000-7c098465a000 r--s 00004000 00:28 72106                      /home/mattmanns73/.gradle/wrapper/dists/gradle-5.6.4-all/ankdp27end7byghfw1q2sw75f/gradle-5.6.4/lib/plugins/gradle-resources-s3-5.6.4.jar
7c098465a000-7c098466b000 r--s 0008c000 00:28 72157                      /home/mattmanns73/.gradle/wrapper/dists/gradle-5.6.4-all/ankdp27end7byghfw1q2sw75f/gradle-5.6.4/lib/plugins/joda-time-2.10.jar
7c098466b000-7c098467d000 r--s 00137000 00:28 72154                      /home/mattmanns73/.gradle/wrapper/dists/gradle-5.6.4-all/ankdp27end7byghfw1q2sw75f/gradle-5.6.4/lib/plugins/jackson-databind-2.9.8.jar
7c098467d000-7c0984680000 r--s 0000e000 00:28 72156                      /home/mattmanns73/.gradle/wrapper/dists/gradle-5.6.4-all/ankdp27end7byghfw1q2sw75f/gradle-5.6.4/lib/plugins/jackson-annotations-2.9.8.jar
7c0984680000-7c0984684000 r--s 0004c000 00:28 72155                      /home/mattmanns73/.gradle/wrapper/dists/gradle-5.6.4-all/ankdp27end7byghfw1q2sw75f/gradle-5.6.4/lib/plugins/jackson-core-2.9.8.jar
7c0984684000-7c0984685000 r--s 00001000 00:28 72122                      /home/mattmanns73/.gradle/wrapper/dists/gradle-5.6.4-all/ankdp27end7byghfw1q2sw75f/gradle-5.6.4/lib/plugins/google-http-client-jackson2-1.25.0.jar
7c0984685000-7c098468f000 r--s 00056000 00:28 72123                      /home/mattmanns73/.gradle/wrapper/dists/gradle-5.6.4-all/ankdp27end7byghfw1q2sw75f/gradle-5.6.4/lib/plugins/google-http-client-1.25.0.jar
7c098468f000-7c0984692000 r--s 0000d000 00:28 72121                      /home/mattmanns73/.gradle/wrapper/dists/gradle-5.6.4-all/ankdp27end7byghfw1q2sw75f/gradle-5.6.4/lib/plugins/google-oauth-client-1.25.0.jar
7c0984692000-7c0984697000 r--s 0002d000 00:28 72120                      /home/mattmanns73/.gradle/wrapper/dists/gradle-5.6.4-all/ankdp27end7byghfw1q2sw75f/gradle-5.6.4/lib/plugins/google-api-client-1.25.0.jar
7c0984697000-7c098469b000 r--s 0001d000 00:28 72119                      /home/mattmanns73/.gradle/wrapper/dists/gradle-5.6.4-all/ankdp27end7byghfw1q2sw75f/gradle-5.6.4/lib/plugins/google-api-services-storage-v1-rev136-1.25.0.jar
7c098469b000-7c098469d000 r--s 00003000 00:28 72107                      /home/mattmanns73/.gradle/wrapper/dists/gradle-5.6.4-all/ankdp27end7byghfw1q2sw75f/gradle-5.6.4/lib/plugins/gradle-resources-gcs-5.6.4.jar
7c098469d000-7c09846a3000 r--s 00031000 00:28 72080                      /home/mattmanns73/.gradle/wrapper/dists/gradle-5.6.4-all/ankdp27end7byghfw1q2sw75f/gradle-5.6.4/lib/plugins/gradle-platform-play-5.6.4.jar
7c09846a3000-7c09846b5000 r--s 00078000 00:28 72096                      /home/mattmanns73/.gradle/wrapper/dists/gradle-5.6.4-all/ankdp27end7byghfw1q2sw75f/gradle-5.6.4/lib/plugins/gradle-platform-native-5.6.4.jar
7c09846b5000-7c09846e2000 r--s 0025e000 00:28 72127                      /home/mattmanns73/.gradle/wrapper/dists/gradle-5.6.4-all/ankdp27end7byghfw1q2sw75f/gradle-5.6.4/lib/plugins/biz.aQute.bndlib-4.0.0.jar
7c09846e2000-7c09846e3000 r--s 00004000 00:28 72066                      /home/mattmanns73/.gradle/wrapper/dists/gradle-5.6.4-all/ankdp27end7byghfw1q2sw75f/gradle-5.6.4/lib/plugins/gradle-osgi-5.6.4.jar
7c09846e3000-7c09846e6000 r--s 0000c000 00:28 72089                      /home/mattmanns73/.gradle/wrapper/dists/gradle-5.6.4-all/ankdp27end7byghfw1q2sw75f/gradle-5.6.4/lib/plugins/gradle-language-scala-5.6.4.jar
7c09846e6000-7c09846f2000 r--s 00054000 00:28 72071                      /home/mattmanns73/.gradle/wrapper/dists/gradle-5.6.4-all/ankdp27end7byghfw1q2sw75f/gradle-5.6.4/lib/plugins/gradle-language-native-5.6.4.jar
7c09846f2000-7c09846f9000 r--s 00035000 00:28 72139                      /home/mattmanns73/.gradle/wrapper/dists/gradle-5.6.4-all/ankdp27end7byghfw1q2sw75f/gradle-5.6.4/lib/plugins/simple-4.1.21.jar
7c09846f9000-7c0984706000 r--s 00125000 00:28 72137                      /home/mattmanns73/.gradle/wrapper/dists/gradle-5.6.4-all/ankdp27end7byghfw1q2sw75f/gradle-5.6.4/lib/plugins/rhino-1.7.10.jar
7c0984706000-7c098470a000 r--s 00012000 00:28 72081                      /home/mattmanns73/.gradle/wrapper/dists/gradle-5.6.4-all/ankdp27end7byghfw1q2sw75f/gradle-5.6.4/lib/plugins/gradle-javascript-5.6.4.jar
7c098470a000-7c098470e000 r--s 00011000 00:28 72083                      /home/mattmanns73/.gradle/wrapper/dists/gradle-5.6.4-all/ankdp27end7byghfw1q2sw75f/gradle-5.6.4/lib/plugins/gradle-jacoco-5.6.4.jar
7c098470e000-7c0984710000 r--s 00002000 00:28 72075                      /home/mattmanns73/.gradle/wrapper/dists/gradle-5.6.4-all/ankdp27end7byghfw1q2sw75f/gradle-5.6.4/lib/plugins/gradle-ide-play-5.6.4.jar
7c0984710000-7c0984712000 r--s 00011000 00:28 72144                      /home/mattmanns73/.gradle/wrapper/dists/gradle-5.6.4-all/ankdp27end7byghfw1q2sw75f/gradle-5.6.4/lib/plugins/dd-plist-1.21.jar
7c0984712000-7c0984719000 r--s 00034000 00:28 72069                      /home/mattmanns73/.gradle/wrapper/dists/gradle-5.6.4-all/ankdp27end7byghfw1q2sw75f/gradle-5.6.4/lib/plugins/gradle-ide-native-5.6.4.jar
7c0984719000-7c0984723000 r--s 00063000 00:28 72076                      /home/mattmanns73/.gradle/wrapper/dists/gradle-5.6.4-all/ankdp27end7byghfw1q2sw75f/gradle-5.6.4/lib/plugins/gradle-ide-5.6.4.jar
7c0984723000-7c0984725000 r--s 00008000 00:28 72079                      /home/mattmanns73/.gradle/wrapper/dists/gradle-5.6.4-all/ankdp27end7byghfw1q2sw75f/gradle-5.6.4/lib/plugins/gradle-ear-5.6.4.jar
7c0984725000-7c098472a000 r--s 0002a000 00:28 72065                      /home/mattmanns73/.gradle/wrapper/dists/gradle-5.6.4-all/ankdp27end7byghfw1q2sw75f/gradle-5.6.4/lib/plugins/gradle-code-quality-5.6.4.jar
7c098472a000-7c098472c000 r--s 0000b000 00:28 72141                      /home/mattmanns73/.gradle/wrapper/dists/gradle-5.6.4-all/ankdp27end7byghfw1q2sw75f/gradle-5.6.4/lib/plugins/maven-plugin-api-3.0.4.jar
7c098472c000-7c0984732000 r--s 0003f000 00:28 72129                      /home/mattmanns73/.gradle/wrapper/dists/gradle-5.6.4-all/ankdp27end7byghfw1q2sw75f/gradle-5.6.4/lib/plugins/maven-compat-3.0.4.jar
7c0984732000-7c098473b000 r--s 0003b000 00:28 72084                      /home/mattmanns73/.gradle/wrapper/dists/gradle-5.6.4-all/ankdp27end7byghfw1q2sw75f/gradle-5.6.4/lib/plugins/gradle-build-init-5.6.4.jar
7c098473b000-7c0984741000 r--s 0002e000 00:28 72078                      /home/mattmanns73/.gradle/wrapper/dists/gradle-5.6.4-all/ankdp27end7byghfw1q2sw75f/gradle-5.6.4/lib/plugins/gradle-build-comparison-5.6.4.jar
7c0984741000-7c0984743000 r--s 00002000 00:28 72108                      /home/mattmanns73/.gradle/wrapper/dists/gradle-5.6.4-all/ankdp27end7byghfw1q2sw75f/gradle-5.6.4/lib/plugins/gradle-build-cache-http-5.6.4.jar
7c0984743000-7c0984745000 r--s 00009000 00:28 72064                      /home/mattmanns73/.gradle/wrapper/dists/gradle-5.6.4-all/ankdp27end7byghfw1q2sw75f/gradle-5.6.4/lib/plugins/gradle-antlr-5.6.4.jar
7c0984745000-7c0984747000 r--s 00005000 00:28 72063                      /home/mattmanns73/.gradle/wrapper/dists/gradle-5.6.4-all/ankdp27end7byghfw1q2sw75f/gradle-5.6.4/lib/plugins/gradle-announce-5.6.4.jar
7c0984747000-7c098474a000 r--s 00017000 00:28 72085                      /home/mattmanns73/.gradle/wrapper/dists/gradle-5.6.4-all/ankdp27end7byghfw1q2sw75f/gradle-5.6.4/lib/plugins/gradle-kotlin-dsl-tooling-builders-5.6.4.jar
7c098474a000-7c098474e000 r--s 00014000 00:28 72082                      /home/mattmanns73/.gradle/wrapper/dists/gradle-5.6.4-all/ankdp27end7byghfw1q2sw75f/gradle-5.6.4/lib/plugins/gradle-ivy-5.6.4.jar
7c098474e000-7c0984750000 r--s 00009000 00:28 72098                      /home/mattmanns73/.gradle/wrapper/dists/gradle-5.6.4-all/ankdp27end7byghfw1q2sw75f/gradle-5.6.4/lib/plugins/gradle-publish-5.6.4.jar
7c0984750000-7c0984753000 r--s 0000c000 00:28 72132                      /home/mattmanns73/.gradle/wrapper/dists/gradle-5.6.4-all/ankdp27end7byghfw1q2sw75f/gradle-5.6.4/lib/plugins/pmaven-groovy-0.8-20100325.jar
7c0984753000-7c0984754000 r--s 00004000 00:28 72131                      /home/mattmanns73/.gradle/wrapper/dists/gradle-5.6.4-all/ankdp27end7byghfw1q2sw75f/gradle-5.6.4/lib/plugins/pmaven-common-0.8-20100325.jar
7c0984754000-7c0984757000 r--s 0000a000 00:28 72176                      /home/mattmanns73/.gradle/wrapper/dists/gradle-5.6.4-all/ankdp27end7byghfw1q2sw75f/gradle-5.6.4/lib/plugins/plexus-classworlds-2.5.1.jar
7c0984757000-7c098475b000 r--s 00021000 00:28 72181                      /home/mattmanns73/.gradle/wrapper/dists/gradle-5.6.4-all/ankdp27end7byghfw1q2sw75f/gradle-5.6.4/lib/plugins/xbean-reflect-3.7.jar
7c098475b000-7c0984762000 r--s 00032000 00:28 72134                      /home/mattmanns73/.gradle/wrapper/dists/gradle-5.6.4-all/ankdp27end7byghfw1q2sw75f/gradle-5.6.4/lib/plugins/plexus-container-default-1.7.1.jar
7c0984762000-7c0984763000 r--s 00008000 00:28 72115                      /home/mattmanns73/.gradle/wrapper/dists/gradle-5.6.4-all/ankdp27end7byghfw1q2sw75f/gradle-5.6.4/lib/plugins/wagon-http-shared-3.0.0.jar
7c0984763000-7c0984764000 r--s 00002000 00:28 72114                      /home/mattmanns73/.gradle/wrapper/dists/gradle-5.6.4-all/ankdp27end7byghfw1q2sw75f/gradle-5.6.4/lib/plugins/wagon-http-3.0.0.jar
7c0984764000-7c0984766000 r--s 0000c000 00:28 72179                      /home/mattmanns73/.gradle/wrapper/dists/gradle-5.6.4-all/ankdp27end7byghfw1q2sw75f/gradle-5.6.4/lib/plugins/wagon-provider-api-3.0.0.jar
7c0984766000-7c0984767000 r--s 00002000 00:28 72133                      /home/mattmanns73/.gradle/wrapper/dists/gradle-5.6.4-all/ankdp27end7byghfw1q2sw75f/gradle-5.6.4/lib/plugins/wagon-file-3.0.0.jar
7c0984767000-7c0984769000 r--s 00006000 00:28 72135                      /home/mattmanns73/.gradle/wrapper/dists/gradle-5.6.4-all/ankdp27end7byghfw1q2sw75f/gradle-5.6.4/lib/plugins/aether-connector-wagon-1.13.1.jar
7c0984769000-7c0984770000 r--s 00031000 00:28 72074                      /home/mattmanns73/.gradle/wrapper/dists/gradle-5.6.4-all/ankdp27end7byghfw1q2sw75f/gradle-5.6.4/lib/plugins/gradle-maven-5.6.4.jar
7c0984770000-7c0984772000 r--s 0000c000 00:28 72073                      /home/mattmanns73/.gradle/wrapper/dists/gradle-5.6.4-all/ankdp27end7byghfw1q2sw75f/gradle-5.6.4/lib/plugins/gradle-plugin-development-5.6.4.jar
7c0984772000-7c0984778000 r--s 0003d000 00:28 72143                      /home/mattmanns73/.gradle/wrapper/dists/gradle-5.6.4-all/ankdp27end7byghfw1q2sw75f/gradle-5.6.4/lib/plugins/snakeyaml-1.17.jar
7c0984778000-7c098477a000 r--s 0000f000 00:28 72166                      /home/mattmanns73/.gradle/wrapper/dists/gradle-5.6.4-all/ankdp27end7byghfw1q2sw75f/gradle-5.6.4/lib/plugins/jcommander-1.72.jar
7c098477a000-7c0984783000 r--s 00089000 00:28 72142                      /home/mattmanns73/.gradle/wrapper/dists/gradle-5.6.4-all/ankdp27end7byghfw1q2sw75f/gradle-5.6.4/lib/plugins/testng-6.3.1.jar
7c0984783000-7c0984785000 r--s 00009000 00:28 72164                      /home/mattmanns73/.gradle/wrapper/dists/gradle-5.6.4-all/ankdp27end7byghfw1q2sw75f/gradle-5.6.4/lib/plugins/hamcrest-core-1.3.jar
7c0984785000-7c098478d000 r--s 00045000 00:28 72145                      /home/mattmanns73/.gradle/wrapper/dists/gradle-5.6.4-all/ankdp27end7byghfw1q2sw75f/gradle-5.6.4/lib/plugins/junit-4.12.jar
7c098478d000-7c0984792000 r--s 0005a000 00:28 72146                      /home/mattmanns73/.gradle/wrapper/dists/gradle-5.6.4-all/ankdp27end7byghfw1q2sw75f/gradle-5.6.4/lib/plugins/bsh-2.0b6.jar
7c0984792000-7c0984796000 r--s 0001c000 00:28 72092                      /home/mattmanns73/.gradle/wrapper/dists/gradle-5.6.4-all/ankdp27end7byghfw1q2sw75f/gradle-5.6.4/lib/plugins/gradle-testing-jvm-5.6.4.jar
7c0984796000-7c098479e000 r--s 00034000 00:28 72099                      /home/mattmanns73/.gradle/wrapper/dists/gradle-5.6.4-all/ankdp27end7byghfw1q2sw75f/gradle-5.6.4/lib/plugins/gradle-testing-base-5.6.4.jar
7c098479e000-7c09847a1000 r--s 0000e000 00:28 72088                      /home/mattmanns73/.gradle/wrapper/dists/gradle-5.6.4-all/ankdp27end7byghfw1q2sw75f/gradle-5.6.4/lib/plugins/gradle-language-groovy-5.6.4.jar
7c09847a1000-7c09847aa000 r--s 00045000 00:28 72093                      /home/mattmanns73/.gradle/wrapper/dists/gradle-5.6.4-all/ankdp27end7byghfw1q2sw75f/gradle-5.6.4/lib/plugins/gradle-language-java-5.6.4.jar
7c09847aa000-7c09847ac000 r--s 00005000 00:28 72094                      /home/mattmanns73/.gradle/wrapper/dists/gradle-5.6.4-all/ankdp27end7byghfw1q2sw75f/gradle-5.6.4/lib/plugins/gradle-language-jvm-5.6.4.jar
7c09847ac000-7c09847b2000 r--s 0003e000 00:28 72097                      /home/mattmanns73/.gradle/wrapper/dists/gradle-5.6.4-all/ankdp27end7byghfw1q2sw75f/gradle-5.6.4/lib/plugins/gradle-diagnostics-5.6.4.jar
7c09847b2000-7c09847b6000 r--s 0001b000 00:28 72095                      /home/mattmanns73/.gradle/wrapper/dists/gradle-5.6.4-all/ankdp27end7byghfw1q2sw75f/gradle-5.6.4/lib/plugins/gradle-platform-jvm-5.6.4.jar
7c09847b6000-7c09847bd000 r--s 0002a000 00:28 72100                      /home/mattmanns73/.gradle/wrapper/dists/gradle-5.6.4-all/ankdp27end7byghfw1q2sw75f/gradle-5.6.4/lib/plugins/gradle-platform-base-5.6.4.jar
7c09847bd000-7c09847bf000 r--s 00006000 00:28 72140                      /home/mattmanns73/.gradle/wrapper/dists/gradle-5.6.4-all/ankdp27end7byghfw1q2sw75f/gradle-5.6.4/lib/plugins/jatl-0.2.3.jar
7c09847bf000-7c09847c1000 r--s 00010000 00:28 72105                      /home/mattmanns73/.gradle/wrapper/dists/gradle-5.6.4-all/ankdp27end7byghfw1q2sw75f/gradle-5.6.4/lib/plugins/gradle-reporting-5.6.4.jar
7c09847c1000-7c09847c9000 r--s 00047000 00:28 72086                      /home/mattmanns73/.gradle/wrapper/dists/gradle-5.6.4-all/ankdp27end7byghfw1q2sw75f/gradle-5.6.4/lib/plugins/gradle-plugins-5.6.4.jar
7c09847c9000-7c09847ce000 r--s 0002c000 00:28 72072                      /home/mattmanns73/.gradle/wrapper/dists/gradle-5.6.4-all/ankdp27end7byghfw1q2sw75f/gradle-5.6.4/lib/plugins/gradle-kotlin-dsl-provider-plugins-5.6.4.jar
7c09847ce000-7c09847cf000 r--s 00000000 00:28 71974                      /home/mattmanns73/.gradle/wrapper/dists/gradle-5.6.4-all/ankdp27end7byghfw1q2sw75f/gradle-5.6.4/lib/gradle-runtime-api-info-5.6.4.jar
7c09847cf000-7c09847d2000 r--s 0000d000 00:28 72104                      /home/mattmanns73/.gradle/wrapper/dists/gradle-5.6.4-all/ankdp27end7byghfw1q2sw75f/gradle-5.6.4/lib/plugins/gradle-composite-builds-5.6.4.jar
7c09847d2000-7c09847d4000 r--s 0000d000 00:28 72101                      /home/mattmanns73/.gradle/wrapper/dists/gradle-5.6.4-all/ankdp27end7byghfw1q2sw75f/gradle-5.6.4/lib/plugins/gradle-plugin-use-5.6.4.jar
7c09847d4000-7c09847ed000 r--s 0013a000 00:28 72150                      /home/mattmanns73/.gradle/wrapper/dists/gradle-5.6.4-all/ankdp27end7byghfw1q2sw75f/gradle-5.6.4/lib/plugins/xercesImpl-2.12.0.jar
7c09847ed000-7c09847ef000 r--s 0001d000 00:28 72149                      /home/mattmanns73/.gradle/wrapper/dists/gradle-5.6.4-all/ankdp27end7byghfw1q2sw75f/gradle-5.6.4/lib/plugins/nekohtml-1.9.22.jar
7c09847ef000-7c09847f5000 r--s 0005b000 00:28 72148                      /home/mattmanns73/.gradle/wrapper/dists/gradle-5.6.4-all/ankdp27end7byghfw1q2sw75f/gradle-5.6.4/lib/plugins/jcifs-1.3.17.jar
7c09847f5000-7c09847f8000 r--s 0000e000 00:28 72109                      /home/mattmanns73/.gradle/wrapper/dists/gradle-5.6.4-all/ankdp27end7byghfw1q2sw75f/gradle-5.6.4/lib/plugins/gradle-resources-http-5.6.4.jar
7c09847f8000-7c09847fd000 r--s 00040000 00:28 72151                      /home/mattmanns73/.gradle/wrapper/dists/gradle-5.6.4-all/ankdp27end7byghfw1q2sw75f/gradle-5.6.4/lib/plugins/jsch-0.1.54.jar
7c09847fd000-7c09847ff000 r--s 00010000 00:28 72167                      /home/mattmanns73/.gradle/wrapper/dists/gradle-5.6.4-all/ankdp27end7byghfw1q2sw75f/gradle-5.6.4/lib/plugins/jzlib-1.1.3.jar
7c09847ff000-7c0984824000 r--s 00265000 00:28 72113                      /home/mattmanns73/.gradle/wrapper/dists/gradle-5.6.4-all/ankdp27end7byghfw1q2sw75f/gradle-5.6.4/lib/plugins/org.eclipse.jgit-5.0.3.201809091024-r.jar
7c0984824000-7c0984827000 r--s 0000c000 00:28 72102                      /home/mattmanns73/.gradle/wrapper/dists/gradle-5.6.4-all/ankdp27end7byghfw1q2sw75f/gradle-5.6.4/lib/plugins/gradle-version-control-5.6.4.jar
7c0984827000-7c0984828000 r--s 00000000 00:28 71978                      /home/mattmanns73/.gradle/wrapper/dists/gradle-5.6.4-all/ankdp27end7byghfw1q2sw75f/gradle-5.6.4/lib/gradle-installation-beacon-5.6.4.jar
7c0984828000-7c098482a000 r--s 00006000 00:28 72171                      /home/mattmanns73/.gradle/wrapper/dists/gradle-5.6.4-all/ankdp27end7byghfw1q2sw75f/gradle-5.6.4/lib/plugins/maven-repository-metadata-3.0.4.jar
7c098482a000-7c098482c000 r--s 0000c000 00:28 72159                      /home/mattmanns73/.gradle/wrapper/dists/gradle-5.6.4-all/ankdp27end7byghfw1q2sw75f/gradle-5.6.4/lib/plugins/maven-aether-provider-3.0.4.jar
7c098482c000-7c098482f000 r--s 0001d000 00:28 72160                      /home/mattmanns73/.gradle/wrapper/dists/gradle-5.6.4-all/ankdp27end7byghfw1q2sw75f/gradle-5.6.4/lib/plugins/aether-impl-1.13.1.jar
7c098482f000-7c0984833000 r--s 0001c000 00:28 72161                      /home/mattmanns73/.gradle/wrapper/dists/gradle-5.6.4-all/ankdp27end7byghfw1q2sw75f/gradle-5.6.4/lib/plugins/aether-util-1.13.1.jar
7c0984833000-7c0984836000 r--s 00013000 00:28 72163                      /home/mattmanns73/.gradle/wrapper/dists/gradle-5.6.4-all/ankdp27end7byghfw1q2sw75f/gradle-5.6.4/lib/plugins/aether-api-1.13.1.jar
7c0984836000-7c0984838000 r--s 0000b000 00:28 72168                      /home/mattmanns73/.gradle/wrapper/dists/gradle-5.6.4-all/ankdp27end7byghfw1q2sw75f/gradle-5.6.4/lib/plugins/maven-artifact-3.0.4.jar
7c0984838000-7c098483a000 r--s 00000000 00:28 72177                      /home/mattmanns73/.gradle/wrapper/dists/gradle-5.6.4-all/ankdp27end7byghfw1q2sw75f/gradle-5.6.4/lib/plugins/plexus-component-annotations-1.5.5.jar
7c098483a000-7c098483c000 r--s 0000d000 00:28 72178                      /home/mattmanns73/.gradle/wrapper/dists/gradle-5.6.4-all/ankdp27end7byghfw1q2sw75f/gradle-5.6.4/lib/plugins/plexus-interpolation-1.14.jar
7c098483c000-7c0984840000 r--s 00021000 00:28 72169                      /home/mattmanns73/.gradle/wrapper/dists/gradle-5.6.4-all/ankdp27end7byghfw1q2sw75f/gradle-5.6.4/lib/plugins/maven-model-builder-3.0.4.jar
7c0984840000-7c0984842000 r--s 00026000 00:28 72170                      /home/mattmanns73/.gradle/wrapper/dists/gradle-5.6.4-all/ankdp27end7byghfw1q2sw75f/gradle-5.6.4/lib/plugins/maven-model-3.0.4.jar
7c0984842000-7c0984844000 r--s 0000a000 00:28 72173                      /home/mattmanns73/.gradle/wrapper/dists/gradle-5.6.4-all/ankdp27end7byghfw1q2sw75f/gradle-5.6.4/lib/plugins/maven-settings-3.0.4.jar
7c0984844000-7c0984846000 r--s 00002000 00:28 72175                      /home/mattmanns73/.gradle/wrapper/dists/gradle-5.6.4-all/ankdp27end7byghfw1q2sw75f/gradle-5.6.4/lib/plugins/plexus-cipher-1.7.jar
7c0984846000-7c098484a000 r--s 0003c000 00:28 72180                      /home/mattmanns73/.gradle/wrapper/dists/gradle-5.6.4-all/ankdp27end7byghfw1q2sw75f/gradle-5.6.4/lib/plugins/plexus-utils-3.1.0.jar
7c098484a000-7c098484d000 r--s 00008000 00:28 72172                      /home/mattmanns73/.gradle/wrapper/dists/gradle-5.6.4-all/ankdp27end7byghfw1q2sw75f/gradle-5.6.4/lib/plugins/maven-settings-builder-3.0.4.jar
7c098484d000-7c0984859000 r--s 0007d000 00:28 72130                      /home/mattmanns73/.gradle/wrapper/dists/gradle-5.6.4-all/ankdp27end7byghfw1q2sw75f/gradle-5.6.4/lib/plugins/maven-core-3.0.4.jar
7c0984859000-7c098486e000 r--s 00116000 00:28 72128                      /home/mattmanns73/.gradle/wrapper/dists/gradle-5.6.4-all/ankdp27end7byghfw1q2sw75f/gradle-5.6.4/lib/plugins/ivy-2.3.0.jar
7c098486e000-7c0984873000 r--s 00036000 00:28 72138                      /home/mattmanns73/.gradle/wrapper/dists/gradle-5.6.4-all/ankdp27end7byghfw1q2sw75f/gradle-5.6.4/lib/plugins/gson-2.8.5.jar
7c0984873000-7c098487a000 r--s 0004b000 00:28 72125                      /home/mattmanns73/.gradle/wrapper/dists/gradle-5.6.4-all/ankdp27end7byghfw1q2sw75f/gradle-5.6.4/lib/plugins/commons-codec-1.11.jar
7c098487a000-7c0984881000 r--s 00049000 00:28 72165                      /home/mattmanns73/.gradle/wrapper/dists/gradle-5.6.4-all/ankdp27end7byghfw1q2sw75f/gradle-5.6.4/lib/plugins/httpcore-4.4.10.jar
7c0984881000-7c098488e000 r--s 000af000 00:28 72124                      /home/mattmanns73/.gradle/wrapper/dists/gradle-5.6.4-all/ankdp27end7byghfw1q2sw75f/gradle-5.6.4/lib/plugins/httpclient-4.5.6.jar
7c098488e000-7c09848ed000 r--s 003f7000 00:28 72158                      /home/mattmanns73/.gradle/wrapper/dists/gradle-5.6.4-all/ankdp27end7byghfw1q2sw75f/gradle-5.6.4/lib/plugins/bcprov-jdk15on-1.61.jar
7c09848ed000-7c0984923000 r--s 001d8000 00:28 72103                      /home/mattmanns73/.gradle/wrapper/dists/gradle-5.6.4-all/ankdp27end7byghfw1q2sw75f/gradle-5.6.4/lib/plugins/gradle-dependency-management-5.6.4.jar
7c0984923000-7c0984926000 r--p 00000000 00:28 1690                       /lib/x86_64-linux-gnu/libgcc_s.so.1
7c0984926000-7c0984937000 r-xp 00003000 00:28 1690                       /lib/x86_64-linux-gnu/libgcc_s.so.1
7c0984937000-7c098493a000 r--p 00014000 00:28 1690                       /lib/x86_64-linux-gnu/libgcc_s.so.1
7c098493a000-7c098493b000 ---p 00017000 00:28 1690                       /lib/x86_64-linux-gnu/libgcc_s.so.1
7c098493b000-7c098493c000 r--p 00017000 00:28 1690                       /lib/x86_64-linux-gnu/libgcc_s.so.1
7c098493c000-7c098493d000 rw-p 00018000 00:28 1690                       /lib/x86_64-linux-gnu/libgcc_s.so.1
7c098493d000-7c09849c6000 r--p 00000000 00:28 4962                       /usr/lib/x86_64-linux-gnu/libstdc++.so.6.0.25
7c09849c6000-7c0984a72000 r-xp 00089000 00:28 4962                       /usr/lib/x86_64-linux-gnu/libstdc++.so.6.0.25
7c0984a72000-7c0984ab0000 r--p 00135000 00:28 4962                       /usr/lib/x86_64-linux-gnu/libstdc++.so.6.0.25
7c0984ab0000-7c0984ab1000 ---p 00173000 00:28 4962                       /usr/lib/x86_64-linux-gnu/libstdc++.so.6.0.25
7c0984ab1000-7c0984abb000 r--p 00173000 00:28 4962                       /usr/lib/x86_64-linux-gnu/libstdc++.so.6.0.25
7c0984abb000-7c0984abd000 rw-p 0017d000 00:28 4962                       /usr/lib/x86_64-linux-gnu/libstdc++.so.6.0.25
7c0984abd000-7c0984ac1000 rw-p 00000000 00:00 0 
7c0984ac1000-7c0984ac2000 r--s 00003000 00:28 72162                      /home/mattmanns73/.gradle/wrapper/dists/gradle-5.6.4-all/ankdp27end7byghfw1q2sw75f/gradle-5.6.4/lib/plugins/aether-spi-1.13.1.jar
7c0984ac2000-7c0984ac3000 r--s 00006000 00:28 72174                      /home/mattmanns73/.gradle/wrapper/dists/gradle-5.6.4-all/ankdp27end7byghfw1q2sw75f/gradle-5.6.4/lib/plugins/plexus-sec-dispatcher-1.3.jar
7c0984ac3000-7c0984ac4000 r--s 00013000 00:28 72126                      /home/mattmanns73/.gradle/wrapper/dists/gradle-5.6.4-all/ankdp27end7byghfw1q2sw75f/gradle-5.6.4/lib/plugins/asm-util-7.1.jar
7c0984ac4000-7c0984ac9000 r--s 0001d000 00:28 72112                      /home/mattmanns73/.gradle/wrapper/dists/gradle-5.6.4-all/ankdp27end7byghfw1q2sw75f/gradle-5.6.4/lib/plugins/gradle-workers-5.6.4.jar
7c0984ac9000-7c0984acf000 r-xp 00000000 00:28 92364                      /home/mattmanns73/.gradle/native/30/linux-amd64/libnative-platform.so
7c0984acf000-7c0984cce000 ---p 00006000 00:28 92364                      /home/mattmanns73/.gradle/native/30/linux-amd64/libnative-platform.so
7c0984cce000-7c0984ccf000 rw-p 00005000 00:28 92364                      /home/mattmanns73/.gradle/native/30/linux-amd64/libnative-platform.so
7c0984ccf000-7c0984cdf000 r-xp 00000000 00:28 40811                      /opt/android-studio/jre/jre/lib/amd64/libnio.so
7c0984cdf000-7c0984ce0000 ---p 00010000 00:28 40811                      /opt/android-studio/jre/jre/lib/amd64/libnio.so
7c0984ce0000-7c0984ce1000 r--p 00010000 00:28 40811                      /opt/android-studio/jre/jre/lib/amd64/libnio.so
7c0984ce1000-7c0984ce2000 rw-p 00011000 00:28 40811                      /opt/android-studio/jre/jre/lib/amd64/libnio.so
7c0984ce2000-7c0984cf9000 r-xp 00000000 00:28 40810                      /opt/android-studio/jre/jre/lib/amd64/libnet.so
7c0984cf9000-7c0984cfa000 r--p 00016000 00:28 40810                      /opt/android-studio/jre/jre/lib/amd64/libnet.so
7c0984cfa000-7c0984cfb000 rw-p 00017000 00:28 40810                      /opt/android-studio/jre/jre/lib/amd64/libnet.so
7c0984cfb000-7c0984d06000 r--s 00081000 00:28 72034                      /home/mattmanns73/.gradle/wrapper/dists/gradle-5.6.4-all/ankdp27end7byghfw1q2sw75f/gradle-5.6.4/lib/trove4j-1.0.20181211.jar
7c0984d06000-7c0984d08000 r--s 00009000 00:28 72042                      /home/mattmanns73/.gradle/wrapper/dists/gradle-5.6.4-all/ankdp27end7byghfw1q2sw75f/gradle-5.6.4/lib/kotlin-script-runtime-1.3.41.jar
7c0984d08000-7c0984f2f000 r--s 0204c000 00:28 72004                      /home/mattmanns73/.gradle/wrapper/dists/gradle-5.6.4-all/ankdp27end7byghfw1q2sw75f/gradle-5.6.4/lib/kotlin-compiler-embeddable-1.3.41-patched-for-gradle-5.6.4.jar
7c0984f2f000-7c0984f30000 r--s 00001000 00:28 72003                      /home/mattmanns73/.gradle/wrapper/dists/gradle-5.6.4-all/ankdp27end7byghfw1q2sw75f/gradle-5.6.4/lib/gradle-kotlin-dsl-tooling-models-5.6.4.jar
7c0984f30000-7c0984f32000 r--s 00006000 00:28 71977                      /home/mattmanns73/.gradle/wrapper/dists/gradle-5.6.4-all/ankdp27end7byghfw1q2sw75f/gradle-5.6.4/lib/gradle-wrapper-5.6.4.jar
7c0984f32000-7c0984f41000 r--s 0004d000 00:28 71976                      /home/mattmanns73/.gradle/wrapper/dists/gradle-5.6.4-all/ankdp27end7byghfw1q2sw75f/gradle-5.6.4/lib/gradle-tooling-api-5.6.4.jar
7c0984f41000-7c0984f51000 r--s 0026b000 00:28 72026                      /home/mattmanns73/.gradle/wrapper/dists/gradle-5.6.4-all/ankdp27end7byghfw1q2sw75f/gradle-5.6.4/lib/kotlinx-metadata-jvm-0.1.0.jar
7c0984f51000-7c0984f52000 r--s 00002000 00:28 72025                      /home/mattmanns73/.gradle/wrapper/dists/gradle-5.6.4-all/ankdp27end7byghfw1q2sw75f/gradle-5.6.4/lib/kotlin-sam-with-receiver-compiler-plugin-1.3.41.jar
7c0984f52000-7c0984f59000 r--s 00047000 00:28 72024                      /home/mattmanns73/.gradle/wrapper/dists/gradle-5.6.4-all/ankdp27end7byghfw1q2sw75f/gradle-5.6.4/lib/kotlin-scripting-compiler-impl-embeddable-1.3.41.jar
7c0984f59000-7c0984f5a000 r--s 00009000 00:28 72023                      /home/mattmanns73/.gradle/wrapper/dists/gradle-5.6.4-all/ankdp27end7byghfw1q2sw75f/gradle-5.6.4/lib/kotlin-scripting-compiler-embeddable-1.3.41.jar
7c0984f5a000-7c0984f75000 r--s 0015f000 00:28 71975                      /home/mattmanns73/.gradle/wrapper/dists/gradle-5.6.4-all/ankdp27end7byghfw1q2sw75f/gradle-5.6.4/lib/gradle-kotlin-dsl-5.6.4.jar
7c0984f75000-7c0984f77000 r--s 00005000 00:28 71990                      /home/mattmanns73/.gradle/wrapper/dists/gradle-5.6.4-all/ankdp27end7byghfw1q2sw75f/gradle-5.6.4/lib/gradle-worker-processes-5.6.4.jar
7c0984f77000-7c0984f7d000 r--s 00028000 00:28 71984                      /home/mattmanns73/.gradle/wrapper/dists/gradle-5.6.4-all/ankdp27end7byghfw1q2sw75f/gradle-5.6.4/lib/gradle-execution-5.6.4.jar
7c0984f7d000-7c0984f7f000 r--s 00007000 00:28 71983                      /home/mattmanns73/.gradle/wrapper/dists/gradle-5.6.4-all/ankdp27end7byghfw1q2sw75f/gradle-5.6.4/lib/gradle-model-groovy-5.6.4.jar
7c0984f7f000-7c0984f81000 r--s 00000000 00:28 71992                      /home/mattmanns73/.gradle/wrapper/dists/gradle-5.6.4-all/ankdp27end7byghfw1q2sw75f/gradle-5.6.4/lib/gradle-jvm-services-5.6.4.jar
7c0984f81000-7c0984f83000 r--s 00006000 00:28 71986                      /home/mattmanns73/.gradle/wrapper/dists/gradle-5.6.4-all/ankdp27end7byghfw1q2sw75f/gradle-5.6.4/lib/gradle-build-cache-packaging-5.6.4.jar
7c0984f83000-7c0984f87000 r--s 0000e000 00:28 71987                      /home/mattmanns73/.gradle/wrapper/dists/gradle-5.6.4-all/ankdp27end7byghfw1q2sw75f/gradle-5.6.4/lib/gradle-build-cache-5.6.4.jar
7c0984f87000-7c0984f88000 r--s 00005000 00:28 72007                      /home/mattmanns73/.gradle/wrapper/dists/gradle-5.6.4-all/ankdp27end7byghfw1q2sw75f/gradle-5.6.4/lib/gradle-docs-5.6.4.jar
7c0984f88000-7c0984fc0000 r--s 00273000 00:28 72036                      /home/mattmanns73/.gradle/wrapper/dists/gradle-5.6.4-all/ankdp27end7byghfw1q2sw75f/gradle-5.6.4/lib/kotlin-reflect-1.3.41.jar
7c0984fc0000-7c0984fc1000 r--s 00000000 00:28 72037                      /home/mattmanns73/.gradle/wrapper/dists/gradle-5.6.4-all/ankdp27end7byghfw1q2sw75f/gradle-5.6.4/lib/kotlin-stdlib-jdk7-1.3.41.jar
7c0984fc1000-7c0984fc3000 r--s 00002000 00:28 72021                      /home/mattmanns73/.gradle/wrapper/dists/gradle-5.6.4-all/ankdp27end7byghfw1q2sw75f/gradle-5.6.4/lib/kotlin-stdlib-jdk8-1.3.41.jar
7c0984fc3000-7c0984fcc000 r--s 000b3000 00:28 71980                      /home/mattmanns73/.gradle/wrapper/dists/gradle-5.6.4-all/ankdp27end7byghfw1q2sw75f/gradle-5.6.4/lib/gradle-instant-execution-5.6.4.jar
7c0984fcc000-7c0984fd5000 r--s 0002d000 00:28 72035                      /home/mattmanns73/.gradle/wrapper/dists/gradle-5.6.4-all/ankdp27end7byghfw1q2sw75f/gradle-5.6.4/lib/xml-apis-1.4.01.jar
7c0984fd5000-7c0984fe0000 r--s 00086000 00:28 72027                      /home/mattmanns73/.gradle/wrapper/dists/gradle-5.6.4-all/ankdp27end7byghfw1q2sw75f/gradle-5.6.4/lib/commons-compress-1.18.jar
7c0984fe0000-7c0984fe2000 r--s 00007000 00:28 72017                      /home/mattmanns73/.gradle/wrapper/dists/gradle-5.6.4-all/ankdp27end7byghfw1q2sw75f/gradle-5.6.4/lib/asm-analysis-7.1.jar
7c0984fe2000-7c0984fe4000 r--s 0000b000 00:28 72018                      /home/mattmanns73/.gradle/wrapper/dists/gradle-5.6.4-all/ankdp27end7byghfw1q2sw75f/gradle-5.6.4/lib/asm-tree-7.1.jar
7c0984fe4000-7c0984fe6000 r--s 00010000 00:28 72016                      /home/mattmanns73/.gradle/wrapper/dists/gradle-5.6.4-all/ankdp27end7byghfw1q2sw75f/gradle-5.6.4/lib/asm-commons-7.1.jar
7c0984fe6000-7c0984fea000 r--s 00010000 00:28 72001                      /home/mattmanns73/.gradle/wrapper/dists/gradle-5.6.4-all/ankdp27end7byghfw1q2sw75f/gradle-5.6.4/lib/gradle-snapshots-5.6.4.jar
7c0984fea000-7c0984ff1000 r--s 00021000 00:28 72044                      /home/mattmanns73/.gradle/wrapper/dists/gradle-5.6.4-all/ankdp27end7byghfw1q2sw75f/gradle-5.6.4/lib/kotlin-stdlib-common-1.3.41.jar
7c0984ff1000-7c0984ff3000 r--s 00003000 00:28 72039                      /home/mattmanns73/.gradle/wrapper/dists/gradle-5.6.4-all/ankdp27end7byghfw1q2sw75f/gradle-5.6.4/lib/annotations-13.0.jar
7c0984ff3000-7c0985007000 r--s 00128000 00:28 72038                      /home/mattmanns73/.gradle/wrapper/dists/gradle-5.6.4-all/ankdp27end7byghfw1q2sw75f/gradle-5.6.4/lib/kotlin-stdlib-1.3.41.jar
7c0985007000-7c098501e000 r--s 000d6000 00:28 71985                      /home/mattmanns73/.gradle/wrapper/dists/gradle-5.6.4-all/ankdp27end7byghfw1q2sw75f/gradle-5.6.4/lib/gradle-model-core-5.6.4.jar
7c098501e000-7c0985023000 r--s 00015000 00:28 71994                      /home/mattmanns73/.gradle/wrapper/dists/gradle-5.6.4-all/ankdp27end7byghfw1q2sw75f/gradle-5.6.4/lib/gradle-resources-5.6.4.jar
7c0985023000-7c098502a000 r--s 00036000 00:28 71989                      /home/mattmanns73/.gradle/wrapper/dists/gradle-5.6.4-all/ankdp27end7byghfw1q2sw75f/gradle-5.6.4/lib/gradle-persistent-cache-5.6.4.jar
7c098502a000-7c098502c000 r--s 00006000 00:28 71997                      /home/mattmanns73/.gradle/wrapper/dists/gradle-5.6.4-all/ankdp27end7byghfw1q2sw75f/gradle-5.6.4/lib/gradle-base-services-groovy-5.6.4.jar
7c098502c000-7c098502d000 r--s 00000000 00:28 72022                      /home/mattmanns73/.gradle/wrapper/dists/gradle-5.6.4-all/ankdp27end7byghfw1q2sw75f/gradle-5.6.4/lib/javax.inject-1.jar
7c098502d000-7c0985032000 r--s 0001f000 00:28 71982                      /home/mattmanns73/.gradle/wrapper/dists/gradle-5.6.4-all/ankdp27end7byghfw1q2sw75f/gradle-5.6.4/lib/gradle-file-collections-5.6.4.jar
7c0985032000-7c0985034000 r--s 00006000 00:28 71993                      /home/mattmanns73/.gradle/wrapper/dists/gradle-5.6.4-all/ankdp27end7byghfw1q2sw75f/gradle-5.6.4/lib/gradle-process-services-5.6.4.jar
7c0985034000-7c0985036000 r--s 00004000 00:28 72010                      /home/mattmanns73/.gradle/wrapper/dists/gradle-5.6.4-all/ankdp27end7byghfw1q2sw75f/gradle-5.6.4/lib/log4j-over-slf4j-1.7.25.jar
7c0985036000-7c0985038000 r--s 00000000 00:28 72009                      /home/mattmanns73/.gradle/wrapper/dists/gradle-5.6.4-all/ankdp27end7byghfw1q2sw75f/gradle-5.6.4/lib/jul-to-slf4j-1.7.25.jar
7c0985038000-7c098503a000 r--s 00003000 00:28 72011                      /home/mattmanns73/.gradle/wrapper/dists/gradle-5.6.4-all/ankdp27end7byghfw1q2sw75f/gradle-5.6.4/lib/jcl-over-slf4j-1.7.25.jar
7c098503a000-7c0985042000 r--s 00038000 00:28 71991                      /home/mattmanns73/.gradle/wrapper/dists/gradle-5.6.4-all/ankdp27end7byghfw1q2sw75f/gradle-5.6.4/lib/gradle-logging-5.6.4.jar
7c0985042000-7c0985044000 r--s 00004000 00:28 72002                      /home/mattmanns73/.gradle/wrapper/dists/gradle-5.6.4-all/ankdp27end7byghfw1q2sw75f/gradle-5.6.4/lib/gradle-files-5.6.4.jar
7c0985044000-7c0985045000 r--s 00004000 00:28 72045                      /home/mattmanns73/.gradle/wrapper/dists/gradle-5.6.4-all/ankdp27end7byghfw1q2sw75f/gradle-5.6.4/lib/native-platform-freebsd-amd64-libcpp-0.18.jar
7c0985045000-7c0985046000 r--s 00004000 00:28 72046                      /home/mattmanns73/.gradle/wrapper/dists/gradle-5.6.4-all/ankdp27end7byghfw1q2sw75f/gradle-5.6.4/lib/native-platform-freebsd-amd64-libstdcpp-0.18.jar
7c0985046000-7c0985047000 r--s 00004000 00:28 72047                      /home/mattmanns73/.gradle/wrapper/dists/gradle-5.6.4-all/ankdp27end7byghfw1q2sw75f/gradle-5.6.4/lib/native-platform-freebsd-i386-libcpp-0.18.jar
7c0985047000-7c0985048000 r--s 00004000 00:28 72048                      /home/mattmanns73/.gradle/wrapper/dists/gradle-5.6.4-all/ankdp27end7byghfw1q2sw75f/gradle-5.6.4/lib/native-platform-freebsd-i386-libstdcpp-0.18.jar
7c0985048000-7c0985049000 r--s 00002000 00:28 72049                      /home/mattmanns73/.gradle/wrapper/dists/gradle-5.6.4-all/ankdp27end7byghfw1q2sw75f/gradle-5.6.4/lib/native-platform-linux-aarch64-0.18.jar
7c0985049000-7c098504a000 r--s 00002000 00:28 72050                      /home/mattmanns73/.gradle/wrapper/dists/gradle-5.6.4-all/ankdp27end7byghfw1q2sw75f/gradle-5.6.4/lib/native-platform-linux-amd64-0.18.jar
7c098504a000-7c098504b000 r--s 00002000 00:28 72051                      /home/mattmanns73/.gradle/wrapper/dists/gradle-5.6.4-all/ankdp27end7byghfw1q2sw75f/gradle-5.6.4/lib/native-platform-linux-i386-0.18.jar
7c098504b000-7c098504c000 r--s 00003000 00:28 72052                      /home/mattmanns73/.gradle/wrapper/dists/gradle-5.6.4-all/ankdp27end7byghfw1q2sw75f/gradle-5.6.4/lib/native-platform-osx-amd64-0.18.jar
7c098504c000-7c098504d000 r--s 00011000 00:28 72053                      /home/mattmanns73/.gradle/wrapper/dists/gradle-5.6.4-all/ankdp27end7byghfw1q2sw75f/gradle-5.6.4/lib/native-platform-windows-amd64-0.18.jar
7c098504d000-7c098504f000 r--s 00010000 00:28 72054                      /home/mattmanns73/.gradle/wrapper/dists/gradle-5.6.4-all/ankdp27end7byghfw1q2sw75f/gradle-5.6.4/lib/native-platform-windows-amd64-min-0.18.jar
7c098504f000-7c0985050000 r--s 0000f000 00:28 72055                      /home/mattmanns73/.gradle/wrapper/dists/gradle-5.6.4-all/ankdp27end7byghfw1q2sw75f/gradle-5.6.4/lib/native-platform-windows-i386-0.18.jar
7c0985050000-7c0985051000 r--s 0000f000 00:28 72056                      /home/mattmanns73/.gradle/wrapper/dists/gradle-5.6.4-all/ankdp27end7byghfw1q2sw75f/gradle-5.6.4/lib/native-platform-windows-i386-min-0.18.jar
7c0985051000-7c0985052000 r--s 00001000 00:28 72057                      /home/mattmanns73/.gradle/wrapper/dists/gradle-5.6.4-all/ankdp27end7byghfw1q2sw75f/gradle-5.6.4/lib/native-platform-linux-aarch64-ncurses5-0.18.jar
7c0985052000-7c0985054000 r--s 00001000 00:28 72058                      /home/mattmanns73/.gradle/wrapper/dists/gradle-5.6.4-all/ankdp27end7byghfw1q2sw75f/gradle-5.6.4/lib/native-platform-linux-amd64-ncurses5-0.18.jar
7c0985054000-7c0985055000 r--s 00001000 00:28 72059                      /home/mattmanns73/.gradle/wrapper/dists/gradle-5.6.4-all/ankdp27end7byghfw1q2sw75f/gradle-5.6.4/lib/native-platform-linux-amd64-ncurses6-0.18.jar
7c0985055000-7c098505a000 r--s 0001a000 00:28 72032                      /home/mattmanns73/.gradle/wrapper/dists/gradle-5.6.4-all/ankdp27end7byghfw1q2sw75f/gradle-5.6.4/lib/native-platform-0.18.jar
7c098505a000-7c098505e000 r--s 00042000 00:28 72029                      /home/mattmanns73/.gradle/wrapper/dists/gradle-5.6.4-all/ankdp27end7byghfw1q2sw75f/gradle-5.6.4/lib/jansi-1.17.1.jar
7c098505e000-7c0985061000 r--s 0000c000 00:28 71996                      /home/mattmanns73/.gradle/wrapper/dists/gradle-5.6.4-all/ankdp27end7byghfw1q2sw75f/gradle-5.6.4/lib/gradle-native-5.6.4.jar
7c0985061000-7c0985091000 r--s 0024c000 00:28 72013                      /home/mattmanns73/.gradle/wrapper/dists/gradle-5.6.4-all/ankdp27end7byghfw1q2sw75f/gradle-5.6.4/lib/guava-27.1-android.jar
7c0985091000-7c098510f000 r--s 00759000 00:28 72008                      /home/mattmanns73/.gradle/wrapper/dists/gradle-5.6.4-all/ankdp27end7byghfw1q2sw75f/gradle-5.6.4/lib/groovy-all-1.3-2.5.4.jar
7c098510f000-7c0985110000 ---p 00000000 00:00 0 
7c0985110000-7c0985210000 rw-p 00000000 00:00 0 
7c0985210000-7c0985213000 ---p 00000000 00:00 0 
7c0985213000-7c0985311000 rw-p 00000000 00:00 0 
7c0985311000-7c0985312000 ---p 00000000 00:00 0 
7c0985312000-7c0985315000 ---p 00000000 00:00 0 
7c0985315000-7c0985412000 rw-p 00000000 00:00 0 
7c0985412000-7c0985413000 ---p 00000000 00:00 0 
7c0985413000-7c0985416000 ---p 00000000 00:00 0 
7c0985416000-7c0985513000 rw-p 00000000 00:00 0 
7c0985513000-7c0985514000 ---p 00000000 00:00 0 
7c0985514000-7c0985517000 ---p 00000000 00:00 0 
7c0985517000-7c0985614000 rw-p 00000000 00:00 0 
7c0985614000-7c0985617000 ---p 00000000 00:00 0 
7c0985617000-7c0985715000 rw-p 00000000 00:00 0 
7c0985715000-7c09859fa000 r--p 00000000 00:28 2777                       /usr/lib/locale/locale-archive
7c09859fa000-7c09859fd000 ---p 00000000 00:00 0 
7c09859fd000-7c0985afb000 rw-p 00000000 00:00 0 
7c0985afb000-7c0985afe000 ---p 00000000 00:00 0 
7c0985afe000-7c0985bfc000 rw-p 00000000 00:00 0 
7c0985bfc000-7c0985bfd000 ---p 00000000 00:00 0 
7c0985bfd000-7c0989000000 rw-p 00000000 00:00 0 
7c0989000000-7c09894a0000 rwxp 00000000 00:00 0 
7c09894a0000-7c0998000000 ---p 00000000 00:00 0 
7c0998000000-7c099927b000 rw-p 00000000 00:00 0 
7c099927b000-7c099c000000 ---p 00000000 00:00 0 
7c099c000000-7c099c001000 r--s 00001000 00:28 72060                      /home/mattmanns73/.gradle/wrapper/dists/gradle-5.6.4-all/ankdp27end7byghfw1q2sw75f/gradle-5.6.4/lib/native-platform-linux-i386-ncurses5-0.18.jar
7c099c001000-7c099c002000 r--s 00001000 00:28 72061                      /home/mattmanns73/.gradle/wrapper/dists/gradle-5.6.4-all/ankdp27end7byghfw1q2sw75f/gradle-5.6.4/lib/native-platform-linux-i386-ncurses6-0.18.jar
7c099c002000-7c099c003000 r--s 00003000 00:28 71999                      /home/mattmanns73/.gradle/wrapper/dists/gradle-5.6.4-all/ankdp27end7byghfw1q2sw75f/gradle-5.6.4/lib/gradle-build-option-5.6.4.jar
7c099c003000-7c099c005000 r--s 0000c000 00:28 72033                      /home/mattmanns73/.gradle/wrapper/dists/gradle-5.6.4-all/ankdp27end7byghfw1q2sw75f/gradle-5.6.4/lib/objenesis-2.6.jar
7c099c005000-7c099c007000 r--s 00000000 00:28 72041                      /home/mattmanns73/.gradle/wrapper/dists/gradle-5.6.4-all/ankdp27end7byghfw1q2sw75f/gradle-5.6.4/lib/minlog-1.2.jar
7c099c007000-7c099c00d000 r--s 0004d000 00:28 72031                      /home/mattmanns73/.gradle/wrapper/dists/gradle-5.6.4-all/ankdp27end7byghfw1q2sw75f/gradle-5.6.4/lib/kryo-2.24.0.jar
7c099c00d000-7c099c010000 r--s 0001c000 00:28 72028                      /home/mattmanns73/.gradle/wrapper/dists/gradle-5.6.4-all/ankdp27end7byghfw1q2sw75f/gradle-5.6.4/lib/fastutil-8.2.1-min.jar
7c099c010000-7c099c017000 r--s 0002f000 00:28 71995                      /home/mattmanns73/.gradle/wrapper/dists/gradle-5.6.4-all/ankdp27end7byghfw1q2sw75f/gradle-5.6.4/lib/gradle-messaging-5.6.4.jar
7c099c017000-7c099c019000 r--s 00005000 00:28 72000                      /home/mattmanns73/.gradle/wrapper/dists/gradle-5.6.4-all/ankdp27end7byghfw1q2sw75f/gradle-5.6.4/lib/gradle-cli-5.6.4.jar
7c099c019000-7c099c01b000 r--s 00003000 00:28 72005                      /home/mattmanns73/.gradle/wrapper/dists/gradle-5.6.4-all/ankdp27end7byghfw1q2sw75f/gradle-5.6.4/lib/gradle-hashing-5.6.4.jar
7c099c01b000-7c099c01d000 r--s 00003000 00:28 72030                      /home/mattmanns73/.gradle/wrapper/dists/gradle-5.6.4-all/ankdp27end7byghfw1q2sw75f/gradle-5.6.4/lib/jsr305-3.0.2.jar
7c099c01d000-7c099c01f000 r--s 00000000 00:28 72043                      /home/mattmanns73/.gradle/wrapper/dists/gradle-5.6.4-all/ankdp27end7byghfw1q2sw75f/gradle-5.6.4/lib/failureaccess-1.0.1.jar
7c099c01f000-7c099c024000 r--s 00041000 00:28 72015                      /home/mattmanns73/.gradle/wrapper/dists/gradle-5.6.4-all/ankdp27end7byghfw1q2sw75f/gradle-5.6.4/lib/commons-lang-2.6.jar
7c099c024000-7c099c028000 r--s 00031000 00:28 72014                      /home/mattmanns73/.gradle/wrapper/dists/gradle-5.6.4-all/ankdp27end7byghfw1q2sw75f/gradle-5.6.4/lib/commons-io-2.6.jar
7c099c028000-7c099c02a000 r--s 0001b000 00:28 72019                      /home/mattmanns73/.gradle/wrapper/dists/gradle-5.6.4-all/ankdp27end7byghfw1q2sw75f/gradle-5.6.4/lib/asm-7.1.jar
7c099c02a000-7c099c049000 r--s 001db000 00:28 72020                      /home/mattmanns73/.gradle/wrapper/dists/gradle-5.6.4-all/ankdp27end7byghfw1q2sw75f/gradle-5.6.4/lib/ant-1.9.14.jar
7c099c049000-7c099c087000 r--s 0020d000 00:28 71981                      /home/mattmanns73/.gradle/wrapper/dists/gradle-5.6.4-all/ankdp27end7byghfw1q2sw75f/gradle-5.6.4/lib/gradle-core-5.6.4.jar
7c099c087000-7c099c095000 r--s 00043000 00:28 71988                      /home/mattmanns73/.gradle/wrapper/dists/gradle-5.6.4-all/ankdp27end7byghfw1q2sw75f/gradle-5.6.4/lib/gradle-core-api-5.6.4.jar
7c099c095000-7c099c0a2000 r--s 00064000 00:28 71998                      /home/mattmanns73/.gradle/wrapper/dists/gradle-5.6.4-all/ankdp27end7byghfw1q2sw75f/gradle-5.6.4/lib/gradle-base-services-5.6.4.jar
7c099c0a2000-7c099c0af000 r--s 0006c000 00:28 71973                      /home/mattmanns73/.gradle/wrapper/dists/gradle-5.6.4-all/ankdp27end7byghfw1q2sw75f/gradle-5.6.4/lib/gradle-launcher-5.6.4.jar
7c099c0af000-7c099cdae000 rw-p 00000000 00:00 0 
7c099cdae000-7c099cf81000 r--s 03cb1000 00:28 40902                      /opt/android-studio/jre/jre/lib/rt.jar
7c099cf81000-7c099db98000 rw-p 00000000 00:00 0 
7c099db98000-7c099db99000 ---p 00000000 00:00 0 
7c099db99000-7c099dc99000 rw-p 00000000 00:00 0 
7c099dc99000-7c099dc9a000 ---p 00000000 00:00 0 
7c099dc9a000-7c099dd9a000 rw-p 00000000 00:00 0 
7c099dd9a000-7c099dd9b000 ---p 00000000 00:00 0 
7c099dd9b000-7c099de9b000 rw-p 00000000 00:00 0 
7c099de9b000-7c099de9c000 ---p 00000000 00:00 0 
7c099de9c000-7c099dfab000 rw-p 00000000 00:00 0 
7c099dfab000-7c099e19c000 ---p 00000000 00:00 0 
7c099e19c000-7c099e1ab000 rw-p 00000000 00:00 0 
7c099e1ab000-7c099e39c000 ---p 00000000 00:00 0 
7c099e39c000-7c099e3b8000 rw-p 00000000 00:00 0 
7c099e3b8000-7c099e49c000 ---p 00000000 00:00 0 
7c099e49c000-7c099e4b0000 rw-p 00000000 00:00 0 
7c099e4b0000-7c099e85d000 ---p 00000000 00:00 0 
7c099e85d000-7c099e878000 r-xp 00000000 00:28 40819                      /opt/android-studio/jre/jre/lib/amd64/libzip.so
7c099e878000-7c099e879000 r--p 0001a000 00:28 40819                      /opt/android-studio/jre/jre/lib/amd64/libzip.so
7c099e879000-7c099e87a000 rw-p 0001b000 00:28 40819                      /opt/android-studio/jre/jre/lib/amd64/libzip.so
7c099e87a000-7c099e87d000 r--p 00000000 00:28 1724                       /lib/x86_64-linux-gnu/libnss_files-2.28.so
7c099e87d000-7c099e884000 r-xp 00003000 00:28 1724                       /lib/x86_64-linux-gnu/libnss_files-2.28.so
7c099e884000-7c099e886000 r--p 0000a000 00:28 1724                       /lib/x86_64-linux-gnu/libnss_files-2.28.so
7c099e886000-7c099e887000 ---p 0000c000 00:28 1724                       /lib/x86_64-linux-gnu/libnss_files-2.28.so
7c099e887000-7c099e888000 r--p 0000c000 00:28 1724                       /lib/x86_64-linux-gnu/libnss_files-2.28.so
7c099e888000-7c099e889000 rw-p 0000d000 00:28 1724                       /lib/x86_64-linux-gnu/libnss_files-2.28.so
7c099e889000-7c099e88f000 rw-p 00000000 00:00 0 
7c099e88f000-7c099e897000 rw-s 00000000 00:28 119663                     /tmp/hsperfdata_mattmanns73/5843
7c099e897000-7c099e8c2000 r-xp 00000000 00:28 40798                      /opt/android-studio/jre/jre/lib/amd64/libjava.so
7c099e8c2000-7c099e8c3000 r--p 0002a000 00:28 40798                      /opt/android-studio/jre/jre/lib/amd64/libjava.so
7c099e8c3000-7c099e8c5000 rw-p 0002b000 00:28 40798                      /opt/android-studio/jre/jre/lib/amd64/libjava.so
7c099e8c5000-7c099e8d2000 r-xp 00000000 00:28 40818                      /opt/android-studio/jre/jre/lib/amd64/libverify.so
7c099e8d2000-7c099e8d4000 r--p 0000c000 00:28 40818                      /opt/android-studio/jre/jre/lib/amd64/libverify.so
7c099e8d4000-7c099e8d5000 rw-p 0000e000 00:28 40818                      /opt/android-studio/jre/jre/lib/amd64/libverify.so
7c099e8d5000-7c099e8d7000 r--p 00000000 00:28 1750                       /lib/x86_64-linux-gnu/librt-2.28.so
7c099e8d7000-7c099e8db000 r-xp 00002000 00:28 1750                       /lib/x86_64-linux-gnu/librt-2.28.so
7c099e8db000-7c099e8dd000 r--p 00006000 00:28 1750                       /lib/x86_64-linux-gnu/librt-2.28.so
7c099e8dd000-7c099e8de000 r--p 00007000 00:28 1750                       /lib/x86_64-linux-gnu/librt-2.28.so
7c099e8de000-7c099e8df000 rw-p 00008000 00:28 1750                       /lib/x86_64-linux-gnu/librt-2.28.so
7c099e8df000-7c099e8e0000 ---p 00000000 00:00 0 
7c099e8e0000-7c099e8e3000 ---p 00000000 00:00 0 
7c099e8e3000-7c099e9e0000 rw-p 00000000 00:00 0 
7c099e9e0000-7c099e9ed000 r--p 00000000 00:28 1705                       /lib/x86_64-linux-gnu/libm-2.28.so
7c099e9ed000-7c099ea8c000 r-xp 0000d000 00:28 1705                       /lib/x86_64-linux-gnu/libm-2.28.so
7c099ea8c000-7c099eb61000 r--p 000ac000 00:28 1705                       /lib/x86_64-linux-gnu/libm-2.28.so
7c099eb61000-7c099eb62000 r--p 00180000 00:28 1705                       /lib/x86_64-linux-gnu/libm-2.28.so
7c099eb62000-7c099eb63000 rw-p 00181000 00:28 1705                       /lib/x86_64-linux-gnu/libm-2.28.so
7c099eb63000-7c099f78a000 r-xp 00000000 00:28 40823                      /opt/android-studio/jre/jre/lib/amd64/server/libjvm.so
7c099f78a000-7c099f832000 r--p 00c26000 00:28 40823                      /opt/android-studio/jre/jre/lib/amd64/server/libjvm.so
7c099f832000-7c099f85b000 rw-p 00cce000 00:28 40823                      /opt/android-studio/jre/jre/lib/amd64/server/libjvm.so
7c099f85b000-7c099f8a1000 rw-p 00000000 00:00 0 
7c099f8a1000-7c099f8c3000 r--p 00000000 00:28 1661                       /lib/x86_64-linux-gnu/libc-2.28.so
7c099f8c3000-7c099fa0b000 r-xp 00022000 00:28 1661                       /lib/x86_64-linux-gnu/libc-2.28.so
7c099fa0b000-7c099fa57000 r--p 0016a000 00:28 1661                       /lib/x86_64-linux-gnu/libc-2.28.so
7c099fa57000-7c099fa58000 ---p 001b6000 00:28 1661                       /lib/x86_64-linux-gnu/libc-2.28.so
7c099fa58000-7c099fa5c000 r--p 001b6000 00:28 1661                       /lib/x86_64-linux-gnu/libc-2.28.so
7c099fa5c000-7c099fa5e000 rw-p 001ba000 00:28 1661                       /lib/x86_64-linux-gnu/libc-2.28.so
7c099fa5e000-7c099fa62000 rw-p 00000000 00:00 0 
7c099fa62000-7c099fa63000 r--p 00000000 00:28 1676                       /lib/x86_64-linux-gnu/libdl-2.28.so
7c099fa63000-7c099fa64000 r-xp 00001000 00:28 1676                       /lib/x86_64-linux-gnu/libdl-2.28.so
7c099fa64000-7c099fa65000 r--p 00002000 00:28 1676                       /lib/x86_64-linux-gnu/libdl-2.28.so
7c099fa65000-7c099fa66000 r--p 00002000 00:28 1676                       /lib/x86_64-linux-gnu/libdl-2.28.so
7c099fa66000-7c099fa67000 rw-p 00003000 00:28 1676                       /lib/x86_64-linux-gnu/libdl-2.28.so
7c099fa67000-7c099fa7d000 r-xp 00000000 00:28 40920                      /opt/android-studio/jre/lib/amd64/jli/libjli.so
7c099fa7d000-7c099fa7e000 r--p 00015000 00:28 40920                      /opt/android-studio/jre/lib/amd64/jli/libjli.so
7c099fa7e000-7c099fa7f000 rw-p 00016000 00:28 40920                      /opt/android-studio/jre/lib/amd64/jli/libjli.so
7c099fa7f000-7c099fa85000 r--p 00000000 00:28 1744                       /lib/x86_64-linux-gnu/libpthread-2.28.so
7c099fa85000-7c099fa94000 r-xp 00006000 00:28 1744                       /lib/x86_64-linux-gnu/libpthread-2.28.so
7c099fa94000-7c099fa9a000 r--p 00015000 00:28 1744                       /lib/x86_64-linux-gnu/libpthread-2.28.so
7c099fa9a000-7c099fa9b000 r--p 0001a000 00:28 1744                       /lib/x86_64-linux-gnu/libpthread-2.28.so
7c099fa9b000-7c099fa9c000 rw-p 0001b000 00:28 1744                       /lib/x86_64-linux-gnu/libpthread-2.28.so
7c099fa9c000-7c099faa2000 rw-p 00000000 00:00 0 
7c099faa2000-7c099faa3000 r--s 00000000 00:28 72006                      /home/mattmanns73/.gradle/wrapper/dists/gradle-5.6.4-all/ankdp27end7byghfw1q2sw75f/gradle-5.6.4/lib/gradle-pineapple-5.6.4.jar
7c099faa3000-7c099faa5000 r--s 00009000 00:28 72012                      /home/mattmanns73/.gradle/wrapper/dists/gradle-5.6.4-all/ankdp27end7byghfw1q2sw75f/gradle-5.6.4/lib/slf4j-api-1.7.25.jar
7c099faa5000-7c099faa6000 r--s 00004000 00:28 72040                      /home/mattmanns73/.gradle/wrapper/dists/gradle-5.6.4-all/ankdp27end7byghfw1q2sw75f/gradle-5.6.4/lib/ant-launcher-1.9.14.jar
7c099faa6000-7c099faa8000 r--s 00001000 00:28 71979                      /home/mattmanns73/.gradle/wrapper/dists/gradle-5.6.4-all/ankdp27end7byghfw1q2sw75f/gradle-5.6.4/lib/gradle-bootstrap-5.6.4.jar
7c099faa8000-7c099faa9000 rw-p 00000000 00:00 0 
7c099faa9000-7c099faaa000 ---p 00000000 00:00 0 
7c099faaa000-7c099faab000 r--p 00000000 00:28 1643                       /lib/x86_64-linux-gnu/ld-2.28.so
7c099faab000-7c099fac9000 r-xp 00001000 00:28 1643                       /lib/x86_64-linux-gnu/ld-2.28.so
7c099fac9000-7c099fad1000 r--p 0001f000 00:28 1643                       /lib/x86_64-linux-gnu/ld-2.28.so
7c099fad1000-7c099fad2000 r--p 00026000 00:28 1643                       /lib/x86_64-linux-gnu/ld-2.28.so
7c099fad2000-7c099fad3000 rw-p 00027000 00:28 1643                       /lib/x86_64-linux-gnu/ld-2.28.so
7c099fad3000-7c099fad4000 rw-p 00000000 00:00 0 
7ffc9f347000-7ffc9f368000 rw-p 00000000 00:00 0                          [stack]
7ffc9f3d5000-7ffc9f3d8000 r--p 00000000 00:00 0                          [vvar]
7ffc9f3d8000-7ffc9f3da000 r-xp 00000000 00:00 0                          [vdso]
ffffffffff600000-ffffffffff601000 r-xp 00000000 00:00 0                  [vsyscall]

VM Arguments:
jvm_args: -Xmx1536m -Dfile.encoding=UTF-8 -Duser.country=US -Duser.language=en -Duser.variant 
java_command: org.gradle.launcher.daemon.bootstrap.GradleDaemon 5.6.4
java_class_path (initial): /home/mattmanns73/.gradle/wrapper/dists/gradle-5.6.4-all/ankdp27end7byghfw1q2sw75f/gradle-5.6.4/lib/gradle-launcher-5.6.4.jar
Launcher Type: SUN_STANDARD

Environment Variables:
PATH=/usr/local/sbin:/usr/local/bin:/usr/local/games:/usr/sbin:/usr/bin:/usr/games:/sbin:/bin
SHELL=/bin/bash
DISPLAY=:0

Signal Handlers:
SIGSEGV: [libjvm.so+0xa0bf30], sa_mask[0]=11111111011111111101111111111110, sa_flags=SA_RESTART|SA_SIGINFO
SIGBUS: [libjvm.so+0xa0bf30], sa_mask[0]=11111111011111111101111111111110, sa_flags=SA_RESTART|SA_SIGINFO
SIGFPE: [libjvm.so+0x86d4c0], sa_mask[0]=11111111011111111101111111111110, sa_flags=SA_RESTART|SA_SIGINFO
SIGPIPE: [libjvm.so+0x86d4c0], sa_mask[0]=11111111011111111101111111111110, sa_flags=SA_RESTART|SA_SIGINFO
SIGXFSZ: [libjvm.so+0x86d4c0], sa_mask[0]=11111111011111111101111111111110, sa_flags=SA_RESTART|SA_SIGINFO
SIGILL: [libjvm.so+0x86d4c0], sa_mask[0]=11111111011111111101111111111110, sa_flags=SA_RESTART|SA_SIGINFO
SIGUSR1: SIG_DFL, sa_mask[0]=00000000000000000000000000000000, sa_flags=none
SIGUSR2: [libjvm.so+0x86d390], sa_mask[0]=00100000000000000000000000000000, sa_flags=SA_RESTART|SA_SIGINFO
SIGHUP: [libjvm.so+0x86d580], sa_mask[0]=11111111011111111101111111111110, sa_flags=SA_RESTART|SA_SIGINFO
SIGINT: [libjvm.so+0x86d580], sa_mask[0]=11111111011111111101111111111110, sa_flags=SA_RESTART|SA_SIGINFO
SIGTERM: [libjvm.so+0x86d580], sa_mask[0]=11111111011111111101111111111110, sa_flags=SA_RESTART|SA_SIGINFO
SIGQUIT: [libjvm.so+0x86d580], sa_mask[0]=11111111011111111101111111111110, sa_flags=SA_RESTART|SA_SIGINFO


---------------  S Y S T E M  ---------------

OS:PRETTY_NAME="Debian GNU/Linux 10 (buster)"
NAME="Debian GNU/Linux"
VERSION_ID="10"
VERSION="10 (buster)"
VERSION_CODENAME=buster
ID=debian
HOME_URL="https://www.debian.org/"
SUPPORT_URL="https://www.debian.org/support"
BUG_REPORT_URL="https://bugs.debian.org/"

uname:Linux 4.19.87-07826-g55ab70aff690 #1 SMP PREEMPT Tue Feb 4 17:29:42 PST 2020 x86_64
libc:glibc 2.28 NPTL 2.28 
rlimit: STACK 8192k, CORE 0k, NPROC 11215, NOFILE 1048576, AS infinity
load average:1.10 0.72 0.75

/proc/meminfo:
MemTotal:        2875828 kB
MemFree:           74720 kB
MemAvailable:      17364 kB
Buffers:             168 kB
Cached:            37056 kB
SwapCached:            0 kB
Active:          2408228 kB
Inactive:          31776 kB
Active(anon):    2403200 kB
Inactive(anon):    18672 kB
Active(file):       5028 kB
Inactive(file):    13104 kB
Unevictable:           0 kB
Mlocked:               0 kB
SwapTotal:             0 kB
SwapFree:              0 kB
Dirty:               488 kB
Writeback:             0 kB
AnonPages:       2403052 kB
Mapped:            18160 kB
Shmem:             18716 kB
Slab:             299400 kB
SReclaimable:      24584 kB
SUnreclaim:       274816 kB
KernelStack:        4544 kB
PageTables:         8240 kB
NFS_Unstable:          0 kB
Bounce:                0 kB
WritebackTmp:          0 kB
CommitLimit:     1437912 kB
Committed_AS:    3116904 kB
VmallocTotal:   34359738367 kB
VmallocUsed:           0 kB
VmallocChunk:          0 kB
Percpu:             1216 kB
AnonHugePages:         0 kB
ShmemHugePages:        0 kB
ShmemPmdMapped:        0 kB
HugePages_Total:       0
HugePages_Free:        0
HugePages_Rsvd:        0
HugePages_Surp:        0
Hugepagesize:       2048 kB
Hugetlb:               0 kB
DirectMap4k:      131072 kB
DirectMap2M:     3082240 kB
DirectMap1G:           0 kB

container (cgroup) information:
container_type: cgroupv1
cpu_cpuset_cpus: 0-3
cpu_memory_nodes: 0
active_processor_count: 4
cpu_quota: -1
cpu_period: 100000
cpu_shares: -1
memory_limit_in_bytes: -1
memory_and_swap_limit_in_bytes: -2
memory_soft_limit_in_bytes: -1
memory_usage_in_bytes: 2456166400
memory_max_usage_in_bytes: 2669686784


CPU:total 4 (initial active 4) (2 cores per cpu, 2 threads per core) family 6 model 142 stepping 9, cmov, cx8, fxsr, mmx, sse, sse2, sse3, ssse3, sse4.1, sse4.2, popcnt, avx, avx2, aes, clmul, erms, 3dnowpref, lzcnt, ht, tsc, tscinvbit, bmi1, bmi2, adx

/proc/cpuinfo:
processor	: 0
vendor_id	: GenuineIntel
cpu family	: 6
model		: 142
model name	: 06/8e
stepping	: 9
microcode	: 0x1
cpu MHz		: 1607.957
cache size	: 4096 KB
physical id	: 0
siblings	: 4
core id		: 0
cpu cores	: 1
apicid		: 0
initial apicid	: 0
fpu		: yes
fpu_exception	: yes
cpuid level	: 13
wp		: yes
flags		: fpu vme de pse tsc msr pae mce cx8 apic sep mtrr pge mca cmov pat pse36 clflush mmx fxsr sse sse2 ss ht syscall nx pdpe1gb rdtscp lm constant_tsc arch_perfmon rep_good nopl xtopology nonstop_tsc cpuid tsc_known_freq pni pclmulqdq ssse3 fma cx16 pcid sse4_1 sse4_2 x2apic movbe popcnt aes xsave avx f16c rdrand hypervisor lahf_lm abm 3dnowprefetch invpcid_single pti ssbd ibrs ibpb stibp fsgsbase tsc_adjust bmi1 avx2 smep bmi2 erms invpcid mpx rdseed adx smap clflushopt xsaveopt xsavec xgetbv1 arat md_clear arch_capabilities
bugs		: cpu_meltdown spectre_v1 spectre_v2 spec_store_bypass l1tf mds swapgs itlb_multihit
bogomips	: 3215.91
clflush size	: 64
cache_alignment	: 64
address sizes	: 39 bits physical, 48 bits virtual
power management:

processor	: 1
vendor_id	: GenuineIntel
cpu family	: 6
model		: 142
model name	: 06/8e
stepping	: 9
microcode	: 0x1
cpu MHz		: 1607.957
cache size	: 4096 KB
physical id	: 0
siblings	: 4
core id		: 0
cpu cores	: 1
apicid		: 0
initial apicid	: 0
fpu		: yes
fpu_exception	: yes
cpuid level	: 13
wp		: yes
flags		: fpu vme de pse tsc msr pae mce cx8 apic sep mtrr pge mca cmov pat pse36 clflush mmx fxsr sse sse2 ss ht syscall nx pdpe1gb rdtscp lm constant_tsc arch_perfmon rep_good nopl xtopology nonstop_tsc cpuid tsc_known_freq pni pclmulqdq ssse3 fma cx16 pcid sse4_1 sse4_2 x2apic movbe popcnt aes xsave avx f16c rdrand hypervisor lahf_lm abm 3dnowprefetch invpcid_single pti ssbd ibrs ibpb stibp fsgsbase tsc_adjust bmi1 avx2 smep bmi2 erms invpcid mpx rdseed adx smap clflushopt xsaveopt xsavec xgetbv1 arat md_clear arch_capabilities
bugs		: cpu_meltdown spectre_v1 spectre_v2 spec_store_bypass l1tf mds swapgs itlb_multihit
bogomips	: 3215.91
clflush size	: 64
cache_alignment	: 64
address sizes	: 39 bits physical, 48 bits virtual
power management:

processor	: 2
vendor_id	: GenuineIntel
cpu family	: 6
model		: 142
model name	: 06/8e
stepping	: 9
microcode	: 0x1
cpu MHz		: 1607.957
cache size	: 4096 KB
physical id	: 0
siblings	: 4
core id		: 0
cpu cores	: 1
apicid		: 0
initial apicid	: 0
fpu		: yes
fpu_exception	: yes
cpuid level	: 13
wp		: yes
flags		: fpu vme de pse tsc msr pae mce cx8 apic sep mtrr pge mca cmov pat pse36 clflush mmx fxsr sse sse2 ss ht syscall nx pdpe1gb rdtscp lm constant_tsc arch_perfmon rep_good nopl xtopology nonstop_tsc cpuid tsc_known_freq pni pclmulqdq ssse3 fma cx16 pcid sse4_1 sse4_2 x2apic movbe popcnt aes xsave avx f16c rdrand hypervisor lahf_lm abm 3dnowprefetch invpcid_single pti ssbd ibrs ibpb stibp fsgsbase tsc_adjust bmi1 avx2 smep bmi2 erms invpcid mpx rdseed adx smap clflushopt xsaveopt xsavec xgetbv1 arat md_clear arch_capabilities
bugs		: cpu_meltdown spectre_v1 spectre_v2 spec_store_bypass l1tf mds swapgs itlb_multihit
bogomips	: 3215.91
clflush size	: 64
cache_alignment	: 64
address sizes	: 39 bits physical, 48 bits virtual
power management:

processor	: 3
vendor_id	: GenuineIntel
cpu family	: 6
model		: 142
model name	: 06/8e
stepping	: 9
microcode	: 0x1
cpu MHz		: 1607.957
cache size	: 4096 KB
physical id	: 0
siblings	: 4
core id		: 0
cpu cores	: 1
apicid		: 0
initial apicid	: 0
fpu		: yes
fpu_exception	: yes
cpuid level	: 13
wp		: yes
flags		: fpu vme de pse tsc msr pae mce cx8 apic sep mtrr pge mca cmov pat pse36 clflush mmx fxsr sse sse2 ss ht syscall nx pdpe1gb rdtscp lm constant_tsc arch_perfmon rep_good nopl xtopology nonstop_tsc cpuid tsc_known_freq pni pclmulqdq ssse3 fma cx16 pcid sse4_1 sse4_2 x2apic movbe popcnt aes xsave avx f16c rdrand hypervisor lahf_lm abm 3dnowprefetch invpcid_single pti ssbd ibrs ibpb stibp fsgsbase tsc_adjust bmi1 avx2 smep bmi2 erms invpcid mpx rdseed adx smap clflushopt xsaveopt xsavec xgetbv1 arat md_clear arch_capabilities
bugs		: cpu_meltdown spectre_v1 spectre_v2 spec_store_bypass l1tf mds swapgs itlb_multihit
bogomips	: 3215.91
clflush size	: 64
cache_alignment	: 64
address sizes	: 39 bits physical, 48 bits virtual
power management:



Memory: 4k page, physical 2875828k(74216k free), swap 0k(0k free)

vm_info: OpenJDK 64-Bit Server VM (25.212-b4-5784211) for linux-amd64 JRE (1.8.0_212-release-1586-b4-5784211), built by "android-build" with gcc 4.8

time: Sat Mar 21 15:47:40 2020
timezone: GMT
elapsed time: 4 seconds (0d 0h 0m 4s)

