#
# There is insufficient memory for the Java Runtime Environment to continue.
# Native memory allocation (mmap) failed to map 50331648 bytes for committing reserved memory.
# Possible reasons:
#   The system is out of physical RAM or swap space
#   The process is running with CompressedOops enabled, and the Java Heap may be blocking the growth of the native heap
# Possible solutions:
#   Reduce memory load on the system
#   Increase physical memory or swap space
#   Check if swap backing store is full
#   Decrease Java heap size (-Xmx/-Xms)
#   Decrease number of Java threads
#   Decrease Java thread stack sizes (-Xss)
#   Set larger code cache with -XX:ReservedCodeCacheSize=
#   JVM is running with Unscaled Compressed Oops mode in which the Java heap is
#     placed in the first 4GB address space. The Java Heap base address is the
#     maximum limit for the native heap growth. Please use -XX:HeapBaseMinAddress
#     to set the Java Heap base and to place the Java Heap above 4GB virtual address.
# This output file may be truncated or incomplete.
#
#  Out of Memory Error (os_linux.cpp:2753), pid=5882, tid=0x00007b9c38491700
#
# JRE version: OpenJDK Runtime Environment (8.0_212) (build 1.8.0_212-release-1586-b4-5784211)
# Java VM: OpenJDK 64-Bit Server VM (25.212-b4-5784211 mixed mode linux-amd64 compressed oops)
# Failed to write core dump. Core dumps have been disabled. To enable core dumping, try "ulimit -c unlimited" before starting Java again
#

---------------  T H R E A D  ---------------

Current thread (0x00007b9c50078000):  VMThread [stack: 0x00007b9c38392000,0x00007b9c38492000] [id=5890]

Stack: [0x00007b9c38392000,0x00007b9c38492000],  sp=0x00007b9c38490490,  free space=1017k
Native frames: (J=compiled Java code, j=interpreted, Vv=VM code, C=native code)
V  [libjvm.so+0xa0b42d]  VMError::report_and_die()+0x15d
V  [libjvm.so+0x4d48ca]  report_vm_out_of_memory(char const*, int, unsigned long, VMErrorType, char const*)+0x8a
V  [libjvm.so+0x871e08]  os::pd_commit_memory(char*, unsigned long, unsigned long, bool)+0xd8
V  [libjvm.so+0x8696df]  os::commit_memory(char*, unsigned long, unsigned long, bool)+0x1f
V  [libjvm.so+0x8e36cb]  PSVirtualSpace::expand_by(unsigned long)+0x5b
V  [libjvm.so+0x8e4320]  PSYoungGen::resize_generation(unsigned long, unsigned long)+0xb0
V  [libjvm.so+0x8e463b]  PSYoungGen::resize(unsigned long, unsigned long)+0x1b
V  [libjvm.so+0x8e0d4c]  PSScavenge::invoke_no_policy()+0xdac
V  [libjvm.so+0x8e1528]  PSScavenge::invoke()+0x38
V  [libjvm.so+0x895723]  ParallelScavengeHeap::failed_mem_allocate(unsigned long)+0x63
V  [libjvm.so+0xa0cf54]  VM_ParallelGCFailedAllocation::doit()+0x84
V  [libjvm.so+0xa113a7]  VM_Operation::evaluate()+0x47
V  [libjvm.so+0xa0fda8]  VMThread::evaluate_operation(VM_Operation*)+0x218
V  [libjvm.so+0xa10209]  VMThread::loop()+0x219
V  [libjvm.so+0xa10652]  VMThread::run()+0x72
V  [libjvm.so+0x86ef12]  java_start(Thread*)+0xf2

VM_Operation (0x00007b9c034d3d40): ParallelGCFailedAllocation, mode: safepoint, requested by thread 0x00007b9bec00a800


---------------  P R O C E S S  ---------------

Java Threads: ( => current thread )
  0x00007b9be812b000 JavaThread "Cache worker for journal cache (/home/mattmanns73/.gradle/caches/journal-1)" [_thread_blocked, id=5913, stack(0x00007b9c02bd5000,0x00007b9c02cd6000)]
  0x00007b9be8128800 JavaThread "File lock request listener" [_thread_in_native, id=5912, stack(0x00007b9c02cd6000,0x00007b9c02dd7000)]
  0x00007b9be8122800 JavaThread "Cache worker for file hash cache (/home/mattmanns73/.gradle/caches/5.6.4/fileHashes)" [_thread_blocked, id=5911, stack(0x00007b9c02dd7000,0x00007b9c02ed8000)]
  0x00007b9be8011000 JavaThread "Thread-9" [_thread_blocked, id=5910, stack(0x00007b9c030d8000,0x00007b9c031d9000)]
  0x00007b9be8008000 JavaThread "Stdin handler" [_thread_blocked, id=5909, stack(0x00007b9c031d9000,0x00007b9c032da000)]
  0x00007b9be8006000 JavaThread "Asynchronous log dispatcher for DefaultDaemonConnection: socket connection from /127.0.0.1:42941 to /127.0.0.1:56948" [_thread_blocked, id=5908, stack(0x00007b9c032da000,0x00007b9c033db000)]
  0x00007b9bec00a800 JavaThread "Daemon worker" [_thread_blocked, id=5905, stack(0x00007b9c033db000,0x00007b9c034dc000)]
  0x00007b9bec008800 JavaThread "Cancel handler" [_thread_blocked, id=5904, stack(0x00007b9c034dc000,0x00007b9c035dd000)]
  0x00007b9bec004000 JavaThread "Handler for socket connection from /127.0.0.1:42941 to /127.0.0.1:56948" [_thread_in_native, id=5903, stack(0x00007b9c035dd000,0x00007b9c036de000)]
  0x00007b9bf4029800 JavaThread "Daemon" [_thread_blocked, id=5902, stack(0x00007b9c036de000,0x00007b9c037df000)]
  0x00007b9c5123f000 JavaThread "Daemon periodic checks" [_thread_blocked, id=5901, stack(0x00007b9c037df000,0x00007b9c038e0000)]
  0x00007b9c5121b000 JavaThread "Incoming local TCP Connector on port 42941" [_thread_in_native, id=5900, stack(0x00007b9c038e7000,0x00007b9c039e8000)]
  0x00007b9c5119f800 JavaThread "Daemon health stats" [_thread_blocked, id=5899, stack(0x00007b9c03bec000,0x00007b9c03ced000)]
  0x00007b9c500c0000 JavaThread "Service Thread" daemon [_thread_blocked, id=5897, stack(0x00007b9c33917000,0x00007b9c33a18000)]
  0x00007b9c500bd800 JavaThread "C1 CompilerThread2" daemon [_thread_blocked, id=5896, stack(0x00007b9c33a19000,0x00007b9c33b19000)]
  0x00007b9c500bb800 JavaThread "C2 CompilerThread1" daemon [_thread_in_native, id=5895, stack(0x00007b9c33b1a000,0x00007b9c33c1a000)]
  0x00007b9c500b8800 JavaThread "C2 CompilerThread0" daemon [_thread_in_native, id=5894, stack(0x00007b9c33c1b000,0x00007b9c33d1b000)]
  0x00007b9c500b4800 JavaThread "Signal Dispatcher" daemon [_thread_blocked, id=5893, stack(0x00007b9c3808e000,0x00007b9c3818f000)]
  0x00007b9c50084000 JavaThread "Finalizer" daemon [_thread_blocked, id=5892, stack(0x00007b9c3818f000,0x00007b9c38290000)]
  0x00007b9c50081800 JavaThread "Reference Handler" daemon [_thread_blocked, id=5891, stack(0x00007b9c38290000,0x00007b9c38391000)]
  0x00007b9c5000a800 JavaThread "main" [_thread_blocked, id=5885, stack(0x00007b9c54fe2000,0x00007b9c550e2000)]

Other Threads:
=>0x00007b9c50078000 VMThread [stack: 0x00007b9c38392000,0x00007b9c38492000] [id=5890]
  0x00007b9c500c2800 WatcherThread [stack: 0x00007b9c33817000,0x00007b9c33917000] [id=5898]

VM state:at safepoint (normal execution)

VM Mutex/Monitor currently owned by a thread:  ([mutex/lock_event])
[0x00007b9c50007e00] Threads_lock - owner thread: 0x00007b9c50078000
[0x00007b9c50008300] Heap_lock - owner thread: 0x00007b9bec00a800

heap address: 0x00000000a0000000, size: 1536 MB, Compressed Oops mode: 32-bit
Narrow klass base: 0x0000000000000000, Narrow klass shift: 3
Compressed class space size: 1073741824 Address: 0x0000000100000000

Heap:
 PSYoungGen      total 51200K, used 5088K [0x00000000e0000000, 0x00000000e3800000, 0x0000000100000000)
  eden space 46080K, 0% used [0x00000000e0000000,0x00000000e0000000,0x00000000e2d00000)
  from space 5120K, 99% used [0x00000000e2d00000,0x00000000e31f8288,0x00000000e3200000)
  to   space 4096K, 0% used [0x00000000e3200000,0x00000000e3200000,0x00000000e3600000)
 ParOldGen       total 30208K, used 8291K [0x00000000a0000000, 0x00000000a1d80000, 0x00000000e0000000)
  object space 30208K, 27% used [0x00000000a0000000,0x00000000a0818c28,0x00000000a1d80000)
 Metaspace       used 16512K, capacity 16966K, committed 17152K, reserved 1064960K
  class space    used 2365K, capacity 2529K, committed 2560K, reserved 1048576K

Card table byte_map: [0x00007b9c5489e000,0x00007b9c54b9f000] byte_map_base: 0x00007b9c5439e000

Marking Bits: (ParMarkBitMap*) 0x00007b9c55f726e0
 Begin Bits: [0x00007b9c39000000, 0x00007b9c3a800000)
 End Bits:   [0x00007b9c3a800000, 0x00007b9c3c000000)

Polling page: 0x00007b9c561ab000

CodeCache: size=245760Kb used=4612Kb max_used=4612Kb free=241147Kb
 bounds [0x00007b9c41000000, 0x00007b9c41490000, 0x00007b9c50000000]
 total_blobs=1772 nmethods=1383 adapters=303
 compilation: enabled

Compilation events (10 events):
Event: 3.800 Thread 0x00007b9c500bd800 1386       3       java.nio.HeapByteBuffer::ix (7 bytes)
Event: 3.800 Thread 0x00007b9c500bd800 nmethod 1386 0x00007b9c4147f6d0 code [0x00007b9c4147f820, 0x00007b9c4147f970]
Event: 3.800 Thread 0x00007b9c500bd800 1387       3       sun.misc.ProxyGenerator::dotToSlash (9 bytes)
Event: 3.800 Thread 0x00007b9c500bd800 nmethod 1387 0x00007b9c4147f9d0 code [0x00007b9c4147fb40, 0x00007b9c4147fd48]
Event: 3.925 Thread 0x00007b9c500bd800 1389       3       org.objectweb.asm.SymbolTable::get (13 bytes)
Event: 3.925 Thread 0x00007b9c500bd800 nmethod 1389 0x00007b9c41480f90 code [0x00007b9c41481100, 0x00007b9c41481290]
Event: 4.069 Thread 0x00007b9c500bd800 1390       2       java.lang.String::<init> (38 bytes)
Event: 4.069 Thread 0x00007b9c500bd800 nmethod 1390 0x00007b9c41481590 code [0x00007b9c41481720, 0x00007b9c414819a8]
Event: 4.079 Thread 0x00007b9c500bd800 1391       3       java.util.concurrent.locks.ReentrantLock$Sync::nonfairTryAcquire (67 bytes)
Event: 4.079 Thread 0x00007b9c500bd800 nmethod 1391 0x00007b9c41481ad0 code [0x00007b9c41481c80, 0x00007b9c414823a8]

GC Heap History (10 events):
Event: 1.388 GC heap after
Heap after GC invocations=2 (full 0):
 PSYoungGen      total 13312K, used 1524K [0x00000000e0000000, 0x00000000e1a00000, 0x0000000100000000)
  eden space 11776K, 0% used [0x00000000e0000000,0x00000000e0000000,0x00000000e0b80000)
  from space 1536K, 99% used [0x00000000e0d00000,0x00000000e0e7d088,0x00000000e0e80000)
  to   space 1536K, 0% used [0x00000000e0b80000,0x00000000e0b80000,0x00000000e0d00000)
 ParOldGen       total 30208K, used 1427K [0x00000000a0000000, 0x00000000a1d80000, 0x00000000e0000000)
  object space 30208K, 4% used [0x00000000a0000000,0x00000000a0164dc8,0x00000000a1d80000)
 Metaspace       used 6166K, capacity 6384K, committed 6528K, reserved 1056768K
  class space    used 762K, capacity 812K, committed 896K, reserved 1048576K
}
Event: 1.538 GC heap before
{Heap before GC invocations=3 (full 0):
 PSYoungGen      total 13312K, used 13300K [0x00000000e0000000, 0x00000000e1a00000, 0x0000000100000000)
  eden space 11776K, 100% used [0x00000000e0000000,0x00000000e0b80000,0x00000000e0b80000)
  from space 1536K, 99% used [0x00000000e0d00000,0x00000000e0e7d088,0x00000000e0e80000)
  to   space 1536K, 0% used [0x00000000e0b80000,0x00000000e0b80000,0x00000000e0d00000)
 ParOldGen       total 30208K, used 1427K [0x00000000a0000000, 0x00000000a1d80000, 0x00000000e0000000)
  object space 30208K, 4% used [0x00000000a0000000,0x00000000a0164dc8,0x00000000a1d80000)
 Metaspace       used 6567K, capacity 6768K, committed 7040K, reserved 1056768K
  class space    used 809K, capacity 876K, committed 896K, reserved 1048576K
Event: 1.546 GC heap after
Heap after GC invocations=3 (full 0):
 PSYoungGen      total 13312K, used 1520K [0x00000000e0000000, 0x00000000e1a00000, 0x0000000100000000)
  eden space 11776K, 0% used [0x00000000e0000000,0x00000000e0000000,0x00000000e0b80000)
  from space 1536K, 98% used [0x00000000e0b80000,0x00000000e0cfc010,0x00000000e0d00000)
  to   space 1536K, 0% used [0x00000000e1880000,0x00000000e1880000,0x00000000e1a00000)
 ParOldGen       total 30208K, used 2004K [0x00000000a0000000, 0x00000000a1d80000, 0x00000000e0000000)
  object space 30208K, 6% used [0x00000000a0000000,0x00000000a01f51f0,0x00000000a1d80000)
 Metaspace       used 6567K, capacity 6768K, committed 7040K, reserved 1056768K
  class space    used 809K, capacity 876K, committed 896K, reserved 1048576K
}
Event: 1.813 GC heap before
{Heap before GC invocations=4 (full 0):
 PSYoungGen      total 13312K, used 13296K [0x00000000e0000000, 0x00000000e1a00000, 0x0000000100000000)
  eden space 11776K, 100% used [0x00000000e0000000,0x00000000e0b80000,0x00000000e0b80000)
  from space 1536K, 98% used [0x00000000e0b80000,0x00000000e0cfc010,0x00000000e0d00000)
  to   space 1536K, 0% used [0x00000000e1880000,0x00000000e1880000,0x00000000e1a00000)
 ParOldGen       total 30208K, used 2004K [0x00000000a0000000, 0x00000000a1d80000, 0x00000000e0000000)
  object space 30208K, 6% used [0x00000000a0000000,0x00000000a01f51f0,0x00000000a1d80000)
 Metaspace       used 6781K, capacity 6984K, committed 7040K, reserved 1056768K
  class space    used 830K, capacity 884K, committed 896K, reserved 1048576K
Event: 1.820 GC heap after
Heap after GC invocations=4 (full 0):
 PSYoungGen      total 25088K, used 1520K [0x00000000e0000000, 0x00000000e1a00000, 0x0000000100000000)
  eden space 23552K, 0% used [0x00000000e0000000,0x00000000e0000000,0x00000000e1700000)
  from space 1536K, 98% used [0x00000000e1880000,0x00000000e19fc010,0x00000000e1a00000)
  to   space 1536K, 0% used [0x00000000e1700000,0x00000000e1700000,0x00000000e1880000)
 ParOldGen       total 30208K, used 3066K [0x00000000a0000000, 0x00000000a1d80000, 0x00000000e0000000)
  object space 30208K, 10% used [0x00000000a0000000,0x00000000a02fe9b8,0x00000000a1d80000)
 Metaspace       used 6781K, capacity 6984K, committed 7040K, reserved 1056768K
  class space    used 830K, capacity 884K, committed 896K, reserved 1048576K
}
Event: 2.176 GC heap before
{Heap before GC invocations=5 (full 0):
 PSYoungGen      total 25088K, used 25072K [0x00000000e0000000, 0x00000000e1a00000, 0x0000000100000000)
  eden space 23552K, 100% used [0x00000000e0000000,0x00000000e1700000,0x00000000e1700000)
  from space 1536K, 98% used [0x00000000e1880000,0x00000000e19fc010,0x00000000e1a00000)
  to   space 1536K, 0% used [0x00000000e1700000,0x00000000e1700000,0x00000000e1880000)
 ParOldGen       total 30208K, used 3066K [0x00000000a0000000, 0x00000000a1d80000, 0x00000000e0000000)
  object space 30208K, 10% used [0x00000000a0000000,0x00000000a02fe9b8,0x00000000a1d80000)
 Metaspace       used 9432K, capacity 9694K, committed 9856K, reserved 1058816K
  class space    used 1262K, capacity 1357K, committed 1408K, reserved 1048576K
Event: 2.184 GC heap after
Heap after GC invocations=5 (full 0):
 PSYoungGen      total 25088K, used 1520K [0x00000000e0000000, 0x00000000e3600000, 0x0000000100000000)
  eden space 23552K, 0% used [0x00000000e0000000,0x00000000e0000000,0x00000000e1700000)
  from space 1536K, 98% used [0x00000000e1700000,0x00000000e187c010,0x00000000e1880000)
  to   space 4096K, 0% used [0x00000000e3200000,0x00000000e3200000,0x00000000e3600000)
 ParOldGen       total 30208K, used 5457K [0x00000000a0000000, 0x00000000a1d80000, 0x00000000e0000000)
  object space 30208K, 18% used [0x00000000a0000000,0x00000000a0554408,0x00000000a1d80000)
 Metaspace       used 9432K, capacity 9694K, committed 9856K, reserved 1058816K
  class space    used 1262K, capacity 1357K, committed 1408K, reserved 1048576K
}
Event: 2.926 GC heap before
{Heap before GC invocations=6 (full 0):
 PSYoungGen      total 25088K, used 25072K [0x00000000e0000000, 0x00000000e3600000, 0x0000000100000000)
  eden space 23552K, 100% used [0x00000000e0000000,0x00000000e1700000,0x00000000e1700000)
  from space 1536K, 98% used [0x00000000e1700000,0x00000000e187c010,0x00000000e1880000)
  to   space 4096K, 0% used [0x00000000e3200000,0x00000000e3200000,0x00000000e3600000)
 ParOldGen       total 30208K, used 5457K [0x00000000a0000000, 0x00000000a1d80000, 0x00000000e0000000)
  object space 30208K, 18% used [0x00000000a0000000,0x00000000a0554408,0x00000000a1d80000)
 Metaspace       used 12541K, capacity 12946K, committed 13184K, reserved 1060864K
  class space    used 1733K, capacity 1865K, committed 1920K, reserved 1048576K
Event: 2.941 GC heap after
Heap after GC invocations=6 (full 0):
 PSYoungGen      total 50176K, used 4068K [0x00000000e0000000, 0x00000000e3800000, 0x0000000100000000)
  eden space 46080K, 0% used [0x00000000e0000000,0x00000000e0000000,0x00000000e2d00000)
  from space 4096K, 99% used [0x00000000e3200000,0x00000000e35f9078,0x00000000e3600000)
  to   space 5120K, 0% used [0x00000000e2d00000,0x00000000e2d00000,0x00000000e3200000)
 ParOldGen       total 30208K, used 5755K [0x00000000a0000000, 0x00000000a1d80000, 0x00000000e0000000)
  object space 30208K, 19% used [0x00000000a0000000,0x00000000a059ef00,0x00000000a1d80000)
 Metaspace       used 12541K, capacity 12946K, committed 13184K, reserved 1060864K
  class space    used 1733K, capacity 1865K, committed 1920K, reserved 1048576K
}
Event: 4.093 GC heap before
{Heap before GC invocations=7 (full 0):
 PSYoungGen      total 50176K, used 50148K [0x00000000e0000000, 0x00000000e3800000, 0x0000000100000000)
  eden space 46080K, 100% used [0x00000000e0000000,0x00000000e2d00000,0x00000000e2d00000)
  from space 4096K, 99% used [0x00000000e3200000,0x00000000e35f9078,0x00000000e3600000)
  to   space 5120K, 0% used [0x00000000e2d00000,0x00000000e2d00000,0x00000000e3200000)
 ParOldGen       total 30208K, used 5755K [0x00000000a0000000, 0x00000000a1d80000, 0x00000000e0000000)
  object space 30208K, 19% used [0x00000000a0000000,0x00000000a059ef00,0x00000000a1d80000)
 Metaspace       used 16512K, capacity 16966K, committed 17152K, reserved 1064960K
  class space    used 2365K, capacity 2529K, committed 2560K, reserved 1048576K

Deoptimization events (10 events):
Event: 2.699 Thread 0x00007b9bec00a800 Uncommon trap: reason=bimorphic action=maybe_recompile pc=0x00007b9c4122f51c method=java.util.HashMap.putVal(ILjava/lang/Object;Ljava/lang/Object;ZZ)Ljava/lang/Object; @ 203
Event: 2.699 Thread 0x00007b9bec00a800 Uncommon trap: reason=bimorphic action=maybe_recompile pc=0x00007b9c4122f51c method=java.util.HashMap.putVal(ILjava/lang/Object;Ljava/lang/Object;ZZ)Ljava/lang/Object; @ 203
Event: 2.699 Thread 0x00007b9bec00a800 Uncommon trap: reason=bimorphic action=maybe_recompile pc=0x00007b9c4122f51c method=java.util.HashMap.putVal(ILjava/lang/Object;Ljava/lang/Object;ZZ)Ljava/lang/Object; @ 203
Event: 2.699 Thread 0x00007b9bec00a800 Uncommon trap: reason=bimorphic action=maybe_recompile pc=0x00007b9c41232170 method=java.util.HashMap.putVal(ILjava/lang/Object;Ljava/lang/Object;ZZ)Ljava/lang/Object; @ 203
Event: 2.979 Thread 0x00007b9bec00a800 Uncommon trap: reason=class_check action=maybe_recompile pc=0x00007b9c4127914c method=java.util.regex.Matcher.match(II)Z @ 86
Event: 2.990 Thread 0x00007b9bec00a800 Uncommon trap: reason=class_check action=maybe_recompile pc=0x00007b9c4127914c method=java.util.regex.Matcher.match(II)Z @ 86
Event: 2.991 Thread 0x00007b9bec00a800 Uncommon trap: reason=class_check action=maybe_recompile pc=0x00007b9c4127914c method=java.util.regex.Matcher.match(II)Z @ 86
Event: 2.991 Thread 0x00007b9bec00a800 Uncommon trap: reason=class_check action=maybe_recompile pc=0x00007b9c41247454 method=java.util.regex.Matcher.match(II)Z @ 86
Event: 3.495 Thread 0x00007b9bec00a800 Uncommon trap: reason=unstable_if action=reinterpret pc=0x00007b9c413ce394 method=java.lang.String.lastIndexOf([CII[CIII)I @ 66
Event: 3.767 Thread 0x00007b9bec00a800 Uncommon trap: reason=unstable_if action=reinterpret pc=0x00007b9c413fbac8 method=java.util.HashMap.putVal(ILjava/lang/Object;Ljava/lang/Object;ZZ)Ljava/lang/Object; @ 236

Classes redefined (0 events):
No events

Internal exceptions (10 events):
Event: 2.612 Thread 0x00007b9bec004000 Exception <a 'java/lang/NoSuchMethodError': <clinit>> (0x00000000e0597c18) thrown at [/buildbot/src/googleplex-android/openjdk/out/hotspot/src/share/vm/prims/jni.cpp, line 1614]
Event: 2.613 Thread 0x00007b9bec004000 Exception <a 'java/lang/NoSuchMethodError': <clinit>> (0x00000000e05a08a8) thrown at [/buildbot/src/googleplex-android/openjdk/out/hotspot/src/share/vm/prims/jni.cpp, line 1614]
Event: 2.615 Thread 0x00007b9bec004000 Exception <a 'java/lang/NoSuchMethodError': <clinit>> (0x00000000e05b6e98) thrown at [/buildbot/src/googleplex-android/openjdk/out/hotspot/src/share/vm/prims/jni.cpp, line 1614]
Event: 2.623 Thread 0x00007b9bec004000 Implicit null exception at 0x00007b9c41367d4f to 0x00007b9c41367e5d
Event: 2.627 Thread 0x00007b9bec004000 Exception <a 'java/lang/NoSuchMethodError': <clinit>> (0x00000000e061ea20) thrown at [/buildbot/src/googleplex-android/openjdk/out/hotspot/src/share/vm/prims/jni.cpp, line 1614]
Event: 2.631 Thread 0x00007b9bec004000 Exception <a 'java/lang/NoSuchMethodError': <clinit>> (0x00000000e064b578) thrown at [/buildbot/src/googleplex-android/openjdk/out/hotspot/src/share/vm/prims/jni.cpp, line 1614]
Event: 2.634 Thread 0x00007b9bec004000 Exception <a 'java/lang/NoSuchMethodError': <clinit>> (0x00000000e0666a98) thrown at [/buildbot/src/googleplex-android/openjdk/out/hotspot/src/share/vm/prims/jni.cpp, line 1614]
Event: 3.397 Thread 0x00007b9bec00a800 Exception <a 'java/lang/NoSuchMethodError': java.lang.Object.lambda$and$0(Ljava/util/function/Predicate;Ljava/lang/Object;)Z> (0x00000000e1bce950) thrown at [/buildbot/src/googleplex-android/openjdk/out/hotspot/src/share/vm/interpreter/linkResolver.cpp, l
Event: 3.416 Thread 0x00007b9bec00a800 Exception <a 'java/lang/IncompatibleClassChangeError': Found class java.lang.Object, but interface was expected> (0x00000000e1be4c38) thrown at [/buildbot/src/googleplex-android/openjdk/out/hotspot/src/share/vm/interpreter/linkResolver.cpp, line 653]
Event: 3.420 Thread 0x00007b9bec00a800 Exception <a 'java/lang/NoSuchMethodError': java.lang.Object.lambda$or$2(Ljava/util/function/Predicate;Ljava/lang/Object;)Z> (0x00000000e1be9b48) thrown at [/buildbot/src/googleplex-android/openjdk/out/hotspot/src/share/vm/interpreter/linkResolver.cpp, li

Events (10 events):
Event: 4.083 loading class org/apache/http/client/methods/HttpEntityEnclosingRequestBase done
Event: 4.083 loading class org/apache/http/HttpEntityEnclosingRequest
Event: 4.083 loading class org/apache/http/HttpEntityEnclosingRequest done
Event: 4.085 loading class org/gradle/internal/resource/transfer/DefaultExternalResourceConnector
Event: 4.085 loading class org/gradle/internal/resource/transfer/DefaultExternalResourceConnector done
Event: 4.085 loading class org/gradle/internal/resource/transfer/DefaultExternalResourceConnector$ExternalResourceAccessStats$Mode
Event: 4.085 loading class org/gradle/internal/resource/transfer/DefaultExternalResourceConnector$ExternalResourceAccessStats$Mode done
Event: 4.088 loading class org/gradle/internal/resource/transfer/DefaultExternalResourceConnector$ExternalResourceAccessStats
Event: 4.088 loading class org/gradle/internal/resource/transfer/DefaultExternalResourceConnector$ExternalResourceAccessStats done
Event: 4.088 Executing VM operation: ParallelGCFailedAllocation


Dynamic libraries:
00400000-00401000 r-xp 00000000 00:28 40717                              /opt/android-studio/jre/bin/java
00401000-00402000 r--p 00000000 00:28 40717                              /opt/android-studio/jre/bin/java
00402000-00403000 rw-p 00001000 00:28 40717                              /opt/android-studio/jre/bin/java
01b6f000-01b90000 rw-p 00000000 00:00 0                                  [heap]
a0000000-a1d80000 rw-p 00000000 00:00 0 
a1d80000-e0000000 ---p 00000000 00:00 0 
e0000000-e3800000 rw-p 00000000 00:00 0 
e6800000-100000000 ---p 00000000 00:00 0 
100000000-100280000 rw-p 00000000 00:00 0 
100280000-140000000 ---p 00000000 00:00 0 
7b9bcc000000-7b9bcc021000 rw-p 00000000 00:00 0 
7b9bcc021000-7b9bd0000000 ---p 00000000 00:00 0 
7b9bd0000000-7b9bd0021000 rw-p 00000000 00:00 0 
7b9bd0021000-7b9bd4000000 ---p 00000000 00:00 0 
7b9bd4000000-7b9bd4021000 rw-p 00000000 00:00 0 
7b9bd4021000-7b9bd8000000 ---p 00000000 00:00 0 
7b9bd8000000-7b9bd8021000 rw-p 00000000 00:00 0 
7b9bd8021000-7b9bdc000000 ---p 00000000 00:00 0 
7b9bdc000000-7b9bdc021000 rw-p 00000000 00:00 0 
7b9bdc021000-7b9be0000000 ---p 00000000 00:00 0 
7b9be0000000-7b9be0021000 rw-p 00000000 00:00 0 
7b9be0021000-7b9be4000000 ---p 00000000 00:00 0 
7b9be4000000-7b9be4021000 rw-p 00000000 00:00 0 
7b9be4021000-7b9be8000000 ---p 00000000 00:00 0 
7b9be8000000-7b9be8647000 rw-p 00000000 00:00 0 
7b9be8647000-7b9bec000000 ---p 00000000 00:00 0 
7b9bec000000-7b9bec021000 rw-p 00000000 00:00 0 
7b9bec021000-7b9bf0000000 ---p 00000000 00:00 0 
7b9bf0000000-7b9bf0028000 rw-p 00000000 00:00 0 
7b9bf0028000-7b9bf4000000 ---p 00000000 00:00 0 
7b9bf4000000-7b9bf4066000 rw-p 00000000 00:00 0 
7b9bf4066000-7b9bf8000000 ---p 00000000 00:00 0 
7b9bf8000000-7b9bf8021000 rw-p 00000000 00:00 0 
7b9bf8021000-7b9bfc000000 ---p 00000000 00:00 0 
7b9bfc000000-7b9bfc021000 rw-p 00000000 00:00 0 
7b9bfc021000-7b9c00000000 ---p 00000000 00:00 0 
7b9c0254c000-7b9c0258c000 rw-p 00000000 00:00 0 
7b9c0258c000-7b9c0274c000 ---p 00000000 00:00 0 
7b9c029d5000-7b9c02bd5000 rw-p 00000000 00:00 0 
7b9c02bd5000-7b9c02bd8000 ---p 00000000 00:00 0 
7b9c02bd8000-7b9c02cd6000 rw-p 00000000 00:00 0 
7b9c02cd6000-7b9c02cd9000 ---p 00000000 00:00 0 
7b9c02cd9000-7b9c02dd7000 rw-p 00000000 00:00 0 
7b9c02dd7000-7b9c02dda000 ---p 00000000 00:00 0 
7b9c02dda000-7b9c030d8000 rw-p 00000000 00:00 0 
7b9c030d8000-7b9c030db000 ---p 00000000 00:00 0 
7b9c030db000-7b9c031d9000 rw-p 00000000 00:00 0 
7b9c031d9000-7b9c031dc000 ---p 00000000 00:00 0 
7b9c031dc000-7b9c032da000 rw-p 00000000 00:00 0 
7b9c032da000-7b9c032dd000 ---p 00000000 00:00 0 
7b9c032dd000-7b9c033db000 rw-p 00000000 00:00 0 
7b9c033db000-7b9c033de000 ---p 00000000 00:00 0 
7b9c033de000-7b9c034dc000 rw-p 00000000 00:00 0 
7b9c034dc000-7b9c034df000 ---p 00000000 00:00 0 
7b9c034df000-7b9c035dd000 rw-p 00000000 00:00 0 
7b9c035dd000-7b9c035e0000 ---p 00000000 00:00 0 
7b9c035e0000-7b9c036de000 rw-p 00000000 00:00 0 
7b9c036de000-7b9c036e1000 ---p 00000000 00:00 0 
7b9c036e1000-7b9c037df000 rw-p 00000000 00:00 0 
7b9c037df000-7b9c037e2000 ---p 00000000 00:00 0 
7b9c037e2000-7b9c038e0000 rw-p 00000000 00:00 0 
7b9c038e0000-7b9c038e7000 r--s 00000000 00:28 4428                       /usr/lib/x86_64-linux-gnu/gconv/gconv-modules.cache
7b9c038e7000-7b9c038ea000 ---p 00000000 00:00 0 
7b9c038ea000-7b9c039e8000 rw-p 00000000 00:00 0 
7b9c039e8000-7b9c039ec000 r--s 000a1000 00:28 40888                      /opt/android-studio/jre/jre/lib/jsse.jar
7b9c039ec000-7b9c03bec000 rw-p 00000000 00:00 0 
7b9c03bec000-7b9c03bef000 ---p 00000000 00:00 0 
7b9c03bef000-7b9c03ced000 rw-p 00000000 00:00 0 
7b9c03ced000-7b9c03cf5000 r-xp 00000000 00:28 40808                      /opt/android-studio/jre/jre/lib/amd64/libmanagement.so
7b9c03cf5000-7b9c03cf6000 r--p 00007000 00:28 40808                      /opt/android-studio/jre/jre/lib/amd64/libmanagement.so
7b9c03cf6000-7b9c03cf7000 rw-p 00008000 00:28 40808                      /opt/android-studio/jre/jre/lib/amd64/libmanagement.so
7b9c03cf7000-7b9c03cf9000 r--s 0000f000 00:28 72091                      /home/mattmanns73/.gradle/wrapper/dists/gradle-5.6.4-all/ankdp27end7byghfw1q2sw75f/gradle-5.6.4/lib/plugins/gradle-tooling-api-builders-5.6.4.jar
7b9c03cf9000-7b9c03cfa000 r--s 00005000 00:28 72111                      /home/mattmanns73/.gradle/wrapper/dists/gradle-5.6.4-all/ankdp27end7byghfw1q2sw75f/gradle-5.6.4/lib/plugins/gradle-build-profile-5.6.4.jar
7b9c03cfa000-7b9c03cfc000 r--s 00003000 00:28 72068                      /home/mattmanns73/.gradle/wrapper/dists/gradle-5.6.4-all/ankdp27end7byghfw1q2sw75f/gradle-5.6.4/lib/plugins/gradle-tooling-native-5.6.4.jar
7b9c03cfc000-7b9c03d00000 r--s 00017000 00:28 72070                      /home/mattmanns73/.gradle/wrapper/dists/gradle-5.6.4-all/ankdp27end7byghfw1q2sw75f/gradle-5.6.4/lib/plugins/gradle-testing-native-5.6.4.jar
7b9c03d00000-7b9c03d03000 r--s 00011000 00:28 72184                      /home/mattmanns73/.gradle/wrapper/dists/gradle-5.6.4-all/ankdp27end7byghfw1q2sw75f/gradle-5.6.4/lib/plugins/junit-platform-commons-1.3.1.jar
7b9c03d03000-7b9c03d04000 r--s 00001000 00:28 72186                      /home/mattmanns73/.gradle/wrapper/dists/gradle-5.6.4-all/ankdp27end7byghfw1q2sw75f/gradle-5.6.4/lib/plugins/opentest4j-1.1.1.jar
7b9c03d04000-7b9c03d08000 r--s 0001d000 00:28 72183                      /home/mattmanns73/.gradle/wrapper/dists/gradle-5.6.4-all/ankdp27end7byghfw1q2sw75f/gradle-5.6.4/lib/plugins/junit-platform-engine-1.3.1.jar
7b9c03d08000-7b9c03d09000 r--s 00000000 00:28 72185                      /home/mattmanns73/.gradle/wrapper/dists/gradle-5.6.4-all/ankdp27end7byghfw1q2sw75f/gradle-5.6.4/lib/plugins/apiguardian-api-1.0.0.jar
7b9c03d09000-7b9c03d0c000 r--s 00015000 00:28 72147                      /home/mattmanns73/.gradle/wrapper/dists/gradle-5.6.4-all/ankdp27end7byghfw1q2sw75f/gradle-5.6.4/lib/plugins/junit-platform-launcher-1.3.1.jar
7b9c03d0c000-7b9c03d0d000 r--s 00003000 00:28 72090                      /home/mattmanns73/.gradle/wrapper/dists/gradle-5.6.4-all/ankdp27end7byghfw1q2sw75f/gradle-5.6.4/lib/plugins/gradle-testing-junit-platform-5.6.4.jar
7b9c03d0d000-7b9c03d15000 r--s 00048000 00:28 72136                      /home/mattmanns73/.gradle/wrapper/dists/gradle-5.6.4-all/ankdp27end7byghfw1q2sw75f/gradle-5.6.4/lib/plugins/bcpg-jdk15on-1.61.jar
7b9c03d15000-7b9c03d18000 r--s 0000f000 00:28 72067                      /home/mattmanns73/.gradle/wrapper/dists/gradle-5.6.4-all/ankdp27end7byghfw1q2sw75f/gradle-5.6.4/lib/plugins/gradle-signing-5.6.4.jar
7b9c03d18000-7b9c03d1a000 r--s 00009000 00:28 72077                      /home/mattmanns73/.gradle/wrapper/dists/gradle-5.6.4-all/ankdp27end7byghfw1q2sw75f/gradle-5.6.4/lib/plugins/gradle-scala-5.6.4.jar
7b9c03d1a000-7b9c03d1b000 r--s 00004000 00:28 72110                      /home/mattmanns73/.gradle/wrapper/dists/gradle-5.6.4-all/ankdp27end7byghfw1q2sw75f/gradle-5.6.4/lib/plugins/gradle-resources-sftp-5.6.4.jar
7b9c03d1b000-7b9c03d24000 r--s 0005b000 00:28 72117                      /home/mattmanns73/.gradle/wrapper/dists/gradle-5.6.4-all/ankdp27end7byghfw1q2sw75f/gradle-5.6.4/lib/plugins/aws-java-sdk-kms-1.11.407.jar
7b9c03d24000-7b9c03d26000 r--s 00005000 00:28 72153                      /home/mattmanns73/.gradle/wrapper/dists/gradle-5.6.4-all/ankdp27end7byghfw1q2sw75f/gradle-5.6.4/lib/plugins/jmespath-java-1.11.407.jar
7b9c03d26000-7b9c03d39000 r--s 000ca000 00:28 72116                      /home/mattmanns73/.gradle/wrapper/dists/gradle-5.6.4-all/ankdp27end7byghfw1q2sw75f/gradle-5.6.4/lib/plugins/aws-java-sdk-s3-1.11.407.jar
7b9c03d39000-7b9c03d43000 r--s 00081000 00:28 72182                      /home/mattmanns73/.gradle/wrapper/dists/gradle-5.6.4-all/ankdp27end7byghfw1q2sw75f/gradle-5.6.4/lib/plugins/ion-java-1.0.2.jar
7b9c03d43000-7b9c03d59000 r--s 000ca000 00:28 72118                      /home/mattmanns73/.gradle/wrapper/dists/gradle-5.6.4-all/ankdp27end7byghfw1q2sw75f/gradle-5.6.4/lib/plugins/aws-java-sdk-core-1.11.407.jar
7b9c03d59000-7b9c03d5b000 r--s 00004000 00:28 72106                      /home/mattmanns73/.gradle/wrapper/dists/gradle-5.6.4-all/ankdp27end7byghfw1q2sw75f/gradle-5.6.4/lib/plugins/gradle-resources-s3-5.6.4.jar
7b9c03d5b000-7b9c03d6c000 r--s 0008c000 00:28 72157                      /home/mattmanns73/.gradle/wrapper/dists/gradle-5.6.4-all/ankdp27end7byghfw1q2sw75f/gradle-5.6.4/lib/plugins/joda-time-2.10.jar
7b9c03d6c000-7b9c03d7e000 r--s 00137000 00:28 72154                      /home/mattmanns73/.gradle/wrapper/dists/gradle-5.6.4-all/ankdp27end7byghfw1q2sw75f/gradle-5.6.4/lib/plugins/jackson-databind-2.9.8.jar
7b9c03d7e000-7b9c03d81000 r--s 0000e000 00:28 72156                      /home/mattmanns73/.gradle/wrapper/dists/gradle-5.6.4-all/ankdp27end7byghfw1q2sw75f/gradle-5.6.4/lib/plugins/jackson-annotations-2.9.8.jar
7b9c03d81000-7b9c03d85000 r--s 0004c000 00:28 72155                      /home/mattmanns73/.gradle/wrapper/dists/gradle-5.6.4-all/ankdp27end7byghfw1q2sw75f/gradle-5.6.4/lib/plugins/jackson-core-2.9.8.jar
7b9c03d85000-7b9c03d86000 r--s 00001000 00:28 72122                      /home/mattmanns73/.gradle/wrapper/dists/gradle-5.6.4-all/ankdp27end7byghfw1q2sw75f/gradle-5.6.4/lib/plugins/google-http-client-jackson2-1.25.0.jar
7b9c03d86000-7b9c03d90000 r--s 00056000 00:28 72123                      /home/mattmanns73/.gradle/wrapper/dists/gradle-5.6.4-all/ankdp27end7byghfw1q2sw75f/gradle-5.6.4/lib/plugins/google-http-client-1.25.0.jar
7b9c03d90000-7b9c03d93000 r--s 0000d000 00:28 72121                      /home/mattmanns73/.gradle/wrapper/dists/gradle-5.6.4-all/ankdp27end7byghfw1q2sw75f/gradle-5.6.4/lib/plugins/google-oauth-client-1.25.0.jar
7b9c03d93000-7b9c03d98000 r--s 0002d000 00:28 72120                      /home/mattmanns73/.gradle/wrapper/dists/gradle-5.6.4-all/ankdp27end7byghfw1q2sw75f/gradle-5.6.4/lib/plugins/google-api-client-1.25.0.jar
7b9c03d98000-7b9c03d9c000 r--s 0001d000 00:28 72119                      /home/mattmanns73/.gradle/wrapper/dists/gradle-5.6.4-all/ankdp27end7byghfw1q2sw75f/gradle-5.6.4/lib/plugins/google-api-services-storage-v1-rev136-1.25.0.jar
7b9c03d9c000-7b9c03d9e000 r--s 00003000 00:28 72107                      /home/mattmanns73/.gradle/wrapper/dists/gradle-5.6.4-all/ankdp27end7byghfw1q2sw75f/gradle-5.6.4/lib/plugins/gradle-resources-gcs-5.6.4.jar
7b9c03d9e000-7b9c03da4000 r--s 00031000 00:28 72080                      /home/mattmanns73/.gradle/wrapper/dists/gradle-5.6.4-all/ankdp27end7byghfw1q2sw75f/gradle-5.6.4/lib/plugins/gradle-platform-play-5.6.4.jar
7b9c03da4000-7b9c03db6000 r--s 00078000 00:28 72096                      /home/mattmanns73/.gradle/wrapper/dists/gradle-5.6.4-all/ankdp27end7byghfw1q2sw75f/gradle-5.6.4/lib/plugins/gradle-platform-native-5.6.4.jar
7b9c03db6000-7b9c03de3000 r--s 0025e000 00:28 72127                      /home/mattmanns73/.gradle/wrapper/dists/gradle-5.6.4-all/ankdp27end7byghfw1q2sw75f/gradle-5.6.4/lib/plugins/biz.aQute.bndlib-4.0.0.jar
7b9c03de3000-7b9c03de4000 r--s 00004000 00:28 72066                      /home/mattmanns73/.gradle/wrapper/dists/gradle-5.6.4-all/ankdp27end7byghfw1q2sw75f/gradle-5.6.4/lib/plugins/gradle-osgi-5.6.4.jar
7b9c03de4000-7b9c03de7000 r--s 0000c000 00:28 72089                      /home/mattmanns73/.gradle/wrapper/dists/gradle-5.6.4-all/ankdp27end7byghfw1q2sw75f/gradle-5.6.4/lib/plugins/gradle-language-scala-5.6.4.jar
7b9c03de7000-7b9c03df3000 r--s 00054000 00:28 72071                      /home/mattmanns73/.gradle/wrapper/dists/gradle-5.6.4-all/ankdp27end7byghfw1q2sw75f/gradle-5.6.4/lib/plugins/gradle-language-native-5.6.4.jar
7b9c03df3000-7b9c03dfa000 r--s 00035000 00:28 72139                      /home/mattmanns73/.gradle/wrapper/dists/gradle-5.6.4-all/ankdp27end7byghfw1q2sw75f/gradle-5.6.4/lib/plugins/simple-4.1.21.jar
7b9c03dfa000-7b9c03e07000 r--s 00125000 00:28 72137                      /home/mattmanns73/.gradle/wrapper/dists/gradle-5.6.4-all/ankdp27end7byghfw1q2sw75f/gradle-5.6.4/lib/plugins/rhino-1.7.10.jar
7b9c03e07000-7b9c03e0b000 r--s 00012000 00:28 72081                      /home/mattmanns73/.gradle/wrapper/dists/gradle-5.6.4-all/ankdp27end7byghfw1q2sw75f/gradle-5.6.4/lib/plugins/gradle-javascript-5.6.4.jar
7b9c03e0b000-7b9c03e0f000 r--s 00011000 00:28 72083                      /home/mattmanns73/.gradle/wrapper/dists/gradle-5.6.4-all/ankdp27end7byghfw1q2sw75f/gradle-5.6.4/lib/plugins/gradle-jacoco-5.6.4.jar
7b9c03e0f000-7b9c03e11000 r--s 00002000 00:28 72075                      /home/mattmanns73/.gradle/wrapper/dists/gradle-5.6.4-all/ankdp27end7byghfw1q2sw75f/gradle-5.6.4/lib/plugins/gradle-ide-play-5.6.4.jar
7b9c03e11000-7b9c03e13000 r--s 00011000 00:28 72144                      /home/mattmanns73/.gradle/wrapper/dists/gradle-5.6.4-all/ankdp27end7byghfw1q2sw75f/gradle-5.6.4/lib/plugins/dd-plist-1.21.jar
7b9c03e13000-7b9c03e1a000 r--s 00034000 00:28 72069                      /home/mattmanns73/.gradle/wrapper/dists/gradle-5.6.4-all/ankdp27end7byghfw1q2sw75f/gradle-5.6.4/lib/plugins/gradle-ide-native-5.6.4.jar
7b9c03e1a000-7b9c03e24000 r--s 00063000 00:28 72076                      /home/mattmanns73/.gradle/wrapper/dists/gradle-5.6.4-all/ankdp27end7byghfw1q2sw75f/gradle-5.6.4/lib/plugins/gradle-ide-5.6.4.jar
7b9c03e24000-7b9c03e26000 r--s 00008000 00:28 72079                      /home/mattmanns73/.gradle/wrapper/dists/gradle-5.6.4-all/ankdp27end7byghfw1q2sw75f/gradle-5.6.4/lib/plugins/gradle-ear-5.6.4.jar
7b9c03e26000-7b9c03e2b000 r--s 0002a000 00:28 72065                      /home/mattmanns73/.gradle/wrapper/dists/gradle-5.6.4-all/ankdp27end7byghfw1q2sw75f/gradle-5.6.4/lib/plugins/gradle-code-quality-5.6.4.jar
7b9c03e2b000-7b9c03e2d000 r--s 0000b000 00:28 72141                      /home/mattmanns73/.gradle/wrapper/dists/gradle-5.6.4-all/ankdp27end7byghfw1q2sw75f/gradle-5.6.4/lib/plugins/maven-plugin-api-3.0.4.jar
7b9c03e2d000-7b9c03e33000 r--s 0003f000 00:28 72129                      /home/mattmanns73/.gradle/wrapper/dists/gradle-5.6.4-all/ankdp27end7byghfw1q2sw75f/gradle-5.6.4/lib/plugins/maven-compat-3.0.4.jar
7b9c03e33000-7b9c03e3c000 r--s 0003b000 00:28 72084                      /home/mattmanns73/.gradle/wrapper/dists/gradle-5.6.4-all/ankdp27end7byghfw1q2sw75f/gradle-5.6.4/lib/plugins/gradle-build-init-5.6.4.jar
7b9c03e3c000-7b9c03e42000 r--s 0002e000 00:28 72078                      /home/mattmanns73/.gradle/wrapper/dists/gradle-5.6.4-all/ankdp27end7byghfw1q2sw75f/gradle-5.6.4/lib/plugins/gradle-build-comparison-5.6.4.jar
7b9c03e42000-7b9c03e44000 r--s 00002000 00:28 72108                      /home/mattmanns73/.gradle/wrapper/dists/gradle-5.6.4-all/ankdp27end7byghfw1q2sw75f/gradle-5.6.4/lib/plugins/gradle-build-cache-http-5.6.4.jar
7b9c03e44000-7b9c03e46000 r--s 00009000 00:28 72064                      /home/mattmanns73/.gradle/wrapper/dists/gradle-5.6.4-all/ankdp27end7byghfw1q2sw75f/gradle-5.6.4/lib/plugins/gradle-antlr-5.6.4.jar
7b9c03e46000-7b9c03e48000 r--s 00005000 00:28 72063                      /home/mattmanns73/.gradle/wrapper/dists/gradle-5.6.4-all/ankdp27end7byghfw1q2sw75f/gradle-5.6.4/lib/plugins/gradle-announce-5.6.4.jar
7b9c03e48000-7b9c03e4b000 r--s 00017000 00:28 72085                      /home/mattmanns73/.gradle/wrapper/dists/gradle-5.6.4-all/ankdp27end7byghfw1q2sw75f/gradle-5.6.4/lib/plugins/gradle-kotlin-dsl-tooling-builders-5.6.4.jar
7b9c03e4b000-7b9c03e4f000 r--s 00014000 00:28 72082                      /home/mattmanns73/.gradle/wrapper/dists/gradle-5.6.4-all/ankdp27end7byghfw1q2sw75f/gradle-5.6.4/lib/plugins/gradle-ivy-5.6.4.jar
7b9c03e4f000-7b9c03e51000 r--s 00009000 00:28 72098                      /home/mattmanns73/.gradle/wrapper/dists/gradle-5.6.4-all/ankdp27end7byghfw1q2sw75f/gradle-5.6.4/lib/plugins/gradle-publish-5.6.4.jar
7b9c03e51000-7b9c03e54000 r--s 0000c000 00:28 72132                      /home/mattmanns73/.gradle/wrapper/dists/gradle-5.6.4-all/ankdp27end7byghfw1q2sw75f/gradle-5.6.4/lib/plugins/pmaven-groovy-0.8-20100325.jar
7b9c03e54000-7b9c03e55000 r--s 00004000 00:28 72131                      /home/mattmanns73/.gradle/wrapper/dists/gradle-5.6.4-all/ankdp27end7byghfw1q2sw75f/gradle-5.6.4/lib/plugins/pmaven-common-0.8-20100325.jar
7b9c03e55000-7b9c03e58000 r--s 0000a000 00:28 72176                      /home/mattmanns73/.gradle/wrapper/dists/gradle-5.6.4-all/ankdp27end7byghfw1q2sw75f/gradle-5.6.4/lib/plugins/plexus-classworlds-2.5.1.jar
7b9c03e58000-7b9c03e5c000 r--s 00021000 00:28 72181                      /home/mattmanns73/.gradle/wrapper/dists/gradle-5.6.4-all/ankdp27end7byghfw1q2sw75f/gradle-5.6.4/lib/plugins/xbean-reflect-3.7.jar
7b9c03e5c000-7b9c03e63000 r--s 00032000 00:28 72134                      /home/mattmanns73/.gradle/wrapper/dists/gradle-5.6.4-all/ankdp27end7byghfw1q2sw75f/gradle-5.6.4/lib/plugins/plexus-container-default-1.7.1.jar
7b9c03e63000-7b9c03e64000 r--s 00008000 00:28 72115                      /home/mattmanns73/.gradle/wrapper/dists/gradle-5.6.4-all/ankdp27end7byghfw1q2sw75f/gradle-5.6.4/lib/plugins/wagon-http-shared-3.0.0.jar
7b9c03e64000-7b9c03e65000 r--s 00002000 00:28 72114                      /home/mattmanns73/.gradle/wrapper/dists/gradle-5.6.4-all/ankdp27end7byghfw1q2sw75f/gradle-5.6.4/lib/plugins/wagon-http-3.0.0.jar
7b9c03e65000-7b9c03e67000 r--s 0000c000 00:28 72179                      /home/mattmanns73/.gradle/wrapper/dists/gradle-5.6.4-all/ankdp27end7byghfw1q2sw75f/gradle-5.6.4/lib/plugins/wagon-provider-api-3.0.0.jar
7b9c03e67000-7b9c03e68000 r--s 00002000 00:28 72133                      /home/mattmanns73/.gradle/wrapper/dists/gradle-5.6.4-all/ankdp27end7byghfw1q2sw75f/gradle-5.6.4/lib/plugins/wagon-file-3.0.0.jar
7b9c03e68000-7b9c03e6a000 r--s 00006000 00:28 72135                      /home/mattmanns73/.gradle/wrapper/dists/gradle-5.6.4-all/ankdp27end7byghfw1q2sw75f/gradle-5.6.4/lib/plugins/aether-connector-wagon-1.13.1.jar
7b9c03e6a000-7b9c03e71000 r--s 00031000 00:28 72074                      /home/mattmanns73/.gradle/wrapper/dists/gradle-5.6.4-all/ankdp27end7byghfw1q2sw75f/gradle-5.6.4/lib/plugins/gradle-maven-5.6.4.jar
7b9c03e71000-7b9c03e73000 r--s 0000c000 00:28 72073                      /home/mattmanns73/.gradle/wrapper/dists/gradle-5.6.4-all/ankdp27end7byghfw1q2sw75f/gradle-5.6.4/lib/plugins/gradle-plugin-development-5.6.4.jar
7b9c03e73000-7b9c03e79000 r--s 0003d000 00:28 72143                      /home/mattmanns73/.gradle/wrapper/dists/gradle-5.6.4-all/ankdp27end7byghfw1q2sw75f/gradle-5.6.4/lib/plugins/snakeyaml-1.17.jar
7b9c03e79000-7b9c03e7b000 r--s 0000f000 00:28 72166                      /home/mattmanns73/.gradle/wrapper/dists/gradle-5.6.4-all/ankdp27end7byghfw1q2sw75f/gradle-5.6.4/lib/plugins/jcommander-1.72.jar
7b9c03e7b000-7b9c03e84000 r--s 00089000 00:28 72142                      /home/mattmanns73/.gradle/wrapper/dists/gradle-5.6.4-all/ankdp27end7byghfw1q2sw75f/gradle-5.6.4/lib/plugins/testng-6.3.1.jar
7b9c03e84000-7b9c03e86000 r--s 00009000 00:28 72164                      /home/mattmanns73/.gradle/wrapper/dists/gradle-5.6.4-all/ankdp27end7byghfw1q2sw75f/gradle-5.6.4/lib/plugins/hamcrest-core-1.3.jar
7b9c03e86000-7b9c03e8e000 r--s 00045000 00:28 72145                      /home/mattmanns73/.gradle/wrapper/dists/gradle-5.6.4-all/ankdp27end7byghfw1q2sw75f/gradle-5.6.4/lib/plugins/junit-4.12.jar
7b9c03e8e000-7b9c03e93000 r--s 0005a000 00:28 72146                      /home/mattmanns73/.gradle/wrapper/dists/gradle-5.6.4-all/ankdp27end7byghfw1q2sw75f/gradle-5.6.4/lib/plugins/bsh-2.0b6.jar
7b9c03e93000-7b9c03e97000 r--s 0001c000 00:28 72092                      /home/mattmanns73/.gradle/wrapper/dists/gradle-5.6.4-all/ankdp27end7byghfw1q2sw75f/gradle-5.6.4/lib/plugins/gradle-testing-jvm-5.6.4.jar
7b9c03e97000-7b9c03e9f000 r--s 00034000 00:28 72099                      /home/mattmanns73/.gradle/wrapper/dists/gradle-5.6.4-all/ankdp27end7byghfw1q2sw75f/gradle-5.6.4/lib/plugins/gradle-testing-base-5.6.4.jar
7b9c03e9f000-7b9c03ea2000 r--s 0000e000 00:28 72088                      /home/mattmanns73/.gradle/wrapper/dists/gradle-5.6.4-all/ankdp27end7byghfw1q2sw75f/gradle-5.6.4/lib/plugins/gradle-language-groovy-5.6.4.jar
7b9c03ea2000-7b9c03eab000 r--s 00045000 00:28 72093                      /home/mattmanns73/.gradle/wrapper/dists/gradle-5.6.4-all/ankdp27end7byghfw1q2sw75f/gradle-5.6.4/lib/plugins/gradle-language-java-5.6.4.jar
7b9c03eab000-7b9c03ead000 r--s 00005000 00:28 72094                      /home/mattmanns73/.gradle/wrapper/dists/gradle-5.6.4-all/ankdp27end7byghfw1q2sw75f/gradle-5.6.4/lib/plugins/gradle-language-jvm-5.6.4.jar
7b9c03ead000-7b9c03eb3000 r--s 0003e000 00:28 72097                      /home/mattmanns73/.gradle/wrapper/dists/gradle-5.6.4-all/ankdp27end7byghfw1q2sw75f/gradle-5.6.4/lib/plugins/gradle-diagnostics-5.6.4.jar
7b9c03eb3000-7b9c03eb7000 r--s 0001b000 00:28 72095                      /home/mattmanns73/.gradle/wrapper/dists/gradle-5.6.4-all/ankdp27end7byghfw1q2sw75f/gradle-5.6.4/lib/plugins/gradle-platform-jvm-5.6.4.jar
7b9c03eb7000-7b9c03ebe000 r--s 0002a000 00:28 72100                      /home/mattmanns73/.gradle/wrapper/dists/gradle-5.6.4-all/ankdp27end7byghfw1q2sw75f/gradle-5.6.4/lib/plugins/gradle-platform-base-5.6.4.jar
7b9c03ebe000-7b9c03ec0000 r--s 00006000 00:28 72140                      /home/mattmanns73/.gradle/wrapper/dists/gradle-5.6.4-all/ankdp27end7byghfw1q2sw75f/gradle-5.6.4/lib/plugins/jatl-0.2.3.jar
7b9c03ec0000-7b9c03ec2000 r--s 00010000 00:28 72105                      /home/mattmanns73/.gradle/wrapper/dists/gradle-5.6.4-all/ankdp27end7byghfw1q2sw75f/gradle-5.6.4/lib/plugins/gradle-reporting-5.6.4.jar
7b9c03ec2000-7b9c03eca000 r--s 00047000 00:28 72086                      /home/mattmanns73/.gradle/wrapper/dists/gradle-5.6.4-all/ankdp27end7byghfw1q2sw75f/gradle-5.6.4/lib/plugins/gradle-plugins-5.6.4.jar
7b9c03eca000-7b9c03ecf000 r--s 0002c000 00:28 72072                      /home/mattmanns73/.gradle/wrapper/dists/gradle-5.6.4-all/ankdp27end7byghfw1q2sw75f/gradle-5.6.4/lib/plugins/gradle-kotlin-dsl-provider-plugins-5.6.4.jar
7b9c03ecf000-7b9c03ed0000 r--s 00000000 00:28 71974                      /home/mattmanns73/.gradle/wrapper/dists/gradle-5.6.4-all/ankdp27end7byghfw1q2sw75f/gradle-5.6.4/lib/gradle-runtime-api-info-5.6.4.jar
7b9c03ed0000-7b9c03ed3000 r--s 0000d000 00:28 72104                      /home/mattmanns73/.gradle/wrapper/dists/gradle-5.6.4-all/ankdp27end7byghfw1q2sw75f/gradle-5.6.4/lib/plugins/gradle-composite-builds-5.6.4.jar
7b9c03ed3000-7b9c03ed5000 r--s 0000d000 00:28 72101                      /home/mattmanns73/.gradle/wrapper/dists/gradle-5.6.4-all/ankdp27end7byghfw1q2sw75f/gradle-5.6.4/lib/plugins/gradle-plugin-use-5.6.4.jar
7b9c03ed5000-7b9c03eee000 r--s 0013a000 00:28 72150                      /home/mattmanns73/.gradle/wrapper/dists/gradle-5.6.4-all/ankdp27end7byghfw1q2sw75f/gradle-5.6.4/lib/plugins/xercesImpl-2.12.0.jar
7b9c03eee000-7b9c03ef0000 r--s 0001d000 00:28 72149                      /home/mattmanns73/.gradle/wrapper/dists/gradle-5.6.4-all/ankdp27end7byghfw1q2sw75f/gradle-5.6.4/lib/plugins/nekohtml-1.9.22.jar
7b9c03ef0000-7b9c03ef6000 r--s 0005b000 00:28 72148                      /home/mattmanns73/.gradle/wrapper/dists/gradle-5.6.4-all/ankdp27end7byghfw1q2sw75f/gradle-5.6.4/lib/plugins/jcifs-1.3.17.jar
7b9c03ef6000-7b9c03ef9000 r--s 0000e000 00:28 72109                      /home/mattmanns73/.gradle/wrapper/dists/gradle-5.6.4-all/ankdp27end7byghfw1q2sw75f/gradle-5.6.4/lib/plugins/gradle-resources-http-5.6.4.jar
7b9c03ef9000-7b9c03efe000 r--s 00040000 00:28 72151                      /home/mattmanns73/.gradle/wrapper/dists/gradle-5.6.4-all/ankdp27end7byghfw1q2sw75f/gradle-5.6.4/lib/plugins/jsch-0.1.54.jar
7b9c03efe000-7b9c03f00000 r--s 00010000 00:28 72167                      /home/mattmanns73/.gradle/wrapper/dists/gradle-5.6.4-all/ankdp27end7byghfw1q2sw75f/gradle-5.6.4/lib/plugins/jzlib-1.1.3.jar
7b9c03f00000-7b9c03f25000 r--s 00265000 00:28 72113                      /home/mattmanns73/.gradle/wrapper/dists/gradle-5.6.4-all/ankdp27end7byghfw1q2sw75f/gradle-5.6.4/lib/plugins/org.eclipse.jgit-5.0.3.201809091024-r.jar
7b9c03f25000-7b9c03f28000 r--s 0000c000 00:28 72102                      /home/mattmanns73/.gradle/wrapper/dists/gradle-5.6.4-all/ankdp27end7byghfw1q2sw75f/gradle-5.6.4/lib/plugins/gradle-version-control-5.6.4.jar
7b9c03f28000-7b9c03f2a000 r--s 00006000 00:28 72171                      /home/mattmanns73/.gradle/wrapper/dists/gradle-5.6.4-all/ankdp27end7byghfw1q2sw75f/gradle-5.6.4/lib/plugins/maven-repository-metadata-3.0.4.jar
7b9c03f2a000-7b9c03f2c000 r--s 0000c000 00:28 72159                      /home/mattmanns73/.gradle/wrapper/dists/gradle-5.6.4-all/ankdp27end7byghfw1q2sw75f/gradle-5.6.4/lib/plugins/maven-aether-provider-3.0.4.jar
7b9c03f2c000-7b9c03f2f000 r--s 0001d000 00:28 72160                      /home/mattmanns73/.gradle/wrapper/dists/gradle-5.6.4-all/ankdp27end7byghfw1q2sw75f/gradle-5.6.4/lib/plugins/aether-impl-1.13.1.jar
7b9c03f2f000-7b9c03f33000 r--s 0001c000 00:28 72161                      /home/mattmanns73/.gradle/wrapper/dists/gradle-5.6.4-all/ankdp27end7byghfw1q2sw75f/gradle-5.6.4/lib/plugins/aether-util-1.13.1.jar
7b9c03f33000-7b9c03f36000 r--s 00013000 00:28 72163                      /home/mattmanns73/.gradle/wrapper/dists/gradle-5.6.4-all/ankdp27end7byghfw1q2sw75f/gradle-5.6.4/lib/plugins/aether-api-1.13.1.jar
7b9c03f36000-7b9c03f38000 r--s 0000b000 00:28 72168                      /home/mattmanns73/.gradle/wrapper/dists/gradle-5.6.4-all/ankdp27end7byghfw1q2sw75f/gradle-5.6.4/lib/plugins/maven-artifact-3.0.4.jar
7b9c03f38000-7b9c03f3a000 r--s 00000000 00:28 72177                      /home/mattmanns73/.gradle/wrapper/dists/gradle-5.6.4-all/ankdp27end7byghfw1q2sw75f/gradle-5.6.4/lib/plugins/plexus-component-annotations-1.5.5.jar
7b9c03f3a000-7b9c03f3c000 r--s 0000d000 00:28 72178                      /home/mattmanns73/.gradle/wrapper/dists/gradle-5.6.4-all/ankdp27end7byghfw1q2sw75f/gradle-5.6.4/lib/plugins/plexus-interpolation-1.14.jar
7b9c03f3c000-7b9c03f40000 r--s 00021000 00:28 72169                      /home/mattmanns73/.gradle/wrapper/dists/gradle-5.6.4-all/ankdp27end7byghfw1q2sw75f/gradle-5.6.4/lib/plugins/maven-model-builder-3.0.4.jar
7b9c03f40000-7b9c03f42000 r--s 00026000 00:28 72170                      /home/mattmanns73/.gradle/wrapper/dists/gradle-5.6.4-all/ankdp27end7byghfw1q2sw75f/gradle-5.6.4/lib/plugins/maven-model-3.0.4.jar
7b9c03f42000-7b9c03f44000 r--s 0000a000 00:28 72173                      /home/mattmanns73/.gradle/wrapper/dists/gradle-5.6.4-all/ankdp27end7byghfw1q2sw75f/gradle-5.6.4/lib/plugins/maven-settings-3.0.4.jar
7b9c03f44000-7b9c03f46000 r--s 00002000 00:28 72175                      /home/mattmanns73/.gradle/wrapper/dists/gradle-5.6.4-all/ankdp27end7byghfw1q2sw75f/gradle-5.6.4/lib/plugins/plexus-cipher-1.7.jar
7b9c03f46000-7b9c03f4a000 r--s 0003c000 00:28 72180                      /home/mattmanns73/.gradle/wrapper/dists/gradle-5.6.4-all/ankdp27end7byghfw1q2sw75f/gradle-5.6.4/lib/plugins/plexus-utils-3.1.0.jar
7b9c03f4a000-7b9c03f56000 r--s 0007d000 00:28 72130                      /home/mattmanns73/.gradle/wrapper/dists/gradle-5.6.4-all/ankdp27end7byghfw1q2sw75f/gradle-5.6.4/lib/plugins/maven-core-3.0.4.jar
7b9c03f56000-7b9c03f6b000 r--s 00116000 00:28 72128                      /home/mattmanns73/.gradle/wrapper/dists/gradle-5.6.4-all/ankdp27end7byghfw1q2sw75f/gradle-5.6.4/lib/plugins/ivy-2.3.0.jar
7b9c03f6b000-7b9c03fca000 r--s 003f7000 00:28 72158                      /home/mattmanns73/.gradle/wrapper/dists/gradle-5.6.4-all/ankdp27end7byghfw1q2sw75f/gradle-5.6.4/lib/plugins/bcprov-jdk15on-1.61.jar
7b9c03fca000-7b9c04000000 r--s 001d8000 00:28 72103                      /home/mattmanns73/.gradle/wrapper/dists/gradle-5.6.4-all/ankdp27end7byghfw1q2sw75f/gradle-5.6.4/lib/plugins/gradle-dependency-management-5.6.4.jar
7b9c04000000-7b9c04021000 rw-p 00000000 00:00 0 
7b9c04021000-7b9c08000000 ---p 00000000 00:00 0 
7b9c08000000-7b9c08021000 rw-p 00000000 00:00 0 
7b9c08021000-7b9c0c000000 ---p 00000000 00:00 0 
7b9c0c000000-7b9c0d9d8000 rw-p 00000000 00:00 0 
7b9c0d9d8000-7b9c10000000 ---p 00000000 00:00 0 
7b9c10000000-7b9c1050f000 rw-p 00000000 00:00 0 
7b9c1050f000-7b9c14000000 ---p 00000000 00:00 0 
7b9c14000000-7b9c14021000 rw-p 00000000 00:00 0 
7b9c14021000-7b9c18000000 ---p 00000000 00:00 0 
7b9c18000000-7b9c19d3d000 rw-p 00000000 00:00 0 
7b9c19d3d000-7b9c1c000000 ---p 00000000 00:00 0 
7b9c1c000000-7b9c1c021000 rw-p 00000000 00:00 0 
7b9c1c021000-7b9c20000000 ---p 00000000 00:00 0 
7b9c20000000-7b9c20021000 rw-p 00000000 00:00 0 
7b9c20021000-7b9c24000000 ---p 00000000 00:00 0 
7b9c24000000-7b9c24021000 rw-p 00000000 00:00 0 
7b9c24021000-7b9c28000000 ---p 00000000 00:00 0 
7b9c28000000-7b9c282c3000 rw-p 00000000 00:00 0 
7b9c282c3000-7b9c2c000000 ---p 00000000 00:00 0 
7b9c2c000000-7b9c2c021000 rw-p 00000000 00:00 0 
7b9c2c021000-7b9c30000000 ---p 00000000 00:00 0 
7b9c30000000-7b9c30001000 r--s 00000000 00:28 71978                      /home/mattmanns73/.gradle/wrapper/dists/gradle-5.6.4-all/ankdp27end7byghfw1q2sw75f/gradle-5.6.4/lib/gradle-installation-beacon-5.6.4.jar
7b9c30001000-7b9c30004000 r--s 00008000 00:28 72172                      /home/mattmanns73/.gradle/wrapper/dists/gradle-5.6.4-all/ankdp27end7byghfw1q2sw75f/gradle-5.6.4/lib/plugins/maven-settings-builder-3.0.4.jar
7b9c30004000-7b9c30009000 r--s 00036000 00:28 72138                      /home/mattmanns73/.gradle/wrapper/dists/gradle-5.6.4-all/ankdp27end7byghfw1q2sw75f/gradle-5.6.4/lib/plugins/gson-2.8.5.jar
7b9c30009000-7b9c30010000 r--s 0004b000 00:28 72125                      /home/mattmanns73/.gradle/wrapper/dists/gradle-5.6.4-all/ankdp27end7byghfw1q2sw75f/gradle-5.6.4/lib/plugins/commons-codec-1.11.jar
7b9c30010000-7b9c30017000 r--s 00049000 00:28 72165                      /home/mattmanns73/.gradle/wrapper/dists/gradle-5.6.4-all/ankdp27end7byghfw1q2sw75f/gradle-5.6.4/lib/plugins/httpcore-4.4.10.jar
7b9c30017000-7b9c30024000 r--s 000af000 00:28 72124                      /home/mattmanns73/.gradle/wrapper/dists/gradle-5.6.4-all/ankdp27end7byghfw1q2sw75f/gradle-5.6.4/lib/plugins/httpclient-4.5.6.jar
7b9c30024000-7b9c30027000 r--p 00000000 00:28 1690                       /lib/x86_64-linux-gnu/libgcc_s.so.1
7b9c30027000-7b9c30038000 r-xp 00003000 00:28 1690                       /lib/x86_64-linux-gnu/libgcc_s.so.1
7b9c30038000-7b9c3003b000 r--p 00014000 00:28 1690                       /lib/x86_64-linux-gnu/libgcc_s.so.1
7b9c3003b000-7b9c3003c000 ---p 00017000 00:28 1690                       /lib/x86_64-linux-gnu/libgcc_s.so.1
7b9c3003c000-7b9c3003d000 r--p 00017000 00:28 1690                       /lib/x86_64-linux-gnu/libgcc_s.so.1
7b9c3003d000-7b9c3003e000 rw-p 00018000 00:28 1690                       /lib/x86_64-linux-gnu/libgcc_s.so.1
7b9c3003e000-7b9c300c7000 r--p 00000000 00:28 4962                       /usr/lib/x86_64-linux-gnu/libstdc++.so.6.0.25
7b9c300c7000-7b9c30173000 r-xp 00089000 00:28 4962                       /usr/lib/x86_64-linux-gnu/libstdc++.so.6.0.25
7b9c30173000-7b9c301b1000 r--p 00135000 00:28 4962                       /usr/lib/x86_64-linux-gnu/libstdc++.so.6.0.25
7b9c301b1000-7b9c301b2000 ---p 00173000 00:28 4962                       /usr/lib/x86_64-linux-gnu/libstdc++.so.6.0.25
7b9c301b2000-7b9c301bc000 r--p 00173000 00:28 4962                       /usr/lib/x86_64-linux-gnu/libstdc++.so.6.0.25
7b9c301bc000-7b9c301be000 rw-p 0017d000 00:28 4962                       /usr/lib/x86_64-linux-gnu/libstdc++.so.6.0.25
7b9c301be000-7b9c301c2000 rw-p 00000000 00:00 0 
7b9c301c2000-7b9c301c3000 r--s 00003000 00:28 72162                      /home/mattmanns73/.gradle/wrapper/dists/gradle-5.6.4-all/ankdp27end7byghfw1q2sw75f/gradle-5.6.4/lib/plugins/aether-spi-1.13.1.jar
7b9c301c3000-7b9c301c4000 r--s 00006000 00:28 72174                      /home/mattmanns73/.gradle/wrapper/dists/gradle-5.6.4-all/ankdp27end7byghfw1q2sw75f/gradle-5.6.4/lib/plugins/plexus-sec-dispatcher-1.3.jar
7b9c301c4000-7b9c301c5000 r--s 00013000 00:28 72126                      /home/mattmanns73/.gradle/wrapper/dists/gradle-5.6.4-all/ankdp27end7byghfw1q2sw75f/gradle-5.6.4/lib/plugins/asm-util-7.1.jar
7b9c301c5000-7b9c301ca000 r--s 0001d000 00:28 72112                      /home/mattmanns73/.gradle/wrapper/dists/gradle-5.6.4-all/ankdp27end7byghfw1q2sw75f/gradle-5.6.4/lib/plugins/gradle-workers-5.6.4.jar
7b9c301ca000-7b9c301d0000 r-xp 00000000 00:28 92364                      /home/mattmanns73/.gradle/native/30/linux-amd64/libnative-platform.so
7b9c301d0000-7b9c303cf000 ---p 00006000 00:28 92364                      /home/mattmanns73/.gradle/native/30/linux-amd64/libnative-platform.so
7b9c303cf000-7b9c303d0000 rw-p 00005000 00:28 92364                      /home/mattmanns73/.gradle/native/30/linux-amd64/libnative-platform.so
7b9c303d0000-7b9c303e0000 r-xp 00000000 00:28 40811                      /opt/android-studio/jre/jre/lib/amd64/libnio.so
7b9c303e0000-7b9c303e1000 ---p 00010000 00:28 40811                      /opt/android-studio/jre/jre/lib/amd64/libnio.so
7b9c303e1000-7b9c303e2000 r--p 00010000 00:28 40811                      /opt/android-studio/jre/jre/lib/amd64/libnio.so
7b9c303e2000-7b9c303e3000 rw-p 00011000 00:28 40811                      /opt/android-studio/jre/jre/lib/amd64/libnio.so
7b9c303e3000-7b9c333e4000 rw-p 00000000 00:00 0 
7b9c333e4000-7b9c333fb000 r-xp 00000000 00:28 40810                      /opt/android-studio/jre/jre/lib/amd64/libnet.so
7b9c333fb000-7b9c333fc000 r--p 00016000 00:28 40810                      /opt/android-studio/jre/jre/lib/amd64/libnet.so
7b9c333fc000-7b9c333fd000 rw-p 00017000 00:28 40810                      /opt/android-studio/jre/jre/lib/amd64/libnet.so
7b9c333fd000-7b9c33408000 r--s 00081000 00:28 72034                      /home/mattmanns73/.gradle/wrapper/dists/gradle-5.6.4-all/ankdp27end7byghfw1q2sw75f/gradle-5.6.4/lib/trove4j-1.0.20181211.jar
7b9c33408000-7b9c3340a000 r--s 00009000 00:28 72042                      /home/mattmanns73/.gradle/wrapper/dists/gradle-5.6.4-all/ankdp27end7byghfw1q2sw75f/gradle-5.6.4/lib/kotlin-script-runtime-1.3.41.jar
7b9c3340a000-7b9c33631000 r--s 0204c000 00:28 72004                      /home/mattmanns73/.gradle/wrapper/dists/gradle-5.6.4-all/ankdp27end7byghfw1q2sw75f/gradle-5.6.4/lib/kotlin-compiler-embeddable-1.3.41-patched-for-gradle-5.6.4.jar
7b9c33631000-7b9c33632000 r--s 00001000 00:28 72003                      /home/mattmanns73/.gradle/wrapper/dists/gradle-5.6.4-all/ankdp27end7byghfw1q2sw75f/gradle-5.6.4/lib/gradle-kotlin-dsl-tooling-models-5.6.4.jar
7b9c33632000-7b9c33634000 r--s 00006000 00:28 71977                      /home/mattmanns73/.gradle/wrapper/dists/gradle-5.6.4-all/ankdp27end7byghfw1q2sw75f/gradle-5.6.4/lib/gradle-wrapper-5.6.4.jar
7b9c33634000-7b9c33643000 r--s 0004d000 00:28 71976                      /home/mattmanns73/.gradle/wrapper/dists/gradle-5.6.4-all/ankdp27end7byghfw1q2sw75f/gradle-5.6.4/lib/gradle-tooling-api-5.6.4.jar
7b9c33643000-7b9c33653000 r--s 0026b000 00:28 72026                      /home/mattmanns73/.gradle/wrapper/dists/gradle-5.6.4-all/ankdp27end7byghfw1q2sw75f/gradle-5.6.4/lib/kotlinx-metadata-jvm-0.1.0.jar
7b9c33653000-7b9c33654000 r--s 00002000 00:28 72025                      /home/mattmanns73/.gradle/wrapper/dists/gradle-5.6.4-all/ankdp27end7byghfw1q2sw75f/gradle-5.6.4/lib/kotlin-sam-with-receiver-compiler-plugin-1.3.41.jar
7b9c33654000-7b9c3365b000 r--s 00047000 00:28 72024                      /home/mattmanns73/.gradle/wrapper/dists/gradle-5.6.4-all/ankdp27end7byghfw1q2sw75f/gradle-5.6.4/lib/kotlin-scripting-compiler-impl-embeddable-1.3.41.jar
7b9c3365b000-7b9c3365c000 r--s 00009000 00:28 72023                      /home/mattmanns73/.gradle/wrapper/dists/gradle-5.6.4-all/ankdp27end7byghfw1q2sw75f/gradle-5.6.4/lib/kotlin-scripting-compiler-embeddable-1.3.41.jar
7b9c3365c000-7b9c33677000 r--s 0015f000 00:28 71975                      /home/mattmanns73/.gradle/wrapper/dists/gradle-5.6.4-all/ankdp27end7byghfw1q2sw75f/gradle-5.6.4/lib/gradle-kotlin-dsl-5.6.4.jar
7b9c33677000-7b9c33679000 r--s 00005000 00:28 71990                      /home/mattmanns73/.gradle/wrapper/dists/gradle-5.6.4-all/ankdp27end7byghfw1q2sw75f/gradle-5.6.4/lib/gradle-worker-processes-5.6.4.jar
7b9c33679000-7b9c3367f000 r--s 00028000 00:28 71984                      /home/mattmanns73/.gradle/wrapper/dists/gradle-5.6.4-all/ankdp27end7byghfw1q2sw75f/gradle-5.6.4/lib/gradle-execution-5.6.4.jar
7b9c3367f000-7b9c33681000 r--s 00007000 00:28 71983                      /home/mattmanns73/.gradle/wrapper/dists/gradle-5.6.4-all/ankdp27end7byghfw1q2sw75f/gradle-5.6.4/lib/gradle-model-groovy-5.6.4.jar
7b9c33681000-7b9c33683000 r--s 00000000 00:28 71992                      /home/mattmanns73/.gradle/wrapper/dists/gradle-5.6.4-all/ankdp27end7byghfw1q2sw75f/gradle-5.6.4/lib/gradle-jvm-services-5.6.4.jar
7b9c33683000-7b9c33685000 r--s 00006000 00:28 71986                      /home/mattmanns73/.gradle/wrapper/dists/gradle-5.6.4-all/ankdp27end7byghfw1q2sw75f/gradle-5.6.4/lib/gradle-build-cache-packaging-5.6.4.jar
7b9c33685000-7b9c33689000 r--s 0000e000 00:28 71987                      /home/mattmanns73/.gradle/wrapper/dists/gradle-5.6.4-all/ankdp27end7byghfw1q2sw75f/gradle-5.6.4/lib/gradle-build-cache-5.6.4.jar
7b9c33689000-7b9c3368a000 r--s 00005000 00:28 72007                      /home/mattmanns73/.gradle/wrapper/dists/gradle-5.6.4-all/ankdp27end7byghfw1q2sw75f/gradle-5.6.4/lib/gradle-docs-5.6.4.jar
7b9c3368a000-7b9c336c2000 r--s 00273000 00:28 72036                      /home/mattmanns73/.gradle/wrapper/dists/gradle-5.6.4-all/ankdp27end7byghfw1q2sw75f/gradle-5.6.4/lib/kotlin-reflect-1.3.41.jar
7b9c336c2000-7b9c336c3000 r--s 00000000 00:28 72037                      /home/mattmanns73/.gradle/wrapper/dists/gradle-5.6.4-all/ankdp27end7byghfw1q2sw75f/gradle-5.6.4/lib/kotlin-stdlib-jdk7-1.3.41.jar
7b9c336c3000-7b9c336c5000 r--s 00002000 00:28 72021                      /home/mattmanns73/.gradle/wrapper/dists/gradle-5.6.4-all/ankdp27end7byghfw1q2sw75f/gradle-5.6.4/lib/kotlin-stdlib-jdk8-1.3.41.jar
7b9c336c5000-7b9c336ce000 r--s 000b3000 00:28 71980                      /home/mattmanns73/.gradle/wrapper/dists/gradle-5.6.4-all/ankdp27end7byghfw1q2sw75f/gradle-5.6.4/lib/gradle-instant-execution-5.6.4.jar
7b9c336ce000-7b9c336d7000 r--s 0002d000 00:28 72035                      /home/mattmanns73/.gradle/wrapper/dists/gradle-5.6.4-all/ankdp27end7byghfw1q2sw75f/gradle-5.6.4/lib/xml-apis-1.4.01.jar
7b9c336d7000-7b9c336e2000 r--s 00086000 00:28 72027                      /home/mattmanns73/.gradle/wrapper/dists/gradle-5.6.4-all/ankdp27end7byghfw1q2sw75f/gradle-5.6.4/lib/commons-compress-1.18.jar
7b9c336e2000-7b9c336e4000 r--s 00007000 00:28 72017                      /home/mattmanns73/.gradle/wrapper/dists/gradle-5.6.4-all/ankdp27end7byghfw1q2sw75f/gradle-5.6.4/lib/asm-analysis-7.1.jar
7b9c336e4000-7b9c336e6000 r--s 0000b000 00:28 72018                      /home/mattmanns73/.gradle/wrapper/dists/gradle-5.6.4-all/ankdp27end7byghfw1q2sw75f/gradle-5.6.4/lib/asm-tree-7.1.jar
7b9c336e6000-7b9c336e8000 r--s 00010000 00:28 72016                      /home/mattmanns73/.gradle/wrapper/dists/gradle-5.6.4-all/ankdp27end7byghfw1q2sw75f/gradle-5.6.4/lib/asm-commons-7.1.jar
7b9c336e8000-7b9c336ec000 r--s 00010000 00:28 72001                      /home/mattmanns73/.gradle/wrapper/dists/gradle-5.6.4-all/ankdp27end7byghfw1q2sw75f/gradle-5.6.4/lib/gradle-snapshots-5.6.4.jar
7b9c336ec000-7b9c336f3000 r--s 00021000 00:28 72044                      /home/mattmanns73/.gradle/wrapper/dists/gradle-5.6.4-all/ankdp27end7byghfw1q2sw75f/gradle-5.6.4/lib/kotlin-stdlib-common-1.3.41.jar
7b9c336f3000-7b9c336f5000 r--s 00003000 00:28 72039                      /home/mattmanns73/.gradle/wrapper/dists/gradle-5.6.4-all/ankdp27end7byghfw1q2sw75f/gradle-5.6.4/lib/annotations-13.0.jar
7b9c336f5000-7b9c33709000 r--s 00128000 00:28 72038                      /home/mattmanns73/.gradle/wrapper/dists/gradle-5.6.4-all/ankdp27end7byghfw1q2sw75f/gradle-5.6.4/lib/kotlin-stdlib-1.3.41.jar
7b9c33709000-7b9c33720000 r--s 000d6000 00:28 71985                      /home/mattmanns73/.gradle/wrapper/dists/gradle-5.6.4-all/ankdp27end7byghfw1q2sw75f/gradle-5.6.4/lib/gradle-model-core-5.6.4.jar
7b9c33720000-7b9c33725000 r--s 00015000 00:28 71994                      /home/mattmanns73/.gradle/wrapper/dists/gradle-5.6.4-all/ankdp27end7byghfw1q2sw75f/gradle-5.6.4/lib/gradle-resources-5.6.4.jar
7b9c33725000-7b9c3372c000 r--s 00036000 00:28 71989                      /home/mattmanns73/.gradle/wrapper/dists/gradle-5.6.4-all/ankdp27end7byghfw1q2sw75f/gradle-5.6.4/lib/gradle-persistent-cache-5.6.4.jar
7b9c3372c000-7b9c3372e000 r--s 00006000 00:28 71997                      /home/mattmanns73/.gradle/wrapper/dists/gradle-5.6.4-all/ankdp27end7byghfw1q2sw75f/gradle-5.6.4/lib/gradle-base-services-groovy-5.6.4.jar
7b9c3372e000-7b9c3372f000 r--s 00000000 00:28 72022                      /home/mattmanns73/.gradle/wrapper/dists/gradle-5.6.4-all/ankdp27end7byghfw1q2sw75f/gradle-5.6.4/lib/javax.inject-1.jar
7b9c3372f000-7b9c33734000 r--s 0001f000 00:28 71982                      /home/mattmanns73/.gradle/wrapper/dists/gradle-5.6.4-all/ankdp27end7byghfw1q2sw75f/gradle-5.6.4/lib/gradle-file-collections-5.6.4.jar
7b9c33734000-7b9c33736000 r--s 00006000 00:28 71993                      /home/mattmanns73/.gradle/wrapper/dists/gradle-5.6.4-all/ankdp27end7byghfw1q2sw75f/gradle-5.6.4/lib/gradle-process-services-5.6.4.jar
7b9c33736000-7b9c33738000 r--s 00004000 00:28 72010                      /home/mattmanns73/.gradle/wrapper/dists/gradle-5.6.4-all/ankdp27end7byghfw1q2sw75f/gradle-5.6.4/lib/log4j-over-slf4j-1.7.25.jar
7b9c33738000-7b9c3373a000 r--s 00000000 00:28 72009                      /home/mattmanns73/.gradle/wrapper/dists/gradle-5.6.4-all/ankdp27end7byghfw1q2sw75f/gradle-5.6.4/lib/jul-to-slf4j-1.7.25.jar
7b9c3373a000-7b9c3373c000 r--s 00003000 00:28 72011                      /home/mattmanns73/.gradle/wrapper/dists/gradle-5.6.4-all/ankdp27end7byghfw1q2sw75f/gradle-5.6.4/lib/jcl-over-slf4j-1.7.25.jar
7b9c3373c000-7b9c33744000 r--s 00038000 00:28 71991                      /home/mattmanns73/.gradle/wrapper/dists/gradle-5.6.4-all/ankdp27end7byghfw1q2sw75f/gradle-5.6.4/lib/gradle-logging-5.6.4.jar
7b9c33744000-7b9c33746000 r--s 00004000 00:28 72002                      /home/mattmanns73/.gradle/wrapper/dists/gradle-5.6.4-all/ankdp27end7byghfw1q2sw75f/gradle-5.6.4/lib/gradle-files-5.6.4.jar
7b9c33746000-7b9c33747000 r--s 00004000 00:28 72045                      /home/mattmanns73/.gradle/wrapper/dists/gradle-5.6.4-all/ankdp27end7byghfw1q2sw75f/gradle-5.6.4/lib/native-platform-freebsd-amd64-libcpp-0.18.jar
7b9c33747000-7b9c33748000 r--s 00004000 00:28 72046                      /home/mattmanns73/.gradle/wrapper/dists/gradle-5.6.4-all/ankdp27end7byghfw1q2sw75f/gradle-5.6.4/lib/native-platform-freebsd-amd64-libstdcpp-0.18.jar
7b9c33748000-7b9c33749000 r--s 00004000 00:28 72047                      /home/mattmanns73/.gradle/wrapper/dists/gradle-5.6.4-all/ankdp27end7byghfw1q2sw75f/gradle-5.6.4/lib/native-platform-freebsd-i386-libcpp-0.18.jar
7b9c33749000-7b9c3374a000 r--s 00004000 00:28 72048                      /home/mattmanns73/.gradle/wrapper/dists/gradle-5.6.4-all/ankdp27end7byghfw1q2sw75f/gradle-5.6.4/lib/native-platform-freebsd-i386-libstdcpp-0.18.jar
7b9c3374a000-7b9c3374b000 r--s 00002000 00:28 72049                      /home/mattmanns73/.gradle/wrapper/dists/gradle-5.6.4-all/ankdp27end7byghfw1q2sw75f/gradle-5.6.4/lib/native-platform-linux-aarch64-0.18.jar
7b9c3374b000-7b9c3374c000 r--s 00002000 00:28 72050                      /home/mattmanns73/.gradle/wrapper/dists/gradle-5.6.4-all/ankdp27end7byghfw1q2sw75f/gradle-5.6.4/lib/native-platform-linux-amd64-0.18.jar
7b9c3374c000-7b9c3374d000 r--s 00002000 00:28 72051                      /home/mattmanns73/.gradle/wrapper/dists/gradle-5.6.4-all/ankdp27end7byghfw1q2sw75f/gradle-5.6.4/lib/native-platform-linux-i386-0.18.jar
7b9c3374d000-7b9c3374e000 r--s 00003000 00:28 72052                      /home/mattmanns73/.gradle/wrapper/dists/gradle-5.6.4-all/ankdp27end7byghfw1q2sw75f/gradle-5.6.4/lib/native-platform-osx-amd64-0.18.jar
7b9c3374e000-7b9c3374f000 r--s 00011000 00:28 72053                      /home/mattmanns73/.gradle/wrapper/dists/gradle-5.6.4-all/ankdp27end7byghfw1q2sw75f/gradle-5.6.4/lib/native-platform-windows-amd64-0.18.jar
7b9c3374f000-7b9c33751000 r--s 00010000 00:28 72054                      /home/mattmanns73/.gradle/wrapper/dists/gradle-5.6.4-all/ankdp27end7byghfw1q2sw75f/gradle-5.6.4/lib/native-platform-windows-amd64-min-0.18.jar
7b9c33751000-7b9c33752000 r--s 0000f000 00:28 72055                      /home/mattmanns73/.gradle/wrapper/dists/gradle-5.6.4-all/ankdp27end7byghfw1q2sw75f/gradle-5.6.4/lib/native-platform-windows-i386-0.18.jar
7b9c33752000-7b9c33753000 r--s 0000f000 00:28 72056                      /home/mattmanns73/.gradle/wrapper/dists/gradle-5.6.4-all/ankdp27end7byghfw1q2sw75f/gradle-5.6.4/lib/native-platform-windows-i386-min-0.18.jar
7b9c33753000-7b9c33754000 r--s 00001000 00:28 72057                      /home/mattmanns73/.gradle/wrapper/dists/gradle-5.6.4-all/ankdp27end7byghfw1q2sw75f/gradle-5.6.4/lib/native-platform-linux-aarch64-ncurses5-0.18.jar
7b9c33754000-7b9c33756000 r--s 00001000 00:28 72058                      /home/mattmanns73/.gradle/wrapper/dists/gradle-5.6.4-all/ankdp27end7byghfw1q2sw75f/gradle-5.6.4/lib/native-platform-linux-amd64-ncurses5-0.18.jar
7b9c33756000-7b9c33757000 r--s 00001000 00:28 72059                      /home/mattmanns73/.gradle/wrapper/dists/gradle-5.6.4-all/ankdp27end7byghfw1q2sw75f/gradle-5.6.4/lib/native-platform-linux-amd64-ncurses6-0.18.jar
7b9c33757000-7b9c33758000 r--s 00001000 00:28 72060                      /home/mattmanns73/.gradle/wrapper/dists/gradle-5.6.4-all/ankdp27end7byghfw1q2sw75f/gradle-5.6.4/lib/native-platform-linux-i386-ncurses5-0.18.jar
7b9c33758000-7b9c33759000 r--s 00001000 00:28 72061                      /home/mattmanns73/.gradle/wrapper/dists/gradle-5.6.4-all/ankdp27end7byghfw1q2sw75f/gradle-5.6.4/lib/native-platform-linux-i386-ncurses6-0.18.jar
7b9c33759000-7b9c3375e000 r--s 0001a000 00:28 72032                      /home/mattmanns73/.gradle/wrapper/dists/gradle-5.6.4-all/ankdp27end7byghfw1q2sw75f/gradle-5.6.4/lib/native-platform-0.18.jar
7b9c3375e000-7b9c33762000 r--s 00042000 00:28 72029                      /home/mattmanns73/.gradle/wrapper/dists/gradle-5.6.4-all/ankdp27end7byghfw1q2sw75f/gradle-5.6.4/lib/jansi-1.17.1.jar
7b9c33762000-7b9c33765000 r--s 0000c000 00:28 71996                      /home/mattmanns73/.gradle/wrapper/dists/gradle-5.6.4-all/ankdp27end7byghfw1q2sw75f/gradle-5.6.4/lib/gradle-native-5.6.4.jar
7b9c33765000-7b9c33766000 r--s 00003000 00:28 71999                      /home/mattmanns73/.gradle/wrapper/dists/gradle-5.6.4-all/ankdp27end7byghfw1q2sw75f/gradle-5.6.4/lib/gradle-build-option-5.6.4.jar
7b9c33766000-7b9c33768000 r--s 0000c000 00:28 72033                      /home/mattmanns73/.gradle/wrapper/dists/gradle-5.6.4-all/ankdp27end7byghfw1q2sw75f/gradle-5.6.4/lib/objenesis-2.6.jar
7b9c33768000-7b9c33798000 r--s 0024c000 00:28 72013                      /home/mattmanns73/.gradle/wrapper/dists/gradle-5.6.4-all/ankdp27end7byghfw1q2sw75f/gradle-5.6.4/lib/guava-27.1-android.jar
7b9c33798000-7b9c33816000 r--s 00759000 00:28 72008                      /home/mattmanns73/.gradle/wrapper/dists/gradle-5.6.4-all/ankdp27end7byghfw1q2sw75f/gradle-5.6.4/lib/groovy-all-1.3-2.5.4.jar
7b9c33816000-7b9c33817000 ---p 00000000 00:00 0 
7b9c33817000-7b9c33917000 rw-p 00000000 00:00 0 
7b9c33917000-7b9c3391a000 ---p 00000000 00:00 0 
7b9c3391a000-7b9c33a18000 rw-p 00000000 00:00 0 
7b9c33a18000-7b9c33a19000 ---p 00000000 00:00 0 
7b9c33a19000-7b9c33a1c000 ---p 00000000 00:00 0 
7b9c33a1c000-7b9c33b19000 rw-p 00000000 00:00 0 
7b9c33b19000-7b9c33b1a000 ---p 00000000 00:00 0 
7b9c33b1a000-7b9c33b1d000 ---p 00000000 00:00 0 
7b9c33b1d000-7b9c33c1a000 rw-p 00000000 00:00 0 
7b9c33c1a000-7b9c33c1b000 ---p 00000000 00:00 0 
7b9c33c1b000-7b9c33c1e000 ---p 00000000 00:00 0 
7b9c33c1e000-7b9c33d1b000 rw-p 00000000 00:00 0 
7b9c33d1b000-7b9c34000000 r--p 00000000 00:28 2777                       /usr/lib/locale/locale-archive
7b9c34000000-7b9c34024000 rw-p 00000000 00:00 0 
7b9c34024000-7b9c38000000 ---p 00000000 00:00 0 
7b9c38000000-7b9c38002000 r--s 00000000 00:28 72041                      /home/mattmanns73/.gradle/wrapper/dists/gradle-5.6.4-all/ankdp27end7byghfw1q2sw75f/gradle-5.6.4/lib/minlog-1.2.jar
7b9c38002000-7b9c38008000 r--s 0004d000 00:28 72031                      /home/mattmanns73/.gradle/wrapper/dists/gradle-5.6.4-all/ankdp27end7byghfw1q2sw75f/gradle-5.6.4/lib/kryo-2.24.0.jar
7b9c38008000-7b9c3800b000 r--s 0001c000 00:28 72028                      /home/mattmanns73/.gradle/wrapper/dists/gradle-5.6.4-all/ankdp27end7byghfw1q2sw75f/gradle-5.6.4/lib/fastutil-8.2.1-min.jar
7b9c3800b000-7b9c38012000 r--s 0002f000 00:28 71995                      /home/mattmanns73/.gradle/wrapper/dists/gradle-5.6.4-all/ankdp27end7byghfw1q2sw75f/gradle-5.6.4/lib/gradle-messaging-5.6.4.jar
7b9c38012000-7b9c38014000 r--s 00005000 00:28 72000                      /home/mattmanns73/.gradle/wrapper/dists/gradle-5.6.4-all/ankdp27end7byghfw1q2sw75f/gradle-5.6.4/lib/gradle-cli-5.6.4.jar
7b9c38014000-7b9c38016000 r--s 00003000 00:28 72005                      /home/mattmanns73/.gradle/wrapper/dists/gradle-5.6.4-all/ankdp27end7byghfw1q2sw75f/gradle-5.6.4/lib/gradle-hashing-5.6.4.jar
7b9c38016000-7b9c38035000 r--s 001db000 00:28 72020                      /home/mattmanns73/.gradle/wrapper/dists/gradle-5.6.4-all/ankdp27end7byghfw1q2sw75f/gradle-5.6.4/lib/ant-1.9.14.jar
7b9c38035000-7b9c38073000 r--s 0020d000 00:28 71981                      /home/mattmanns73/.gradle/wrapper/dists/gradle-5.6.4-all/ankdp27end7byghfw1q2sw75f/gradle-5.6.4/lib/gradle-core-5.6.4.jar
7b9c38073000-7b9c38081000 r--s 00043000 00:28 71988                      /home/mattmanns73/.gradle/wrapper/dists/gradle-5.6.4-all/ankdp27end7byghfw1q2sw75f/gradle-5.6.4/lib/gradle-core-api-5.6.4.jar
7b9c38081000-7b9c3808e000 r--s 00064000 00:28 71998                      /home/mattmanns73/.gradle/wrapper/dists/gradle-5.6.4-all/ankdp27end7byghfw1q2sw75f/gradle-5.6.4/lib/gradle-base-services-5.6.4.jar
7b9c3808e000-7b9c38091000 ---p 00000000 00:00 0 
7b9c38091000-7b9c3818f000 rw-p 00000000 00:00 0 
7b9c3818f000-7b9c38192000 ---p 00000000 00:00 0 
7b9c38192000-7b9c38290000 rw-p 00000000 00:00 0 
7b9c38290000-7b9c38293000 ---p 00000000 00:00 0 
7b9c38293000-7b9c38391000 rw-p 00000000 00:00 0 
7b9c38391000-7b9c38392000 ---p 00000000 00:00 0 
7b9c38392000-7b9c3c000000 rw-p 00000000 00:00 0 
7b9c3c000000-7b9c3c021000 rw-p 00000000 00:00 0 
7b9c3c021000-7b9c40000000 ---p 00000000 00:00 0 
7b9c40000000-7b9c40002000 r--s 00003000 00:28 72030                      /home/mattmanns73/.gradle/wrapper/dists/gradle-5.6.4-all/ankdp27end7byghfw1q2sw75f/gradle-5.6.4/lib/jsr305-3.0.2.jar
7b9c40002000-7b9c40004000 r--s 00000000 00:28 72043                      /home/mattmanns73/.gradle/wrapper/dists/gradle-5.6.4-all/ankdp27end7byghfw1q2sw75f/gradle-5.6.4/lib/failureaccess-1.0.1.jar
7b9c40004000-7b9c40009000 r--s 00041000 00:28 72015                      /home/mattmanns73/.gradle/wrapper/dists/gradle-5.6.4-all/ankdp27end7byghfw1q2sw75f/gradle-5.6.4/lib/commons-lang-2.6.jar
7b9c40009000-7b9c4032d000 rw-p 00000000 00:00 0 
7b9c4032d000-7b9c40500000 r--s 03cb1000 00:28 40902                      /opt/android-studio/jre/jre/lib/rt.jar
7b9c40500000-7b9c41000000 rw-p 00000000 00:00 0 
7b9c41000000-7b9c41490000 rwxp 00000000 00:00 0 
7b9c41490000-7b9c50000000 ---p 00000000 00:00 0 
7b9c50000000-7b9c51241000 rw-p 00000000 00:00 0 
7b9c51241000-7b9c54000000 ---p 00000000 00:00 0 
7b9c54000000-7b9c54004000 r--s 00031000 00:28 72014                      /home/mattmanns73/.gradle/wrapper/dists/gradle-5.6.4-all/ankdp27end7byghfw1q2sw75f/gradle-5.6.4/lib/commons-io-2.6.jar
7b9c54004000-7b9c54006000 r--s 0001b000 00:28 72019                      /home/mattmanns73/.gradle/wrapper/dists/gradle-5.6.4-all/ankdp27end7byghfw1q2sw75f/gradle-5.6.4/lib/asm-7.1.jar
7b9c54006000-7b9c54013000 r--s 0006c000 00:28 71973                      /home/mattmanns73/.gradle/wrapper/dists/gradle-5.6.4-all/ankdp27end7byghfw1q2sw75f/gradle-5.6.4/lib/gradle-launcher-5.6.4.jar
7b9c54013000-7b9c5429a000 rw-p 00000000 00:00 0 
7b9c5429a000-7b9c5429b000 ---p 00000000 00:00 0 
7b9c5429b000-7b9c5439b000 rw-p 00000000 00:00 0 
7b9c5439b000-7b9c5439c000 ---p 00000000 00:00 0 
7b9c5439c000-7b9c5449c000 rw-p 00000000 00:00 0 
7b9c5449c000-7b9c5449d000 ---p 00000000 00:00 0 
7b9c5449d000-7b9c5459d000 rw-p 00000000 00:00 0 
7b9c5459d000-7b9c5459e000 ---p 00000000 00:00 0 
7b9c5459e000-7b9c546ad000 rw-p 00000000 00:00 0 
7b9c546ad000-7b9c5489e000 ---p 00000000 00:00 0 
7b9c5489e000-7b9c548ad000 rw-p 00000000 00:00 0 
7b9c548ad000-7b9c54a9e000 ---p 00000000 00:00 0 
7b9c54a9e000-7b9c54aba000 rw-p 00000000 00:00 0 
7b9c54aba000-7b9c54b9e000 ---p 00000000 00:00 0 
7b9c54b9e000-7b9c54bb2000 rw-p 00000000 00:00 0 
7b9c54bb2000-7b9c54f5f000 ---p 00000000 00:00 0 
7b9c54f5f000-7b9c54f7a000 r-xp 00000000 00:28 40819                      /opt/android-studio/jre/jre/lib/amd64/libzip.so
7b9c54f7a000-7b9c54f7b000 r--p 0001a000 00:28 40819                      /opt/android-studio/jre/jre/lib/amd64/libzip.so
7b9c54f7b000-7b9c54f7c000 rw-p 0001b000 00:28 40819                      /opt/android-studio/jre/jre/lib/amd64/libzip.so
7b9c54f7c000-7b9c54f7f000 r--p 00000000 00:28 1724                       /lib/x86_64-linux-gnu/libnss_files-2.28.so
7b9c54f7f000-7b9c54f86000 r-xp 00003000 00:28 1724                       /lib/x86_64-linux-gnu/libnss_files-2.28.so
7b9c54f86000-7b9c54f88000 r--p 0000a000 00:28 1724                       /lib/x86_64-linux-gnu/libnss_files-2.28.so
7b9c54f88000-7b9c54f89000 ---p 0000c000 00:28 1724                       /lib/x86_64-linux-gnu/libnss_files-2.28.so
7b9c54f89000-7b9c54f8a000 r--p 0000c000 00:28 1724                       /lib/x86_64-linux-gnu/libnss_files-2.28.so
7b9c54f8a000-7b9c54f8b000 rw-p 0000d000 00:28 1724                       /lib/x86_64-linux-gnu/libnss_files-2.28.so
7b9c54f8b000-7b9c54f91000 rw-p 00000000 00:00 0 
7b9c54f91000-7b9c54f99000 rw-s 00000000 00:28 119669                     /tmp/hsperfdata_mattmanns73/5882
7b9c54f99000-7b9c54fc4000 r-xp 00000000 00:28 40798                      /opt/android-studio/jre/jre/lib/amd64/libjava.so
7b9c54fc4000-7b9c54fc5000 r--p 0002a000 00:28 40798                      /opt/android-studio/jre/jre/lib/amd64/libjava.so
7b9c54fc5000-7b9c54fc7000 rw-p 0002b000 00:28 40798                      /opt/android-studio/jre/jre/lib/amd64/libjava.so
7b9c54fc7000-7b9c54fd4000 r-xp 00000000 00:28 40818                      /opt/android-studio/jre/jre/lib/amd64/libverify.so
7b9c54fd4000-7b9c54fd6000 r--p 0000c000 00:28 40818                      /opt/android-studio/jre/jre/lib/amd64/libverify.so
7b9c54fd6000-7b9c54fd7000 rw-p 0000e000 00:28 40818                      /opt/android-studio/jre/jre/lib/amd64/libverify.so
7b9c54fd7000-7b9c54fd9000 r--p 00000000 00:28 1750                       /lib/x86_64-linux-gnu/librt-2.28.so
7b9c54fd9000-7b9c54fdd000 r-xp 00002000 00:28 1750                       /lib/x86_64-linux-gnu/librt-2.28.so
7b9c54fdd000-7b9c54fdf000 r--p 00006000 00:28 1750                       /lib/x86_64-linux-gnu/librt-2.28.so
7b9c54fdf000-7b9c54fe0000 r--p 00007000 00:28 1750                       /lib/x86_64-linux-gnu/librt-2.28.so
7b9c54fe0000-7b9c54fe1000 rw-p 00008000 00:28 1750                       /lib/x86_64-linux-gnu/librt-2.28.so
7b9c54fe1000-7b9c54fe2000 ---p 00000000 00:00 0 
7b9c54fe2000-7b9c54fe5000 ---p 00000000 00:00 0 
7b9c54fe5000-7b9c550e2000 rw-p 00000000 00:00 0 
7b9c550e2000-7b9c550ef000 r--p 00000000 00:28 1705                       /lib/x86_64-linux-gnu/libm-2.28.so
7b9c550ef000-7b9c5518e000 r-xp 0000d000 00:28 1705                       /lib/x86_64-linux-gnu/libm-2.28.so
7b9c5518e000-7b9c55263000 r--p 000ac000 00:28 1705                       /lib/x86_64-linux-gnu/libm-2.28.so
7b9c55263000-7b9c55264000 r--p 00180000 00:28 1705                       /lib/x86_64-linux-gnu/libm-2.28.so
7b9c55264000-7b9c55265000 rw-p 00181000 00:28 1705                       /lib/x86_64-linux-gnu/libm-2.28.so
7b9c55265000-7b9c55e8c000 r-xp 00000000 00:28 40823                      /opt/android-studio/jre/jre/lib/amd64/server/libjvm.so
7b9c55e8c000-7b9c55f34000 r--p 00c26000 00:28 40823                      /opt/android-studio/jre/jre/lib/amd64/server/libjvm.so
7b9c55f34000-7b9c55f5d000 rw-p 00cce000 00:28 40823                      /opt/android-studio/jre/jre/lib/amd64/server/libjvm.so
7b9c55f5d000-7b9c55fa3000 rw-p 00000000 00:00 0 
7b9c55fa3000-7b9c55fc5000 r--p 00000000 00:28 1661                       /lib/x86_64-linux-gnu/libc-2.28.so
7b9c55fc5000-7b9c5610d000 r-xp 00022000 00:28 1661                       /lib/x86_64-linux-gnu/libc-2.28.so
7b9c5610d000-7b9c56159000 r--p 0016a000 00:28 1661                       /lib/x86_64-linux-gnu/libc-2.28.so
7b9c56159000-7b9c5615a000 ---p 001b6000 00:28 1661                       /lib/x86_64-linux-gnu/libc-2.28.so
7b9c5615a000-7b9c5615e000 r--p 001b6000 00:28 1661                       /lib/x86_64-linux-gnu/libc-2.28.so
7b9c5615e000-7b9c56160000 rw-p 001ba000 00:28 1661                       /lib/x86_64-linux-gnu/libc-2.28.so
7b9c56160000-7b9c56164000 rw-p 00000000 00:00 0 
7b9c56164000-7b9c56165000 r--p 00000000 00:28 1676                       /lib/x86_64-linux-gnu/libdl-2.28.so
7b9c56165000-7b9c56166000 r-xp 00001000 00:28 1676                       /lib/x86_64-linux-gnu/libdl-2.28.so
7b9c56166000-7b9c56167000 r--p 00002000 00:28 1676                       /lib/x86_64-linux-gnu/libdl-2.28.so
7b9c56167000-7b9c56168000 r--p 00002000 00:28 1676                       /lib/x86_64-linux-gnu/libdl-2.28.so
7b9c56168000-7b9c56169000 rw-p 00003000 00:28 1676                       /lib/x86_64-linux-gnu/libdl-2.28.so
7b9c56169000-7b9c5617f000 r-xp 00000000 00:28 40920                      /opt/android-studio/jre/lib/amd64/jli/libjli.so
7b9c5617f000-7b9c56180000 r--p 00015000 00:28 40920                      /opt/android-studio/jre/lib/amd64/jli/libjli.so
7b9c56180000-7b9c56181000 rw-p 00016000 00:28 40920                      /opt/android-studio/jre/lib/amd64/jli/libjli.so
7b9c56181000-7b9c56187000 r--p 00000000 00:28 1744                       /lib/x86_64-linux-gnu/libpthread-2.28.so
7b9c56187000-7b9c56196000 r-xp 00006000 00:28 1744                       /lib/x86_64-linux-gnu/libpthread-2.28.so
7b9c56196000-7b9c5619c000 r--p 00015000 00:28 1744                       /lib/x86_64-linux-gnu/libpthread-2.28.so
7b9c5619c000-7b9c5619d000 r--p 0001a000 00:28 1744                       /lib/x86_64-linux-gnu/libpthread-2.28.so
7b9c5619d000-7b9c5619e000 rw-p 0001b000 00:28 1744                       /lib/x86_64-linux-gnu/libpthread-2.28.so
7b9c5619e000-7b9c561a4000 rw-p 00000000 00:00 0 
7b9c561a4000-7b9c561a5000 r--s 00000000 00:28 72006                      /home/mattmanns73/.gradle/wrapper/dists/gradle-5.6.4-all/ankdp27end7byghfw1q2sw75f/gradle-5.6.4/lib/gradle-pineapple-5.6.4.jar
7b9c561a5000-7b9c561a7000 r--s 00009000 00:28 72012                      /home/mattmanns73/.gradle/wrapper/dists/gradle-5.6.4-all/ankdp27end7byghfw1q2sw75f/gradle-5.6.4/lib/slf4j-api-1.7.25.jar
7b9c561a7000-7b9c561a8000 r--s 00004000 00:28 72040                      /home/mattmanns73/.gradle/wrapper/dists/gradle-5.6.4-all/ankdp27end7byghfw1q2sw75f/gradle-5.6.4/lib/ant-launcher-1.9.14.jar
7b9c561a8000-7b9c561aa000 r--s 00001000 00:28 71979                      /home/mattmanns73/.gradle/wrapper/dists/gradle-5.6.4-all/ankdp27end7byghfw1q2sw75f/gradle-5.6.4/lib/gradle-bootstrap-5.6.4.jar
7b9c561aa000-7b9c561ab000 rw-p 00000000 00:00 0 
7b9c561ab000-7b9c561ac000 ---p 00000000 00:00 0 
7b9c561ac000-7b9c561ad000 r--p 00000000 00:28 1643                       /lib/x86_64-linux-gnu/ld-2.28.so
7b9c561ad000-7b9c561cb000 r-xp 00001000 00:28 1643                       /lib/x86_64-linux-gnu/ld-2.28.so
7b9c561cb000-7b9c561d3000 r--p 0001f000 00:28 1643                       /lib/x86_64-linux-gnu/ld-2.28.so
7b9c561d3000-7b9c561d4000 r--p 00026000 00:28 1643                       /lib/x86_64-linux-gnu/ld-2.28.so
7b9c561d4000-7b9c561d5000 rw-p 00027000 00:28 1643                       /lib/x86_64-linux-gnu/ld-2.28.so
7b9c561d5000-7b9c561d6000 rw-p 00000000 00:00 0 
7ffd5c49f000-7ffd5c4c0000 rw-p 00000000 00:00 0                          [stack]
7ffd5c50f000-7ffd5c512000 r--p 00000000 00:00 0                          [vvar]
7ffd5c512000-7ffd5c514000 r-xp 00000000 00:00 0                          [vdso]
ffffffffff600000-ffffffffff601000 r-xp 00000000 00:00 0                  [vsyscall]

VM Arguments:
jvm_args: -Xmx1536m -Dfile.encoding=UTF-8 -Duser.country=US -Duser.language=en -Duser.variant 
java_command: org.gradle.launcher.daemon.bootstrap.GradleDaemon 5.6.4
java_class_path (initial): /home/mattmanns73/.gradle/wrapper/dists/gradle-5.6.4-all/ankdp27end7byghfw1q2sw75f/gradle-5.6.4/lib/gradle-launcher-5.6.4.jar
Launcher Type: SUN_STANDARD

Environment Variables:
PATH=/usr/local/sbin:/usr/local/bin:/usr/local/games:/usr/sbin:/usr/bin:/usr/games:/sbin:/bin
SHELL=/bin/bash
DISPLAY=:0

Signal Handlers:
SIGSEGV: [libjvm.so+0xa0bf30], sa_mask[0]=11111111011111111101111111111110, sa_flags=SA_RESTART|SA_SIGINFO
SIGBUS: [libjvm.so+0xa0bf30], sa_mask[0]=11111111011111111101111111111110, sa_flags=SA_RESTART|SA_SIGINFO
SIGFPE: [libjvm.so+0x86d4c0], sa_mask[0]=11111111011111111101111111111110, sa_flags=SA_RESTART|SA_SIGINFO
SIGPIPE: [libjvm.so+0x86d4c0], sa_mask[0]=11111111011111111101111111111110, sa_flags=SA_RESTART|SA_SIGINFO
SIGXFSZ: [libjvm.so+0x86d4c0], sa_mask[0]=11111111011111111101111111111110, sa_flags=SA_RESTART|SA_SIGINFO
SIGILL: [libjvm.so+0x86d4c0], sa_mask[0]=11111111011111111101111111111110, sa_flags=SA_RESTART|SA_SIGINFO
SIGUSR1: SIG_DFL, sa_mask[0]=00000000000000000000000000000000, sa_flags=none
SIGUSR2: [libjvm.so+0x86d390], sa_mask[0]=00100000000000000000000000000000, sa_flags=SA_RESTART|SA_SIGINFO
SIGHUP: [libjvm.so+0x86d580], sa_mask[0]=11111111011111111101111111111110, sa_flags=SA_RESTART|SA_SIGINFO
SIGINT: [libjvm.so+0x86d580], sa_mask[0]=11111111011111111101111111111110, sa_flags=SA_RESTART|SA_SIGINFO
SIGTERM: [libjvm.so+0x86d580], sa_mask[0]=11111111011111111101111111111110, sa_flags=SA_RESTART|SA_SIGINFO
SIGQUIT: [libjvm.so+0x86d580], sa_mask[0]=11111111011111111101111111111110, sa_flags=SA_RESTART|SA_SIGINFO


---------------  S Y S T E M  ---------------

OS:PRETTY_NAME="Debian GNU/Linux 10 (buster)"
NAME="Debian GNU/Linux"
VERSION_ID="10"
VERSION="10 (buster)"
VERSION_CODENAME=buster
ID=debian
HOME_URL="https://www.debian.org/"
SUPPORT_URL="https://www.debian.org/support"
BUG_REPORT_URL="https://bugs.debian.org/"

uname:Linux 4.19.87-07826-g55ab70aff690 #1 SMP PREEMPT Tue Feb 4 17:29:42 PST 2020 x86_64
libc:glibc 2.28 NPTL 2.28 
rlimit: STACK 8192k, CORE 0k, NPROC 11215, NOFILE 1048576, AS infinity
load average:1.41 0.79 0.78

/proc/meminfo:
MemTotal:        2875828 kB
MemFree:           70120 kB
MemAvailable:      19712 kB
Buffers:             268 kB
Cached:            50772 kB
SwapCached:            0 kB
Active:          2406920 kB
Inactive:          39924 kB
Active(anon):    2396040 kB
Inactive(anon):    18672 kB
Active(file):      10880 kB
Inactive(file):    21252 kB
Unevictable:           0 kB
Mlocked:               0 kB
SwapTotal:             0 kB
SwapFree:              0 kB
Dirty:              1240 kB
Writeback:             0 kB
AnonPages:       2395952 kB
Mapped:            24692 kB
Shmem:             18716 kB
Slab:             299396 kB
SReclaimable:      24476 kB
SUnreclaim:       274920 kB
KernelStack:        4624 kB
PageTables:         8192 kB
NFS_Unstable:          0 kB
Bounce:                0 kB
WritebackTmp:          0 kB
CommitLimit:     1437912 kB
Committed_AS:    3114492 kB
VmallocTotal:   34359738367 kB
VmallocUsed:           0 kB
VmallocChunk:          0 kB
Percpu:             1216 kB
AnonHugePages:         0 kB
ShmemHugePages:        0 kB
ShmemPmdMapped:        0 kB
HugePages_Total:       0
HugePages_Free:        0
HugePages_Rsvd:        0
HugePages_Surp:        0
Hugepagesize:       2048 kB
Hugetlb:               0 kB
DirectMap4k:      131072 kB
DirectMap2M:     3082240 kB
DirectMap1G:           0 kB

container (cgroup) information:
container_type: cgroupv1
cpu_cpuset_cpus: 0-3
cpu_memory_nodes: 0
active_processor_count: 4
cpu_quota: -1
cpu_period: 100000
cpu_shares: -1
memory_limit_in_bytes: -1
memory_and_swap_limit_in_bytes: -2
memory_soft_limit_in_bytes: -1
memory_usage_in_bytes: 2461687808
memory_max_usage_in_bytes: 2669686784


CPU:total 4 (initial active 4) (2 cores per cpu, 2 threads per core) family 6 model 142 stepping 9, cmov, cx8, fxsr, mmx, sse, sse2, sse3, ssse3, sse4.1, sse4.2, popcnt, avx, avx2, aes, clmul, erms, 3dnowpref, lzcnt, ht, tsc, tscinvbit, bmi1, bmi2, adx

/proc/cpuinfo:
processor	: 0
vendor_id	: GenuineIntel
cpu family	: 6
model		: 142
model name	: 06/8e
stepping	: 9
microcode	: 0x1
cpu MHz		: 1607.957
cache size	: 4096 KB
physical id	: 0
siblings	: 4
core id		: 0
cpu cores	: 1
apicid		: 0
initial apicid	: 0
fpu		: yes
fpu_exception	: yes
cpuid level	: 13
wp		: yes
flags		: fpu vme de pse tsc msr pae mce cx8 apic sep mtrr pge mca cmov pat pse36 clflush mmx fxsr sse sse2 ss ht syscall nx pdpe1gb rdtscp lm constant_tsc arch_perfmon rep_good nopl xtopology nonstop_tsc cpuid tsc_known_freq pni pclmulqdq ssse3 fma cx16 pcid sse4_1 sse4_2 x2apic movbe popcnt aes xsave avx f16c rdrand hypervisor lahf_lm abm 3dnowprefetch invpcid_single pti ssbd ibrs ibpb stibp fsgsbase tsc_adjust bmi1 avx2 smep bmi2 erms invpcid mpx rdseed adx smap clflushopt xsaveopt xsavec xgetbv1 arat md_clear arch_capabilities
bugs		: cpu_meltdown spectre_v1 spectre_v2 spec_store_bypass l1tf mds swapgs itlb_multihit
bogomips	: 3215.91
clflush size	: 64
cache_alignment	: 64
address sizes	: 39 bits physical, 48 bits virtual
power management:

processor	: 1
vendor_id	: GenuineIntel
cpu family	: 6
model		: 142
model name	: 06/8e
stepping	: 9
microcode	: 0x1
cpu MHz		: 1607.957
cache size	: 4096 KB
physical id	: 0
siblings	: 4
core id		: 0
cpu cores	: 1
apicid		: 0
initial apicid	: 0
fpu		: yes
fpu_exception	: yes
cpuid level	: 13
wp		: yes
flags		: fpu vme de pse tsc msr pae mce cx8 apic sep mtrr pge mca cmov pat pse36 clflush mmx fxsr sse sse2 ss ht syscall nx pdpe1gb rdtscp lm constant_tsc arch_perfmon rep_good nopl xtopology nonstop_tsc cpuid tsc_known_freq pni pclmulqdq ssse3 fma cx16 pcid sse4_1 sse4_2 x2apic movbe popcnt aes xsave avx f16c rdrand hypervisor lahf_lm abm 3dnowprefetch invpcid_single pti ssbd ibrs ibpb stibp fsgsbase tsc_adjust bmi1 avx2 smep bmi2 erms invpcid mpx rdseed adx smap clflushopt xsaveopt xsavec xgetbv1 arat md_clear arch_capabilities
bugs		: cpu_meltdown spectre_v1 spectre_v2 spec_store_bypass l1tf mds swapgs itlb_multihit
bogomips	: 3215.91
clflush size	: 64
cache_alignment	: 64
address sizes	: 39 bits physical, 48 bits virtual
power management:

processor	: 2
vendor_id	: GenuineIntel
cpu family	: 6
model		: 142
model name	: 06/8e
stepping	: 9
microcode	: 0x1
cpu MHz		: 1607.957
cache size	: 4096 KB
physical id	: 0
siblings	: 4
core id		: 0
cpu cores	: 1
apicid		: 0
initial apicid	: 0
fpu		: yes
fpu_exception	: yes
cpuid level	: 13
wp		: yes
flags		: fpu vme de pse tsc msr pae mce cx8 apic sep mtrr pge mca cmov pat pse36 clflush mmx fxsr sse sse2 ss ht syscall nx pdpe1gb rdtscp lm constant_tsc arch_perfmon rep_good nopl xtopology nonstop_tsc cpuid tsc_known_freq pni pclmulqdq ssse3 fma cx16 pcid sse4_1 sse4_2 x2apic movbe popcnt aes xsave avx f16c rdrand hypervisor lahf_lm abm 3dnowprefetch invpcid_single pti ssbd ibrs ibpb stibp fsgsbase tsc_adjust bmi1 avx2 smep bmi2 erms invpcid mpx rdseed adx smap clflushopt xsaveopt xsavec xgetbv1 arat md_clear arch_capabilities
bugs		: cpu_meltdown spectre_v1 spectre_v2 spec_store_bypass l1tf mds swapgs itlb_multihit
bogomips	: 3215.91
clflush size	: 64
cache_alignment	: 64
address sizes	: 39 bits physical, 48 bits virtual
power management:

processor	: 3
vendor_id	: GenuineIntel
cpu family	: 6
model		: 142
model name	: 06/8e
stepping	: 9
microcode	: 0x1
cpu MHz		: 1607.957
cache size	: 4096 KB
physical id	: 0
siblings	: 4
core id		: 0
cpu cores	: 1
apicid		: 0
initial apicid	: 0
fpu		: yes
fpu_exception	: yes
cpuid level	: 13
wp		: yes
flags		: fpu vme de pse tsc msr pae mce cx8 apic sep mtrr pge mca cmov pat pse36 clflush mmx fxsr sse sse2 ss ht syscall nx pdpe1gb rdtscp lm constant_tsc arch_perfmon rep_good nopl xtopology nonstop_tsc cpuid tsc_known_freq pni pclmulqdq ssse3 fma cx16 pcid sse4_1 sse4_2 x2apic movbe popcnt aes xsave avx f16c rdrand hypervisor lahf_lm abm 3dnowprefetch invpcid_single pti ssbd ibrs ibpb stibp fsgsbase tsc_adjust bmi1 avx2 smep bmi2 erms invpcid mpx rdseed adx smap clflushopt xsaveopt xsavec xgetbv1 arat md_clear arch_capabilities
bugs		: cpu_meltdown spectre_v1 spectre_v2 spec_store_bypass l1tf mds swapgs itlb_multihit
bogomips	: 3215.91
clflush size	: 64
cache_alignment	: 64
address sizes	: 39 bits physical, 48 bits virtual
power management:



Memory: 4k page, physical 2875828k(70120k free), swap 0k(0k free)

vm_info: OpenJDK 64-Bit Server VM (25.212-b4-5784211) for linux-amd64 JRE (1.8.0_212-release-1586-b4-5784211), built by "android-build" with gcc 4.8

time: Sat Mar 21 15:47:50 2020
timezone: GMT
elapsed time: 4 seconds (0d 0h 0m 4s)

